  **** Pb-res_21.rnc ****


  Total primaries run:       100000000

    Total weight of the primaries run:   100000000.    


  Detector n:            1   1         
     (Region           3  Volume:     1.00000000      cmc,
      distr. type  :           3    ,
      Z_max:          86 , N-Z_max:          49 , N-Z_min:          -4 )

     Tot. response (n/cmc/pr)   1.21980131       +/-   6.94865175E-03  %
     ( --> Nuclei/pr            1.21980131       +/-   6.94865175E-03  % )

  **** Isotope Yield as a function of Mass Number **** ****            (nuclei / cmc / pr)             ****


  A_min:           1  -  A_max:         221

  A:          210  4.0000000E-08 +/-   7.0352647E+01 %
  A:          209  4.9920000E-05 +/-   1.8170337E+00 %
  A:          208  8.4127800E-03 +/-   1.2091538E-01 %
  A:          207  2.4493973E-02 +/-   7.8143687E-02 %
  A:          206  2.9804600E-02 +/-   6.9130341E-02 %
  A:          205  3.8677490E-02 +/-   9.2116687E-02 %
  A:          204  2.3808210E-02 +/-   9.1865311E-02 %
  A:          203  3.7235820E-02 +/-   8.6403686E-02 %
  A:          202  4.0360377E-02 +/-   9.5182671E-02 %
  A:          201  3.1767470E-02 +/-   1.2207448E-01 %
  A:          200  1.7495860E-02 +/-   1.1579932E-01 %
  A:          199  8.4978000E-03 +/-   2.1299179E-01 %
  A:          198  2.6736767E-03 +/-   3.5377380E-01 %
  A:          197  8.3527000E-04 +/-   7.8420431E-01 %
  A:          196  1.7325000E-04 +/-   1.2323549E+00 %
  A:          195  1.0946000E-04 +/-   2.0410182E+00 %
  A:          194  2.1480000E-05 +/-   3.8812591E+00 %
  A:          193  7.5200001E-06 +/-   7.4207621E+00 %
  A:          192  7.1000000E-07 +/-   1.9542229E+01 %
  A:          191  2.8000000E-07 +/-   3.2535283E+01 %
  A:          190  1.1000000E-07 +/-   4.0645514E+01 %
  A:          189  7.0000000E-08 +/-   5.8338855E+01 %
  A:          188  2.0000000E-08 +/-   9.9000000E+01 %
  A:          187  2.0000000E-08 +/-   9.9000000E+01 %
  A:          186  4.0000000E-08 +/-   4.9236596E+01 %
  A:          182  4.0000000E-08 +/-   4.9236596E+01 %
  A:          179  2.0000000E-08 +/-   9.9000000E+01 %
  A:          160  1.0000000E-08 +/-   9.9000000E+01 %
  A:          157  6.0000000E-08 +/-   7.4233834E+01 %
  A:          153  6.0000000E-08 +/-   7.0352647E+01 %
  A:          152  3.0000000E-08 +/-   7.4233834E+01 %
  A:          151  2.0000000E-08 +/-   9.9000000E+01 %
  A:          150  6.0000000E-08 +/-   5.2007942E+01 %
  A:          148  7.0000000E-08 +/-   5.0782376E+01 %
  A:          147  1.3000000E-07 +/-   4.9689731E+01 %
  A:          146  8.0000000E-08 +/-   4.5919341E+01 %
  A:          145  1.1000000E-07 +/-   4.0645514E+01 %
  A:          144  2.8000000E-07 +/-   3.7673532E+01 %
  A:          143  3.7000000E-07 +/-   2.6795349E+01 %
  A:          142  3.3000000E-07 +/-   2.1124486E+01 %
  A:          141  6.6000000E-07 +/-   2.1559102E+01 %
  A:          140  5.4000000E-07 +/-   2.0289436E+01 %
  A:          139  5.4000000E-07 +/-   1.5664911E+01 %
  A:          138  4.4000000E-07 +/-   2.3141316E+01 %
  A:          137  1.0133333E-06 +/-   1.6182206E+01 %
  A:          136  6.9666667E-07 +/-   1.3585926E+01 %
  A:          135  1.3533333E-06 +/-   1.2703827E+01 %
  A:          134  1.3100000E-06 +/-   1.2545376E+01 %
  A:          133  2.0566667E-06 +/-   1.0136105E+01 %
  A:          132  1.9700000E-06 +/-   8.7313878E+00 %
  A:          131  3.0533334E-06 +/-   7.8136252E+00 %
  A:          130  3.8900000E-06 +/-   6.7461830E+00 %
  A:          129  5.8866667E-06 +/-   6.1894982E+00 %
  A:          128  4.3900000E-06 +/-   5.9690508E+00 %
  A:          127  7.5400001E-06 +/-   5.5745997E+00 %
  A:          126  6.7000000E-06 +/-   4.7973150E+00 %
  A:          125  9.4366667E-06 +/-   4.6879532E+00 %
  A:          124  8.6400001E-06 +/-   4.6399063E+00 %
  A:          123  1.1250000E-05 +/-   4.3571678E+00 %
  A:          122  1.2410000E-05 +/-   3.9009681E+00 %
  A:          121  2.0376667E-05 +/-   3.9508804E+00 %
  A:          120  1.9940000E-05 +/-   2.8349851E+00 %
  A:          119  2.5176667E-05 +/-   3.1250925E+00 %
  A:          118  3.7250000E-05 +/-   2.8234653E+00 %
  A:          117  4.9520000E-05 +/-   2.4942088E+00 %
  A:          116  2.9260000E-05 +/-   2.5610366E+00 %
  A:          115  9.3413333E-05 +/-   2.2026075E+00 %
  A:          114  4.7880000E-05 +/-   2.5276716E+00 %
  A:          113  8.8383333E-05 +/-   1.8682987E+00 %
  A:          112  8.1750000E-05 +/-   1.7800799E+00 %
  A:          111  1.1926667E-04 +/-   1.8645252E+00 %
  A:          110  6.1950000E-05 +/-   1.6805682E+00 %
  A:          109  1.4880333E-04 +/-   1.5693418E+00 %
  A:          108  9.2970000E-05 +/-   1.5216463E+00 %
  A:          107  1.5726000E-04 +/-   1.6125073E+00 %
  A:          106  1.4458000E-04 +/-   1.5770460E+00 %
  A:          105  1.8017333E-04 +/-   1.5264645E+00 %
  A:          104  9.8740000E-05 +/-   1.6224377E+00 %
  A:          103  2.1761000E-04 +/-   1.4898155E+00 %
  A:          102  1.4390000E-04 +/-   1.4103922E+00 %
  A:          101  1.5298667E-04 +/-   1.6236975E+00 %
  A:          100  8.7670001E-05 +/-   1.3820559E+00 %
  A:           99  2.2491333E-04 +/-   1.4706485E+00 %
  A:           98  1.1019000E-04 +/-   1.6292827E+00 %
  A:           97  1.5223667E-04 +/-   1.4607346E+00 %
  A:           96  7.3550000E-05 +/-   1.4283848E+00 %
  A:           95  1.5921667E-04 +/-   1.4501912E+00 %
  A:           94  8.6590000E-05 +/-   1.6071096E+00 %
  A:           93  1.8112333E-04 +/-   1.4814126E+00 %
  A:           92  1.0996333E-04 +/-   1.6667513E+00 %
  A:           91  1.2128333E-04 +/-   1.6141945E+00 %
  A:           90  1.2502000E-04 +/-   1.5411717E+00 %
  A:           89  9.3786667E-05 +/-   1.7617627E+00 %
  A:           88  7.1260000E-05 +/-   1.6239145E+00 %
  A:           87  7.2833334E-05 +/-   1.7920305E+00 %
  A:           86  4.0230000E-05 +/-   1.8592639E+00 %
  A:           85  5.9383333E-05 +/-   2.1588310E+00 %
  A:           84  4.0470000E-05 +/-   2.3419151E+00 %
  A:           83  5.6766667E-05 +/-   2.2196426E+00 %
  A:           82  3.2956667E-05 +/-   2.4690732E+00 %
  A:           81  2.8046667E-05 +/-   3.0933193E+00 %
  A:           80  1.9880000E-05 +/-   3.0343917E+00 %
  A:           79  3.3626667E-05 +/-   3.5524915E+00 %
  A:           78  1.9150000E-05 +/-   3.8375899E+00 %
  A:           77  1.8920000E-05 +/-   3.8979993E+00 %
  A:           76  9.2600001E-06 +/-   3.8819276E+00 %
  A:           75  1.2036667E-05 +/-   4.5735264E+00 %
  A:           74  8.6533334E-06 +/-   4.8236667E+00 %
  A:           73  9.7800001E-06 +/-   5.9721905E+00 %
  A:           72  7.7800000E-06 +/-   6.5197496E+00 %
  A:           71  4.8900000E-06 +/-   7.1782086E+00 %
  A:           70  2.8100000E-06 +/-   7.7818996E+00 %
  A:           69  4.6900000E-06 +/-   7.2840659E+00 %
  A:           68  2.5300000E-06 +/-   9.7702858E+00 %
  A:           67  1.9600000E-06 +/-   1.1623590E+01 %
  A:           66  2.4700000E-06 +/-   1.1090562E+01 %
  A:           65  1.4500000E-06 +/-   1.3164900E+01 %
  A:           64  9.6000000E-07 +/-   1.5093006E+01 %
  A:           63  1.2000000E-06 +/-   1.7647884E+01 %
  A:           62  6.6000000E-07 +/-   2.0792562E+01 %
  A:           61  8.9000000E-07 +/-   1.8888979E+01 %
  A:           60  8.9000000E-07 +/-   2.2122756E+01 %
  A:           59  4.8000000E-07 +/-   2.4143580E+01 %
  A:           58  3.7000000E-07 +/-   2.8399496E+01 %
  A:           57  1.6000000E-07 +/-   3.8435306E+01 %
  A:           56  2.0000000E-07 +/-   3.7605072E+01 %
  A:           55  2.1000000E-07 +/-   3.6633200E+01 %
  A:           54  6.0000000E-08 +/-   6.1864048E+01 %
  A:           53  9.0000000E-08 +/-   5.7148869E+01 %
  A:           52  1.0000000E-07 +/-   5.7735027E+01 %
  A:           51  2.0000000E-08 +/-   7.0352647E+01 %
  A:           50  4.0000000E-08 +/-   7.0352647E+01 %
  A:           48  2.0000000E-08 +/-   7.0352647E+01 %
  A:           45  3.0000000E-08 +/-   9.9000000E+01 %
  A:           23  2.0000000E-08 +/-   9.9000000E+01 %
  A:           14  6.0000000E-08 +/-   5.7148869E+01 %
  A:           13  2.0000000E-08 +/-   7.0352647E+01 %
  A:           12  1.0000000E-08 +/-   9.9000000E+01 %
  A:           11  2.0000000E-08 +/-   7.0352647E+01 %
  A:           10  4.0000000E-08 +/-   7.0352647E+01 %
  A:            9  3.0000000E-08 +/-   5.7148869E+01 %
  A:            7  6.0000000E-08 +/-   3.9780543E+01 %
  A:            6  1.8000000E-07 +/-   3.5647328E+01 %
  A:            4  5.1428667E-04 +/-   4.5617743E-01 %
  A:            3  1.9078300E-03 +/-   3.4803507E-01 %
  A:            2  3.5414600E-03 +/-   1.5841000E-01 %
  A:            1  9.4522066E-01 +/-   2.5429081E-03 %

  **** Isotope Yield as a function of Atomic Number **** ****            (nuclei / cmc / pr)               ****


  Z_min:           1  -  Z_max:          86

  Z:           84  9.0000000E-08 +/-   3.5647328E+01 %
  Z:           83  5.0536500E-02 +/-   4.5150446E-02 %
  Z:           82  1.2655672E-01 +/-   3.8809816E-02 %
  Z:           81  5.8740743E-02 +/-   4.6138410E-02 %
  Z:           80  2.8300917E-02 +/-   5.9855107E-02 %
  Z:           79  2.5314000E-04 +/-   6.7665158E-01 %
  Z:           78  3.6163334E-05 +/-   1.7250468E+00 %
  Z:           77  1.8600000E-06 +/-   6.6187045E+00 %
  Z:           76  1.1000000E-07 +/-   2.8587822E+01 %
  Z:           74  4.0000000E-08 +/-   4.9236596E+01 %
  Z:           73  1.0000000E-08 +/-   9.9000000E+01 %
  Z:           72  1.0000000E-08 +/-   9.9000000E+01 %
  Z:           64  3.0000000E-08 +/-   5.7148869E+01 %
  Z:           63  5.0000000E-08 +/-   4.3808583E+01 %
  Z:           62  1.5000000E-07 +/-   2.3924685E+01 %
  Z:           61  1.2000000E-07 +/-   2.7216553E+01 %
  Z:           60  5.0000000E-07 +/-   1.5175738E+01 %
  Z:           59  6.2000000E-07 +/-   1.2923575E+01 %
  Z:           58  1.0166667E-06 +/-   9.8567426E+00 %
  Z:           57  9.8000000E-07 +/-   8.9381740E+00 %
  Z:           56  2.8466667E-06 +/-   6.6164615E+00 %
  Z:           55  2.8100000E-06 +/-   5.7604008E+00 %
  Z:           54  1.0466667E-05 +/-   2.8877857E+00 %
  Z:           53  1.0930000E-05 +/-   2.7898220E+00 %
  Z:           52  2.2310000E-05 +/-   2.1333921E+00 %
  Z:           51  2.7430000E-05 +/-   2.0236109E+00 %
  Z:           50  1.0063667E-04 +/-   8.4499930E-01 %
  Z:           49  1.2277667E-04 +/-   9.1355107E-01 %
  Z:           48  1.7082667E-04 +/-   7.5153600E-01 %
  Z:           47  2.6296333E-04 +/-   6.6330690E-01 %
  Z:           46  3.0857667E-04 +/-   5.9703956E-01 %
  Z:           45  3.4573000E-04 +/-   6.8527149E-01 %
  Z:           44  3.8747333E-04 +/-   5.7676192E-01 %
  Z:           43  3.1805000E-04 +/-   7.2129924E-01 %
  Z:           42  3.6124000E-04 +/-   6.8058255E-01 %
  Z:           41  3.4016667E-04 +/-   6.3709493E-01 %
  Z:           40  3.4285667E-04 +/-   5.4169599E-01 %
  Z:           39  2.7028000E-04 +/-   6.1650422E-01 %
  Z:           38  2.0951000E-04 +/-   6.7090074E-01 %
  Z:           37  1.3627000E-04 +/-   7.8887196E-01 %
  Z:           36  1.5195333E-04 +/-   8.4340940E-01 %
  Z:           35  8.0566667E-05 +/-   1.0237376E+00 %
  Z:           34  7.7210000E-05 +/-   1.1561350E+00 %
  Z:           33  4.0186667E-05 +/-   1.5348201E+00 %
  Z:           32  3.4076667E-05 +/-   1.7602885E+00 %
  Z:           31  1.9473333E-05 +/-   2.1303633E+00 %
  Z:           30  1.2793333E-05 +/-   2.6557758E+00 %
  Z:           29  6.6900000E-06 +/-   3.9215176E+00 %
  Z:           28  4.1066667E-06 +/-   4.7914409E+00 %
  Z:           27  2.5400000E-06 +/-   6.3413251E+00 %
  Z:           26  1.4900000E-06 +/-   7.1699502E+00 %
  Z:           25  8.5000000E-07 +/-   8.9073068E+00 %
  Z:           24  4.2000000E-07 +/-   1.4026835E+01 %
  Z:           23  1.8000000E-07 +/-   2.5440379E+01 %
  Z:           22  1.0000000E-07 +/-   3.0151134E+01 %
  Z:           21  5.0000000E-08 +/-   4.3808583E+01 %
  Z:           20  2.0000000E-08 +/-   7.0352647E+01 %
  Z:           19  1.0000000E-08 +/-   9.9000000E+01 %
  Z:           11  1.0000000E-08 +/-   9.9000000E+01 %
  Z:           10  1.0000000E-08 +/-   9.9000000E+01 %
  Z:            7  3.0000000E-08 +/-   5.7148869E+01 %
  Z:            6  6.0000000E-08 +/-   3.9780543E+01 %
  Z:            5  4.0000000E-08 +/-   4.9236596E+01 %
  Z:            4  5.0000000E-08 +/-   4.3808583E+01 %
  Z:            3  1.5000000E-07 +/-   2.5732806E+01 %
  Z:            2  1.4884467E-03 +/-   2.7019770E-01 %
  Z:            1  9.4969588E-01 +/-   2.4447843E-03 %

  **** Residual nuclei distribution  **** ****    (nuclei / cmc / pr)        ****



  A \ Z   76         77         78         79         80         81         82         83         84         85         86
 210   0.00E+00   0.00E+00   0.00E+00   0.00E+00   0.00E+00   0.00E+00   0.00E+00   2.00E-08   2.00E-08   0.00E+00   0.00E+00
      +/- 0.0 %  +/- 0.0 %  +/- 0.0 %  +/- 0.0 %  +/- 0.0 %  +/- 0.0 %  +/- 0.0 %  +/-70.4 %  +/-70.4 %  +/- 0.0 %  +/- 0.0 %
 209   0.00E+00   0.00E+00   0.00E+00   0.00E+00   0.00E+00   0.00E+00   2.41E-05   2.58E-05   0.00E+00   0.00E+00   0.00E+00
      +/- 0.0 %  +/- 0.0 %  +/- 0.0 %  +/- 0.0 %  +/- 0.0 %  +/- 0.0 %  +/- 1.9 %  +/- 1.8 %  +/- 0.0 %  +/- 0.0 %  +/- 0.0 %
 208   0.00E+00   0.00E+00   0.00E+00   0.00E+00   0.00E+00   9.46E-06   7.96E-03   4.46E-04   2.00E-08   0.00E+00   0.00E+00
      +/- 0.0 %  +/- 0.0 %  +/- 0.0 %  +/- 0.0 %  +/- 0.0 %  +/- 3.5 %  +/- 0.1 %  +/- 0.5 %  +/-70.4 %  +/- 0.0 %  +/- 0.0 %
 207   0.00E+00   0.00E+00   0.00E+00   0.00E+00   0.00E+00   2.63E-04   2.13E-02   2.96E-03   1.00E-08   0.00E+00   0.00E+00
      +/- 0.0 %  +/- 0.0 %  +/- 0.0 %  +/- 0.0 %  +/- 0.0 %  +/- 0.6 %  +/- 0.1 %  +/- 0.2 %  +/-99.0 %  +/- 0.0 %  +/- 0.0 %
 206   0.00E+00   0.00E+00   0.00E+00   0.00E+00   6.40E-07   2.63E-04   2.47E-02   4.81E-03   2.00E-08   0.00E+00   0.00E+00
      +/- 0.0 %  +/- 0.0 %  +/- 0.0 %  +/- 0.0 %  +/-12.9 %  +/- 0.6 %  +/- 0.1 %  +/- 0.1 %  +/-70.4 %  +/- 0.0 %  +/- 0.0 %
 205   0.00E+00   0.00E+00   0.00E+00   0.00E+00   1.83E-06   1.56E-02   1.52E-02   7.83E-03   2.00E-08   0.00E+00   0.00E+00
      +/- 0.0 %  +/- 0.0 %  +/- 0.0 %  +/- 0.0 %  +/- 6.8 %  +/- 0.1 %  +/- 0.1 %  +/- 0.1 %  +/-70.4 %  +/- 0.0 %  +/- 0.0 %
 204   0.00E+00   0.00E+00   0.00E+00   0.00E+00   9.17E-06   2.61E-04   1.58E-02   7.69E-03   0.00E+00   0.00E+00   0.00E+00
      +/- 0.0 %  +/- 0.0 %  +/- 0.0 %  +/- 0.0 %  +/- 2.4 %  +/- 0.6 %  +/- 0.1 %  +/- 0.1 %  +/- 0.0 %  +/- 0.0 %  +/- 0.0 %
 203   0.00E+00   0.00E+00   0.00E+00   0.00E+00   2.73E-06   1.42E-02   1.40E-02   9.04E-03   0.00E+00   0.00E+00   0.00E+00
      +/- 0.0 %  +/- 0.0 %  +/- 0.0 %  +/- 0.0 %  +/- 6.4 %  +/- 0.1 %  +/- 0.1 %  +/- 0.1 %  +/- 0.0 %  +/- 0.0 %  +/- 0.0 %
 202   0.00E+00   0.00E+00   0.00E+00   1.00E-08   1.12E-02   1.12E-02   1.12E-02   6.69E-03   0.00E+00   0.00E+00   0.00E+00
      +/- 0.0 %  +/- 0.0 %  +/- 0.0 %  +/-99.0 %  +/- 0.1 %  +/- 0.1 %  +/- 0.1 %  +/- 0.1 %  +/- 0.0 %  +/- 0.0 %  +/- 0.0 %
 201   0.00E+00   0.00E+00   0.00E+00   1.00E-08   8.64E-03   8.63E-03   8.50E-03   6.00E-03   0.00E+00   0.00E+00   0.00E+00
      +/- 0.0 %  +/- 0.0 %  +/- 0.0 %  +/-99.0 %  +/- 0.1 %  +/- 0.1 %  +/- 0.1 %  +/- 0.1 %  +/- 0.0 %  +/- 0.0 %  +/- 0.0 %
 200   0.00E+00   0.00E+00   0.00E+00   1.00E-08   4.87E-03   4.86E-03   4.77E-03   3.00E-03   0.00E+00   0.00E+00   0.00E+00
      +/- 0.0 %  +/- 0.0 %  +/- 0.0 %  +/-99.0 %  +/- 0.1 %  +/- 0.1 %  +/- 0.1 %  +/- 0.2 %  +/- 0.0 %  +/- 0.0 %  +/- 0.0 %
 199   0.00E+00   0.00E+00   0.00E+00   9.00E-08   2.34E-03   2.33E-03   2.24E-03   1.59E-03   0.00E+00   0.00E+00   0.00E+00
      +/- 0.0 %  +/- 0.0 %  +/- 0.0 %  +/-35.6 %  +/- 0.2 %  +/- 0.2 %  +/- 0.2 %  +/- 0.2 %  +/- 0.0 %  +/- 0.0 %  +/- 0.0 %
 198   0.00E+00   0.00E+00   0.00E+00   4.00E-08   8.72E-04   7.50E-04   6.73E-04   3.79E-04   0.00E+00   0.00E+00   0.00E+00
      +/- 0.0 %  +/- 0.0 %  +/- 0.0 %  +/-49.2 %  +/- 0.3 %  +/- 0.4 %  +/- 0.4 %  +/- 0.5 %  +/- 0.0 %  +/- 0.0 %  +/- 0.0 %
 197   0.00E+00   0.00E+00   1.00E-08   2.17E-04   2.17E-04   2.07E-04   1.25E-04   6.94E-05   0.00E+00   0.00E+00   0.00E+00
      +/- 0.0 %  +/- 0.0 %  +/-99.0 %  +/- 0.7 %  +/- 0.7 %  +/- 0.7 %  +/- 1.0 %  +/- 1.4 %  +/- 0.0 %  +/- 0.0 %  +/- 0.0 %
 196   0.00E+00   0.00E+00   1.83E-07   1.80E-07   7.50E-05   6.60E-05   2.31E-05   8.72E-06   0.00E+00   0.00E+00   0.00E+00
      +/- 0.0 %  +/- 0.0 %  +/-22.0 %  +/-22.9 %  +/- 1.1 %  +/- 1.3 %  +/- 2.1 %  +/- 3.5 %  +/- 0.0 %  +/- 0.0 %  +/- 0.0 %
 195   0.00E+00   0.00E+00   2.80E-05   2.80E-05   2.76E-05   2.40E-05   1.61E-06   3.30E-07   0.00E+00   0.00E+00   0.00E+00
      +/- 0.0 %  +/- 0.0 %  +/- 2.0 %  +/- 2.0 %  +/- 2.0 %  +/- 2.2 %  +/- 9.0 %  +/-16.7 %  +/- 0.0 %  +/- 0.0 %  +/- 0.0 %
 194   0.00E+00   1.00E-08   5.92E-06   5.90E-06   5.55E-06   4.00E-06   1.00E-07   0.00E+00   0.00E+00   0.00E+00   0.00E+00
      +/- 0.0 %  +/-99.0 %  +/- 3.8 %  +/- 3.8 %  +/- 3.9 %  +/- 4.6 %  +/-30.2 %  +/- 0.0 %  +/- 0.0 %  +/- 0.0 %  +/- 0.0 %
 193   0.00E+00   1.69E-06   1.69E-06   1.68E-06   1.36E-06   1.10E-06   0.00E+00   0.00E+00   0.00E+00   0.00E+00   0.00E+00
      +/- 0.0 %  +/- 7.2 %  +/- 7.2 %  +/- 7.2 %  +/- 8.4 %  +/- 9.5 %  +/- 0.0 %  +/- 0.0 %  +/- 0.0 %  +/- 0.0 %  +/- 0.0 %
 192   0.00E+00   0.00E+00   2.60E-07   2.60E-07   1.50E-07   4.00E-08   0.00E+00   0.00E+00   0.00E+00   0.00E+00   0.00E+00
      +/- 0.0 %  +/- 0.0 %  +/-18.6 %  +/-18.6 %  +/-25.7 %  +/-49.2 %  +/- 0.0 %  +/- 0.0 %  +/- 0.0 %  +/- 0.0 %  +/- 0.0 %
 191   0.00E+00   9.00E-08   9.00E-08   8.00E-08   2.00E-08   0.00E+00   0.00E+00   0.00E+00   0.00E+00   0.00E+00   0.00E+00
      +/- 0.0 %  +/-32.0 %  +/-32.0 %  +/-34.1 %  +/-70.4 %  +/- 0.0 %  +/- 0.0 %  +/- 0.0 %  +/- 0.0 %  +/- 0.0 %  +/- 0.0 %
 190   2.00E-08   2.00E-08   4.00E-08   3.00E-08   0.00E+00   0.00E+00   0.00E+00   0.00E+00   0.00E+00   0.00E+00   0.00E+00
      +/-70.4 %  +/-70.4 %  +/-49.2 %  +/-57.1 %  +/- 0.0 %  +/- 0.0 %  +/- 0.0 %  +/- 0.0 %  +/- 0.0 %  +/- 0.0 %  +/- 0.0 %
 189   3.00E-08   3.00E-08   1.00E-08   0.00E+00   0.00E+00   0.00E+00   0.00E+00   0.00E+00   0.00E+00   0.00E+00   0.00E+00
      +/-57.1 %  +/-57.1 %  +/-99.0 %  +/- 0.0 %  +/- 0.0 %  +/- 0.0 %  +/- 0.0 %  +/- 0.0 %  +/- 0.0 %  +/- 0.0 %  +/- 0.0 %
 188   1.00E-08   1.00E-08   0.00E+00   0.00E+00   0.00E+00   0.00E+00   0.00E+00   0.00E+00   0.00E+00   0.00E+00   0.00E+00
      +/-99.0 %  +/-99.0 %  +/- 0.0 %  +/- 0.0 %  +/- 0.0 %  +/- 0.0 %  +/- 0.0 %  +/- 0.0 %  +/- 0.0 %  +/- 0.0 %  +/- 0.0 %
 187   1.00E-08   1.00E-08   0.00E+00   0.00E+00   0.00E+00   0.00E+00   0.00E+00   0.00E+00   0.00E+00   0.00E+00   0.00E+00
      +/-99.0 %  +/-99.0 %  +/- 0.0 %  +/- 0.0 %  +/- 0.0 %  +/- 0.0 %  +/- 0.0 %  +/- 0.0 %  +/- 0.0 %  +/- 0.0 %  +/- 0.0 %
 186   4.00E-08   0.00E+00   0.00E+00   0.00E+00   0.00E+00   0.00E+00   0.00E+00   0.00E+00   0.00E+00   0.00E+00   0.00E+00
      +/-49.2 %  +/- 0.0 %  +/- 0.0 %  +/- 0.0 %  +/- 0.0 %  +/- 0.0 %  +/- 0.0 %  +/- 0.0 %  +/- 0.0 %  +/- 0.0 %  +/- 0.0 %

  A \ Z   65         66         67         68         69         70         71         72         73         74         75
 182   0.00E+00   0.00E+00   0.00E+00   0.00E+00   0.00E+00   0.00E+00   0.00E+00   0.00E+00   0.00E+00   4.00E-08   0.00E+00
      +/- 0.0 %  +/- 0.0 %  +/- 0.0 %  +/- 0.0 %  +/- 0.0 %  +/- 0.0 %  +/- 0.0 %  +/- 0.0 %  +/- 0.0 %  +/-49.2 %  +/- 0.0 %
 179   0.00E+00   0.00E+00   0.00E+00   0.00E+00   0.00E+00   0.00E+00   0.00E+00   1.00E-08   1.00E-08   0.00E+00   0.00E+00
      +/- 0.0 %  +/- 0.0 %  +/- 0.0 %  +/- 0.0 %  +/- 0.0 %  +/- 0.0 %  +/- 0.0 %  +/-99.0 %  +/-99.0 %  +/- 0.0 %  +/- 0.0 %

  A \ Z   54         55         56         57         58         59         60         61         62         63         64
 160   0.00E+00   0.00E+00   0.00E+00   0.00E+00   0.00E+00   0.00E+00   0.00E+00   0.00E+00   0.00E+00   0.00E+00   1.00E-08
      +/- 0.0 %  +/- 0.0 %  +/- 0.0 %  +/- 0.0 %  +/- 0.0 %  +/- 0.0 %  +/- 0.0 %  +/- 0.0 %  +/- 0.0 %  +/- 0.0 %  +/-99.0 %
 157   0.00E+00   0.00E+00   0.00E+00   0.00E+00   0.00E+00   0.00E+00   0.00E+00   1.00E-08   1.00E-08   2.00E-08   2.00E-08
      +/- 0.0 %  +/- 0.0 %  +/- 0.0 %  +/- 0.0 %  +/- 0.0 %  +/- 0.0 %  +/- 0.0 %  +/-99.0 %  +/-99.0 %  +/-70.4 %  +/-70.4 %
 153   0.00E+00   0.00E+00   0.00E+00   0.00E+00   0.00E+00   0.00E+00   0.00E+00   2.00E-08   2.00E-08   2.00E-08   0.00E+00
      +/- 0.0 %  +/- 0.0 %  +/- 0.0 %  +/- 0.0 %  +/- 0.0 %  +/- 0.0 %  +/- 0.0 %  +/-70.4 %  +/-70.4 %  +/-70.4 %  +/- 0.0 %
 152   0.00E+00   0.00E+00   0.00E+00   0.00E+00   0.00E+00   0.00E+00   0.00E+00   1.00E-08   2.00E-08   0.00E+00   0.00E+00
      +/- 0.0 %  +/- 0.0 %  +/- 0.0 %  +/- 0.0 %  +/- 0.0 %  +/- 0.0 %  +/- 0.0 %  +/-99.0 %  +/-70.4 %  +/- 0.0 %  +/- 0.0 %
 151   0.00E+00   0.00E+00   0.00E+00   0.00E+00   0.00E+00   0.00E+00   0.00E+00   0.00E+00   1.00E-08   1.00E-08   0.00E+00
      +/- 0.0 %  +/- 0.0 %  +/- 0.0 %  +/- 0.0 %  +/- 0.0 %  +/- 0.0 %  +/- 0.0 %  +/- 0.0 %  +/-99.0 %  +/-99.0 %  +/- 0.0 %
 150   0.00E+00   0.00E+00   0.00E+00   0.00E+00   0.00E+00   0.00E+00   1.00E-08   2.00E-08   3.00E-08   0.00E+00   0.00E+00
      +/- 0.0 %  +/- 0.0 %  +/- 0.0 %  +/- 0.0 %  +/- 0.0 %  +/- 0.0 %  +/-99.0 %  +/-70.4 %  +/-57.1 %  +/- 0.0 %  +/- 0.0 %
 148   0.00E+00   0.00E+00   0.00E+00   0.00E+00   0.00E+00   1.00E-08   2.00E-08   2.00E-08   2.00E-08   0.00E+00   0.00E+00
      +/- 0.0 %  +/- 0.0 %  +/- 0.0 %  +/- 0.0 %  +/- 0.0 %  +/-99.0 %  +/-70.4 %  +/-70.4 %  +/-70.4 %  +/- 0.0 %  +/- 0.0 %
 147   0.00E+00   0.00E+00   0.00E+00   0.00E+00   0.00E+00   1.00E-08   4.00E-08   4.00E-08   4.00E-08   0.00E+00   0.00E+00
      +/- 0.0 %  +/- 0.0 %  +/- 0.0 %  +/- 0.0 %  +/- 0.0 %  +/-99.0 %  +/-49.2 %  +/-49.2 %  +/-49.2 %  +/- 0.0 %  +/- 0.0 %
 146   0.00E+00   0.00E+00   0.00E+00   0.00E+00   0.00E+00   3.00E-08   5.00E-08   0.00E+00   0.00E+00   0.00E+00   0.00E+00
      +/- 0.0 %  +/- 0.0 %  +/- 0.0 %  +/- 0.0 %  +/- 0.0 %  +/-57.1 %  +/-43.8 %  +/- 0.0 %  +/- 0.0 %  +/- 0.0 %  +/- 0.0 %
 145   0.00E+00   0.00E+00   0.00E+00   0.00E+00   0.00E+00   5.00E-08   6.00E-08   0.00E+00   0.00E+00   0.00E+00   0.00E+00
      +/- 0.0 %  +/- 0.0 %  +/- 0.0 %  +/- 0.0 %  +/- 0.0 %  +/-43.8 %  +/-39.8 %  +/- 0.0 %  +/- 0.0 %  +/- 0.0 %  +/- 0.0 %
 144   0.00E+00   0.00E+00   1.00E-08   2.00E-08   5.00E-08   8.00E-08   1.20E-07   0.00E+00   0.00E+00   0.00E+00   0.00E+00
      +/- 0.0 %  +/- 0.0 %  +/-99.0 %  +/-70.4 %  +/-52.2 %  +/-38.4 %  +/-32.0 %  +/- 0.0 %  +/- 0.0 %  +/- 0.0 %  +/- 0.0 %
 143   0.00E+00   0.00E+00   0.00E+00   1.00E-08   8.00E-08   1.20E-07   1.60E-07   0.00E+00   0.00E+00   0.00E+00   0.00E+00
      +/- 0.0 %  +/- 0.0 %  +/- 0.0 %  +/-99.0 %  +/-34.1 %  +/-29.7 %  +/-24.7 %  +/- 0.0 %  +/- 0.0 %  +/- 0.0 %  +/- 0.0 %
 142   0.00E+00   0.00E+00   0.00E+00   5.00E-08   2.00E-07   4.00E-08   4.00E-08   0.00E+00   0.00E+00   0.00E+00   0.00E+00
      +/- 0.0 %  +/- 0.0 %  +/- 0.0 %  +/-43.8 %  +/-21.3 %  +/-49.2 %  +/-49.2 %  +/- 0.0 %  +/- 0.0 %  +/- 0.0 %  +/- 0.0 %
 141   0.00E+00   0.00E+00   4.00E-08   1.30E-07   2.20E-07   2.70E-07   0.00E+00   0.00E+00   0.00E+00   0.00E+00   0.00E+00
      +/- 0.0 %  +/- 0.0 %  +/-49.2 %  +/-28.2 %  +/-22.9 %  +/-20.3 %  +/- 0.0 %  +/- 0.0 %  +/- 0.0 %  +/- 0.0 %  +/- 0.0 %
 140   0.00E+00   1.00E-08   7.00E-08   1.10E-07   3.40E-07   1.00E-08   0.00E+00   0.00E+00   0.00E+00   0.00E+00   0.00E+00
      +/- 0.0 %  +/-99.0 %  +/-36.6 %  +/-31.4 %  +/-17.8 %  +/-99.0 %  +/- 0.0 %  +/- 0.0 %  +/- 0.0 %  +/- 0.0 %  +/- 0.0 %
 139   0.00E+00   1.00E-08   1.10E-07   3.60E-07   6.00E-08   0.00E+00   0.00E+00   0.00E+00   0.00E+00   0.00E+00   0.00E+00
      +/- 0.0 %  +/-99.0 %  +/-28.6 %  +/-15.0 %  +/-39.8 %  +/- 0.0 %  +/- 0.0 %  +/- 0.0 %  +/- 0.0 %  +/- 0.0 %  +/- 0.0 %
 138   1.00E-08   6.00E-08   2.03E-07   1.10E-07   5.67E-08   0.00E+00   0.00E+00   0.00E+00   0.00E+00   0.00E+00   0.00E+00
      +/-99.0 %  +/-39.8 %  +/-21.0 %  +/-36.3 %  +/-40.1 %  +/- 0.0 %  +/- 0.0 %  +/- 0.0 %  +/- 0.0 %  +/- 0.0 %  +/- 0.0 %
 137   2.00E-08   2.00E-07   6.73E-07   1.20E-07   0.00E+00   0.00E+00   0.00E+00   0.00E+00   0.00E+00   0.00E+00   0.00E+00
      +/-70.4 %  +/-23.6 %  +/-15.6 %  +/-27.2 %  +/- 0.0 %  +/- 0.0 %  +/- 0.0 %  +/- 0.0 %  +/- 0.0 %  +/- 0.0 %  +/- 0.0 %
 136   2.00E-08   1.40E-07   4.77E-07   5.00E-08   1.00E-08   0.00E+00   0.00E+00   0.00E+00   0.00E+00   0.00E+00   0.00E+00
      +/-70.4 %  +/-26.9 %  +/-13.1 %  +/-43.8 %  +/-99.0 %  +/- 0.0 %  +/- 0.0 %  +/- 0.0 %  +/- 0.0 %  +/- 0.0 %  +/- 0.0 %
 135   1.83E-07   4.90E-07   6.40E-07   1.00E-08   0.00E+00   0.00E+00   0.00E+00   0.00E+00   0.00E+00   0.00E+00   0.00E+00
      +/-22.9 %  +/-14.1 %  +/-11.7 %  +/-99.0 %  +/- 0.0 %  +/- 0.0 %  +/- 0.0 %  +/- 0.0 %  +/- 0.0 %  +/- 0.0 %  +/- 0.0 %
 134   3.60E-07   3.50E-07   5.20E-07   1.00E-08   0.00E+00   0.00E+00   0.00E+00   0.00E+00   0.00E+00   0.00E+00   0.00E+00
      +/-16.5 %  +/-18.8 %  +/-15.3 %  +/-99.0 %  +/- 0.0 %  +/- 0.0 %  +/- 0.0 %  +/- 0.0 %  +/- 0.0 %  +/- 0.0 %  +/- 0.0 %
 133   6.27E-07   1.10E-06   8.00E-08   0.00E+00   0.00E+00   0.00E+00   0.00E+00   0.00E+00   0.00E+00   0.00E+00   0.00E+00
      +/-13.1 %  +/- 8.8 %  +/-34.1 %  +/- 0.0 %  +/- 0.0 %  +/- 0.0 %  +/- 0.0 %  +/- 0.0 %  +/- 0.0 %  +/- 0.0 %  +/- 0.0 %
 132   1.30E-06   2.20E-07   2.33E-08   0.00E+00   0.00E+00   0.00E+00   0.00E+00   0.00E+00   0.00E+00   0.00E+00   0.00E+00
      +/- 8.6 %  +/-20.0 %  +/-61.8 %  +/- 0.0 %  +/- 0.0 %  +/- 0.0 %  +/- 0.0 %  +/- 0.0 %  +/- 0.0 %  +/- 0.0 %  +/- 0.0 %
 131   1.77E-06   1.90E-07   0.00E+00   0.00E+00   0.00E+00   0.00E+00   0.00E+00   0.00E+00   0.00E+00   0.00E+00   0.00E+00
      +/- 7.4 %  +/-24.5 %  +/- 0.0 %  +/- 0.0 %  +/- 0.0 %  +/- 0.0 %  +/- 0.0 %  +/- 0.0 %  +/- 0.0 %  +/- 0.0 %  +/- 0.0 %
 130   2.01E-06   1.00E-08   0.00E+00   0.00E+00   0.00E+00   0.00E+00   0.00E+00   0.00E+00   0.00E+00   0.00E+00   0.00E+00
      +/- 6.4 %  +/-99.0 %  +/- 0.0 %  +/- 0.0 %  +/- 0.0 %  +/- 0.0 %  +/- 0.0 %  +/- 0.0 %  +/- 0.0 %  +/- 0.0 %  +/- 0.0 %
 129   2.59E-06   2.00E-08   0.00E+00   0.00E+00   0.00E+00   0.00E+00   0.00E+00   0.00E+00   0.00E+00   0.00E+00   0.00E+00
      +/- 5.8 %  +/-70.4 %  +/- 0.0 %  +/- 0.0 %  +/- 0.0 %  +/- 0.0 %  +/- 0.0 %  +/- 0.0 %  +/- 0.0 %  +/- 0.0 %  +/- 0.0 %
 128   1.20E-06   1.00E-08   0.00E+00   0.00E+00   0.00E+00   0.00E+00   0.00E+00   0.00E+00   0.00E+00   0.00E+00   0.00E+00
      +/- 9.0 %  +/-99.0 %  +/- 0.0 %  +/- 0.0 %  +/- 0.0 %  +/- 0.0 %  +/- 0.0 %  +/- 0.0 %  +/- 0.0 %  +/- 0.0 %  +/- 0.0 %
 127   1.00E-07   0.00E+00   0.00E+00   0.00E+00   0.00E+00   0.00E+00   0.00E+00   0.00E+00   0.00E+00   0.00E+00   0.00E+00
      +/-30.2 %  +/- 0.0 %  +/- 0.0 %  +/- 0.0 %  +/- 0.0 %  +/- 0.0 %  +/- 0.0 %  +/- 0.0 %  +/- 0.0 %  +/- 0.0 %  +/- 0.0 %
 126   2.63E-07   0.00E+00   0.00E+00   0.00E+00   0.00E+00   0.00E+00   0.00E+00   0.00E+00   0.00E+00   0.00E+00   0.00E+00
      +/-15.7 %  +/- 0.0 %  +/- 0.0 %  +/- 0.0 %  +/- 0.0 %  +/- 0.0 %  +/- 0.0 %  +/- 0.0 %  +/- 0.0 %  +/- 0.0 %  +/- 0.0 %
 125   2.00E-08   0.00E+00   0.00E+00   0.00E+00   0.00E+00   0.00E+00   0.00E+00   0.00E+00   0.00E+00   0.00E+00   0.00E+00
      +/-70.4 %  +/- 0.0 %  +/- 0.0 %  +/- 0.0 %  +/- 0.0 %  +/- 0.0 %  +/- 0.0 %  +/- 0.0 %  +/- 0.0 %  +/- 0.0 %  +/- 0.0 %

  A \ Z   43         44         45         46         47         48         49         50         51         52         53
 135   0.00E+00   0.00E+00   0.00E+00   0.00E+00   0.00E+00   0.00E+00   0.00E+00   0.00E+00   0.00E+00   0.00E+00   3.00E-08
      +/- 0.0 %  +/- 0.0 %  +/- 0.0 %  +/- 0.0 %  +/- 0.0 %  +/- 0.0 %  +/- 0.0 %  +/- 0.0 %  +/- 0.0 %  +/- 0.0 %  +/-57.1 %
 134   0.00E+00   0.00E+00   0.00E+00   0.00E+00   0.00E+00   0.00E+00   0.00E+00   0.00E+00   0.00E+00   1.00E-08   6.00E-08
      +/- 0.0 %  +/- 0.0 %  +/- 0.0 %  +/- 0.0 %  +/- 0.0 %  +/- 0.0 %  +/- 0.0 %  +/- 0.0 %  +/- 0.0 %  +/-99.0 %  +/-39.8 %
 133   0.00E+00   0.00E+00   0.00E+00   0.00E+00   0.00E+00   0.00E+00   0.00E+00   0.00E+00   0.00E+00   2.00E-08   2.30E-07
      +/- 0.0 %  +/- 0.0 %  +/- 0.0 %  +/- 0.0 %  +/- 0.0 %  +/- 0.0 %  +/- 0.0 %  +/- 0.0 %  +/- 0.0 %  +/-70.4 %  +/-20.4 %
 132   0.00E+00   0.00E+00   0.00E+00   0.00E+00   0.00E+00   0.00E+00   0.00E+00   0.00E+00   0.00E+00   7.00E-08   3.60E-07
      +/- 0.0 %  +/- 0.0 %  +/- 0.0 %  +/- 0.0 %  +/- 0.0 %  +/- 0.0 %  +/- 0.0 %  +/- 0.0 %  +/- 0.0 %  +/-36.6 %  +/-17.0 %
 131   0.00E+00   0.00E+00   0.00E+00   0.00E+00   0.00E+00   0.00E+00   0.00E+00   0.00E+00   1.00E-08   1.23E-07   9.60E-07
      +/- 0.0 %  +/- 0.0 %  +/- 0.0 %  +/- 0.0 %  +/- 0.0 %  +/- 0.0 %  +/- 0.0 %  +/- 0.0 %  +/-99.0 %  +/-29.7 %  +/- 9.8 %
 130   0.00E+00   0.00E+00   0.00E+00   0.00E+00   0.00E+00   0.00E+00   0.00E+00   0.00E+00   5.00E-08   4.80E-07   1.34E-06
      +/- 0.0 %  +/- 0.0 %  +/- 0.0 %  +/- 0.0 %  +/- 0.0 %  +/- 0.0 %  +/- 0.0 %  +/- 0.0 %  +/-43.8 %  +/-12.7 %  +/- 7.6 %
 129   0.00E+00   0.00E+00   0.00E+00   0.00E+00   0.00E+00   0.00E+00   0.00E+00   0.00E+00   2.20E-07   8.77E-07   2.18E-06
      +/- 0.0 %  +/- 0.0 %  +/- 0.0 %  +/- 0.0 %  +/- 0.0 %  +/- 0.0 %  +/- 0.0 %  +/- 0.0 %  +/-20.0 %  +/-11.5 %  +/- 6.2 %
 128   0.00E+00   0.00E+00   0.00E+00   0.00E+00   0.00E+00   0.00E+00   0.00E+00   5.00E-08   3.10E-07   1.72E-06   1.10E-06
      +/- 0.0 %  +/- 0.0 %  +/- 0.0 %  +/- 0.0 %  +/- 0.0 %  +/- 0.0 %  +/- 0.0 %  +/-43.8 %  +/-18.2 %  +/- 7.4 %  +/- 9.1 %
 127   0.00E+00   0.00E+00   0.00E+00   0.00E+00   0.00E+00   0.00E+00   3.00E-08   1.30E-07   1.05E-06   2.53E-06   3.70E-06
      +/- 0.0 %  +/- 0.0 %  +/- 0.0 %  +/- 0.0 %  +/- 0.0 %  +/- 0.0 %  +/-57.1 %  +/-26.0 %  +/-10.7 %  +/- 6.7 %  +/- 5.0 %
 126   0.00E+00   0.00E+00   0.00E+00   0.00E+00   0.00E+00   0.00E+00   1.00E-08   3.10E-07   1.59E-06   4.05E-06   4.80E-07
      +/- 0.0 %  +/- 0.0 %  +/- 0.0 %  +/- 0.0 %  +/- 0.0 %  +/- 0.0 %  +/-99.0 %  +/-17.6 %  +/- 7.6 %  +/- 4.6 %  +/-14.0 %
 125   0.00E+00   0.00E+00   0.00E+00   0.00E+00   0.00E+00   1.00E-08   9.00E-08   5.90E-07   3.00E-06   5.41E-06   3.20E-07
      +/- 0.0 %  +/- 0.0 %  +/- 0.0 %  +/- 0.0 %  +/- 0.0 %  +/-99.0 %  +/-35.6 %  +/-14.5 %  +/- 5.5 %  +/- 4.3 %  +/-19.8 %
 124   0.00E+00   0.00E+00   0.00E+00   0.00E+00   0.00E+00   3.00E-08   2.60E-07   1.90E-06   2.40E-06   3.93E-06   1.20E-07
      +/- 0.0 %  +/- 0.0 %  +/- 0.0 %  +/- 0.0 %  +/- 0.0 %  +/-57.1 %  +/-21.6 %  +/- 7.6 %  +/- 6.5 %  +/- 5.5 %  +/-29.7 %
 123   0.00E+00   0.00E+00   0.00E+00   0.00E+00   0.00E+00   8.00E-08   7.80E-07   2.92E-06   6.73E-06   7.00E-07   4.00E-08
      +/- 0.0 %  +/- 0.0 %  +/- 0.0 %  +/- 0.0 %  +/- 0.0 %  +/-34.1 %  +/-11.5 %  +/- 6.0 %  +/- 4.1 %  +/-12.4 %  +/-49.2 %
 122   0.00E+00   0.00E+00   0.00E+00   0.00E+00   3.00E-08   3.20E-07   1.68E-06   6.09E-06   2.00E-06   2.29E-06   0.00E+00
      +/- 0.0 %  +/- 0.0 %  +/- 0.0 %  +/- 0.0 %  +/-57.1 %  +/-17.7 %  +/- 8.2 %  +/- 4.4 %  +/- 7.1 %  +/- 6.8 %  +/- 0.0 %
 121   0.00E+00   0.00E+00   0.00E+00   0.00E+00   9.00E-08   5.60E-07   3.47E-06   7.30E-06   8.88E-06   6.00E-08   1.00E-08
      +/- 0.0 %  +/- 0.0 %  +/- 0.0 %  +/- 0.0 %  +/-32.0 %  +/-13.0 %  +/- 5.3 %  +/- 4.0 %  +/- 3.8 %  +/-46.3 %  +/-99.0 %
 120   0.00E+00   0.00E+00   0.00E+00   1.00E-08   1.50E-07   1.86E-06   5.67E-06   1.15E-05   7.30E-07   3.00E-08   0.00E+00
      +/- 0.0 %  +/- 0.0 %  +/- 0.0 %  +/-99.0 %  +/-25.7 %  +/- 7.0 %  +/- 3.9 %  +/- 2.7 %  +/-12.3 %  +/-57.1 %  +/- 0.0 %
 119   0.00E+00   0.00E+00   0.00E+00   8.00E-08   6.20E-07   2.62E-06   9.15E-06   1.23E-05   3.70E-07   1.00E-08   0.00E+00
      +/- 0.0 %  +/- 0.0 %  +/- 0.0 %  +/-34.1 %  +/-12.5 %  +/- 6.2 %  +/- 3.5 %  +/- 2.9 %  +/-15.7 %  +/-99.0 %  +/- 0.0 %
 118   0.00E+00   0.00E+00   1.00E-08   1.20E-07   1.42E-06   7.21E-06   1.31E-05   1.53E-05   9.00E-08   0.00E+00   0.00E+00
      +/- 0.0 %  +/- 0.0 %  +/-99.0 %  +/-27.2 %  +/- 8.5 %  +/- 3.6 %  +/- 2.7 %  +/- 2.8 %  +/-32.0 %  +/- 0.0 %  +/- 0.0 %
 117   0.00E+00   0.00E+00   2.00E-08   2.40E-07   3.39E-06   9.18E-06   1.98E-05   1.69E-05   0.00E+00   0.00E+00   0.00E+00
      +/- 0.0 %  +/- 0.0 %  +/-70.4 %  +/-17.9 %  +/- 5.5 %  +/- 3.3 %  +/- 2.5 %  +/- 2.2 %  +/- 0.0 %  +/- 0.0 %  +/- 0.0 %
 116   0.00E+00   0.00E+00   8.00E-08   1.29E-06   5.45E-06   1.58E-05   3.20E-06   3.44E-06   0.00E+00   0.00E+00   0.00E+00
      +/- 0.0 %  +/- 0.0 %  +/-34.1 %  +/- 9.7 %  +/- 4.5 %  +/- 2.5 %  +/- 5.5 %  +/- 5.1 %  +/- 0.0 %  +/- 0.0 %  +/- 0.0 %
 115   0.00E+00   0.00E+00   1.90E-07   2.18E-06   1.19E-05   1.91E-05   3.87E-05   2.13E-05   0.00E+00   0.00E+00   0.00E+00
      +/- 0.0 %  +/- 0.0 %  +/-23.3 %  +/- 7.4 %  +/- 2.8 %  +/- 2.3 %  +/- 2.2 %  +/- 2.1 %  +/- 0.0 %  +/- 0.0 %  +/- 0.0 %
 114   0.00E+00   4.00E-08   6.70E-07   6.28E-06   1.61E-05   2.37E-05   5.40E-07   5.50E-07   0.00E+00   0.00E+00   0.00E+00
      +/- 0.0 %  +/-49.2 %  +/-11.6 %  +/- 4.4 %  +/- 2.9 %  +/- 2.2 %  +/-13.0 %  +/-13.3 %  +/- 0.0 %  +/- 0.0 %  +/- 0.0 %
 113   0.00E+00   7.00E-08   2.21E-06   9.58E-06   2.41E-05   2.61E-05   2.63E-05   0.00E+00   0.00E+00   0.00E+00   0.00E+00
      +/- 0.0 %  +/-36.6 %  +/- 5.9 %  +/- 2.7 %  +/- 2.0 %  +/- 1.9 %  +/- 1.9 %  +/- 0.0 %  +/- 0.0 %  +/- 0.0 %  +/- 0.0 %
 112   2.00E-08   6.10E-07   4.37E-06   1.92E-05   2.78E-05   2.97E-05   4.00E-08   2.33E-08   0.00E+00   0.00E+00   0.00E+00
      +/-70.4 %  +/-13.6 %  +/- 4.7 %  +/- 2.0 %  +/- 1.8 %  +/- 1.8 %  +/-49.2 %  +/-50.8 %  +/- 0.0 %  +/- 0.0 %  +/- 0.0 %
 111   1.10E-07   1.28E-06   1.05E-05   2.31E-05   5.33E-05   3.10E-05   0.00E+00   0.00E+00   0.00E+00   0.00E+00   0.00E+00
      +/-28.6 %  +/- 8.9 %  +/- 3.3 %  +/- 1.9 %  +/- 1.8 %  +/- 1.8 %  +/- 0.0 %  +/- 0.0 %  +/- 0.0 %  +/- 0.0 %  +/- 0.0 %
 110   3.70E-07   4.50E-06   1.67E-05   3.40E-05   3.10E-06   3.26E-06   0.00E+00   0.00E+00   0.00E+00   0.00E+00   0.00E+00
      +/-19.1 %  +/- 4.4 %  +/- 2.2 %  +/- 1.7 %  +/- 6.1 %  +/- 5.9 %  +/- 0.0 %  +/- 0.0 %  +/- 0.0 %  +/- 0.0 %  +/- 0.0 %
 109   1.38E-06   7.79E-06   3.12E-05   3.57E-05   7.27E-05   3.00E-08   0.00E+00   0.00E+00   0.00E+00   0.00E+00   0.00E+00
      +/- 8.4 %  +/- 3.6 %  +/- 1.9 %  +/- 1.6 %  +/- 1.5 %  +/-57.1 %  +/- 0.0 %  +/- 0.0 %  +/- 0.0 %  +/- 0.0 %  +/- 0.0 %
 108   2.41E-06   1.68E-05   3.32E-05   3.97E-05   3.00E-07   2.93E-07   0.00E+00   0.00E+00   0.00E+00   0.00E+00   0.00E+00
      +/- 6.2 %  +/- 2.5 %  +/- 1.6 %  +/- 1.5 %  +/-20.9 %  +/-21.0 %  +/- 0.0 %  +/- 0.0 %  +/- 0.0 %  +/- 0.0 %  +/- 0.0 %
 107   8.20E-06   2.34E-05   4.02E-05   4.24E-05   4.24E-05   0.00E+00   0.00E+00   0.00E+00   0.00E+00   0.00E+00   0.00E+00
      +/- 3.7 %  +/- 2.3 %  +/- 1.6 %  +/- 1.5 %  +/- 1.5 %  +/- 0.0 %  +/- 0.0 %  +/- 0.0 %  +/- 0.0 %  +/- 0.0 %  +/- 0.0 %
 106   1.27E-05   3.76E-05   4.56E-05   4.63E-05   0.00E+00   0.00E+00   0.00E+00   0.00E+00   0.00E+00   0.00E+00   0.00E+00
      +/- 2.7 %  +/- 1.7 %  +/- 1.6 %  +/- 1.6 %  +/- 0.0 %  +/- 0.0 %  +/- 0.0 %  +/- 0.0 %  +/- 0.0 %  +/- 0.0 %  +/- 0.0 %
 105   2.63E-05   4.22E-05   5.90E-05   4.72E-05   0.00E+00   0.00E+00   0.00E+00   0.00E+00   0.00E+00   0.00E+00   0.00E+00
      +/- 1.9 %  +/- 1.6 %  +/- 1.5 %  +/- 1.5 %  +/- 0.0 %  +/- 0.0 %  +/- 0.0 %  +/- 0.0 %  +/- 0.0 %  +/- 0.0 %  +/- 0.0 %
 104   3.29E-05   4.87E-05   1.29E-06   1.31E-06   0.00E+00   0.00E+00   0.00E+00   0.00E+00   0.00E+00   0.00E+00   0.00E+00
      +/- 1.8 %  +/- 1.6 %  +/- 9.1 %  +/- 9.2 %  +/- 0.0 %  +/- 0.0 %  +/- 0.0 %  +/- 0.0 %  +/- 0.0 %  +/- 0.0 %  +/- 0.0 %
 103   4.42E-05   5.01E-05   1.00E-04   0.00E+00   0.00E+00   0.00E+00   0.00E+00   0.00E+00   0.00E+00   0.00E+00   0.00E+00
      +/- 1.5 %  +/- 1.5 %  +/- 1.5 %  +/- 0.0 %  +/- 0.0 %  +/- 0.0 %  +/- 0.0 %  +/- 0.0 %  +/- 0.0 %  +/- 0.0 %  +/- 0.0 %
 102   4.86E-05   5.25E-05   5.00E-08   6.67E-09   0.00E+00   0.00E+00   0.00E+00   0.00E+00   0.00E+00   0.00E+00   0.00E+00
      +/- 1.4 %  +/- 1.3 %  +/-52.2 %  +/-70.4 %  +/- 0.0 %  +/- 0.0 %  +/- 0.0 %  +/- 0.0 %  +/- 0.0 %  +/- 0.0 %  +/- 0.0 %
 101   4.83E-05   4.91E-05   1.00E-08   0.00E+00   0.00E+00   0.00E+00   0.00E+00   0.00E+00   0.00E+00   0.00E+00   0.00E+00
      +/- 1.6 %  +/- 1.6 %  +/-99.0 %  +/- 0.0 %  +/- 0.0 %  +/- 0.0 %  +/- 0.0 %  +/- 0.0 %  +/- 0.0 %  +/- 0.0 %  +/- 0.0 %
 100   4.37E-06   4.73E-06   0.00E+00   0.00E+00   0.00E+00   0.00E+00   0.00E+00   0.00E+00   0.00E+00   0.00E+00   0.00E+00
      +/- 5.1 %  +/- 4.7 %  +/- 0.0 %  +/- 0.0 %  +/- 0.0 %  +/- 0.0 %  +/- 0.0 %  +/- 0.0 %  +/- 0.0 %  +/- 0.0 %  +/- 0.0 %
  99   8.76E-05   4.77E-05   0.00E+00   0.00E+00   0.00E+00   0.00E+00   0.00E+00   0.00E+00   0.00E+00   0.00E+00   0.00E+00
      +/- 1.4 %  +/- 1.4 %  +/- 0.0 %  +/- 0.0 %  +/- 0.0 %  +/- 0.0 %  +/- 0.0 %  +/- 0.0 %  +/- 0.0 %  +/- 0.0 %  +/- 0.0 %
  98   3.80E-07   3.90E-07   0.00E+00   0.00E+00   0.00E+00   0.00E+00   0.00E+00   0.00E+00   0.00E+00   0.00E+00   0.00E+00
      +/-17.1 %  +/-17.1 %  +/- 0.0 %  +/- 0.0 %  +/- 0.0 %  +/- 0.0 %  +/- 0.0 %  +/- 0.0 %  +/- 0.0 %  +/- 0.0 %  +/- 0.0 %
  97   2.10E-07   1.00E-08   0.00E+00   0.00E+00   0.00E+00   0.00E+00   0.00E+00   0.00E+00   0.00E+00   0.00E+00   0.00E+00
      +/-22.7 %  +/-99.0 %  +/- 0.0 %  +/- 0.0 %  +/- 0.0 %  +/- 0.0 %  +/- 0.0 %  +/- 0.0 %  +/- 0.0 %  +/- 0.0 %  +/- 0.0 %
  96   1.00E-08   0.00E+00   0.00E+00   0.00E+00   0.00E+00   0.00E+00   0.00E+00   0.00E+00   0.00E+00   0.00E+00   0.00E+00
      +/-99.0 %  +/- 0.0 %  +/- 0.0 %  +/- 0.0 %  +/- 0.0 %  +/- 0.0 %  +/- 0.0 %  +/- 0.0 %  +/- 0.0 %  +/- 0.0 %  +/- 0.0 %

  A \ Z   32         33         34         35         36         37         38         39         40         41         42
 110   0.00E+00   0.00E+00   0.00E+00   0.00E+00   0.00E+00   0.00E+00   0.00E+00   0.00E+00   0.00E+00   1.00E-08   3.00E-08
      +/- 0.0 %  +/- 0.0 %  +/- 0.0 %  +/- 0.0 %  +/- 0.0 %  +/- 0.0 %  +/- 0.0 %  +/- 0.0 %  +/- 0.0 %  +/-99.0 %  +/-57.1 %
 109   0.00E+00   0.00E+00   0.00E+00   0.00E+00   0.00E+00   0.00E+00   0.00E+00   0.00E+00   0.00E+00   1.00E-08   3.00E-08
      +/- 0.0 %  +/- 0.0 %  +/- 0.0 %  +/- 0.0 %  +/- 0.0 %  +/- 0.0 %  +/- 0.0 %  +/- 0.0 %  +/- 0.0 %  +/-99.0 %  +/-57.1 %
 108   0.00E+00   0.00E+00   0.00E+00   0.00E+00   0.00E+00   0.00E+00   0.00E+00   0.00E+00   0.00E+00   0.00E+00   2.80E-07
      +/- 0.0 %  +/- 0.0 %  +/- 0.0 %  +/- 0.0 %  +/- 0.0 %  +/- 0.0 %  +/- 0.0 %  +/- 0.0 %  +/- 0.0 %  +/- 0.0 %  +/-19.7 %
 107   0.00E+00   0.00E+00   0.00E+00   0.00E+00   0.00E+00   0.00E+00   0.00E+00   0.00E+00   1.00E-08   6.00E-08   6.40E-07
      +/- 0.0 %  +/- 0.0 %  +/- 0.0 %  +/- 0.0 %  +/- 0.0 %  +/- 0.0 %  +/- 0.0 %  +/- 0.0 %  +/-99.0 %  +/-39.8 %  +/-11.7 %
 106   0.00E+00   0.00E+00   0.00E+00   0.00E+00   0.00E+00   0.00E+00   0.00E+00   0.00E+00   1.00E-08   1.30E-07   2.26E-06
      +/- 0.0 %  +/- 0.0 %  +/- 0.0 %  +/- 0.0 %  +/- 0.0 %  +/- 0.0 %  +/- 0.0 %  +/- 0.0 %  +/-99.0 %  +/-26.0 %  +/- 5.8 %
 105   0.00E+00   0.00E+00   0.00E+00   0.00E+00   0.00E+00   0.00E+00   0.00E+00   0.00E+00   1.00E-08   6.40E-07   4.86E-06
      +/- 0.0 %  +/- 0.0 %  +/- 0.0 %  +/- 0.0 %  +/- 0.0 %  +/- 0.0 %  +/- 0.0 %  +/- 0.0 %  +/-99.0 %  +/-11.9 %  +/- 4.4 %
 104   0.00E+00   0.00E+00   0.00E+00   0.00E+00   0.00E+00   0.00E+00   0.00E+00   0.00E+00   9.00E-08   1.50E-06   1.29E-05
      +/- 0.0 %  +/- 0.0 %  +/- 0.0 %  +/- 0.0 %  +/- 0.0 %  +/- 0.0 %  +/- 0.0 %  +/- 0.0 %  +/-32.0 %  +/- 9.3 %  +/- 2.8 %
 103   0.00E+00   0.00E+00   0.00E+00   0.00E+00   0.00E+00   0.00E+00   0.00E+00   1.00E-08   2.70E-07   4.15E-06   1.84E-05
      +/- 0.0 %  +/- 0.0 %  +/- 0.0 %  +/- 0.0 %  +/- 0.0 %  +/- 0.0 %  +/- 0.0 %  +/-99.0 %  +/-21.6 %  +/- 5.0 %  +/- 2.3 %
 102   0.00E+00   0.00E+00   0.00E+00   0.00E+00   0.00E+00   0.00E+00   1.00E-08   6.00E-08   1.23E-06   8.10E-06   3.34E-05
      +/- 0.0 %  +/- 0.0 %  +/- 0.0 %  +/- 0.0 %  +/- 0.0 %  +/- 0.0 %  +/-99.0 %  +/-39.8 %  +/- 9.6 %  +/- 3.4 %  +/- 1.7 %
 101   0.00E+00   0.00E+00   0.00E+00   0.00E+00   0.00E+00   0.00E+00   0.00E+00   2.30E-07   2.28E-06   1.67E-05   3.63E-05
      +/- 0.0 %  +/- 0.0 %  +/- 0.0 %  +/- 0.0 %  +/- 0.0 %  +/- 0.0 %  +/- 0.0 %  +/-21.3 %  +/- 7.2 %  +/- 2.6 %  +/- 1.8 %
 100   0.00E+00   0.00E+00   0.00E+00   0.00E+00   0.00E+00   0.00E+00   0.00E+00   5.40E-07   5.96E-06   2.38E-05   4.82E-05
      +/- 0.0 %  +/- 0.0 %  +/- 0.0 %  +/- 0.0 %  +/- 0.0 %  +/- 0.0 %  +/- 0.0 %  +/-12.7 %  +/- 3.9 %  +/- 2.0 %  +/- 1.5 %
  99   0.00E+00   0.00E+00   0.00E+00   0.00E+00   0.00E+00   0.00E+00   8.00E-08   1.55E-06   9.11E-06   3.33E-05   4.56E-05
      +/- 0.0 %  +/- 0.0 %  +/- 0.0 %  +/- 0.0 %  +/- 0.0 %  +/- 0.0 %  +/-34.1 %  +/- 8.5 %  +/- 3.5 %  +/- 1.8 %  +/- 1.5 %
  98   0.00E+00   0.00E+00   0.00E+00   0.00E+00   0.00E+00   0.00E+00   3.20E-07   2.77E-06   1.83E-05   3.92E-05   4.88E-05
      +/- 0.0 %  +/- 0.0 %  +/- 0.0 %  +/- 0.0 %  +/- 0.0 %  +/- 0.0 %  +/-16.5 %  +/- 5.7 %  +/- 2.3 %  +/- 1.7 %  +/- 1.6 %
  97   0.00E+00   0.00E+00   0.00E+00   0.00E+00   0.00E+00   5.00E-08   7.20E-07   7.43E-06   2.53E-05   6.95E-05   4.90E-05
      +/- 0.0 %  +/- 0.0 %  +/- 0.0 %  +/- 0.0 %  +/- 0.0 %  +/-43.8 %  +/-12.0 %  +/- 4.0 %  +/- 2.0 %  +/- 1.5 %  +/- 1.3 %
  96   0.00E+00   0.00E+00   0.00E+00   0.00E+00   0.00E+00   9.00E-08   1.63E-06   1.11E-05   3.77E-05   1.08E-05   1.22E-05
      +/- 0.0 %  +/- 0.0 %  +/- 0.0 %  +/- 0.0 %  +/- 0.0 %  +/-32.0 %  +/- 6.7 %  +/- 3.1 %  +/- 1.6 %  +/- 2.8 %  +/- 2.5 %
  95   0.00E+00   0.00E+00   0.00E+00   0.00E+00   1.00E-08   3.50E-07   3.17E-06   2.11E-05   4.09E-05   4.69E-05   4.67E-05
      +/- 0.0 %  +/- 0.0 %  +/- 0.0 %  +/- 0.0 %  +/-99.0 %  +/-16.4 %  +/- 5.6 %  +/- 2.0 %  +/- 1.5 %  +/- 1.4 %  +/- 1.4 %
  94   0.00E+00   0.00E+00   0.00E+00   1.00E-08   9.67E-08   7.93E-07   8.70E-06   2.88E-05   4.52E-05   1.49E-06   1.54E-06
      +/- 0.0 %  +/- 0.0 %  +/- 0.0 %  +/-99.0 %  +/-32.6 %  +/-12.1 %  +/- 3.8 %  +/- 1.9 %  +/- 1.5 %  +/- 8.6 %  +/- 8.5 %
  93   0.00E+00   0.00E+00   0.00E+00   0.00E+00   1.93E-07   2.50E-06   1.34E-05   3.97E-05   4.16E-05   8.37E-05   1.00E-08
      +/- 0.0 %  +/- 0.0 %  +/- 0.0 %  +/- 0.0 %  +/-24.0 %  +/- 6.2 %  +/- 2.8 %  +/- 1.6 %  +/- 1.4 %  +/- 1.4 %  +/-99.0 %
  92   0.00E+00   0.00E+00   0.00E+00   2.00E-08   5.23E-07   4.91E-06   2.41E-05   3.85E-05   4.18E-05   9.00E-08   0.00E+00
      +/- 0.0 %  +/- 0.0 %  +/- 0.0 %  +/-70.4 %  +/-14.2 %  +/- 4.6 %  +/- 1.9 %  +/- 1.6 %  +/- 1.6 %  +/-32.0 %  +/- 0.0 %
  91   0.00E+00   0.00E+00   0.00E+00   8.00E-08   1.12E-06   9.97E-06   2.59E-05   4.81E-05   3.61E-05   2.00E-08   0.00E+00
      +/- 0.0 %  +/- 0.0 %  +/- 0.0 %  +/-34.1 %  +/- 9.4 %  +/- 2.8 %  +/- 1.8 %  +/- 1.6 %  +/- 1.6 %  +/-70.4 %  +/- 0.0 %
  90   0.00E+00   0.00E+00   0.00E+00   2.40E-07   3.17E-06   1.52E-05   3.29E-05   3.66E-05   3.69E-05   0.00E+00   0.00E+00
      +/- 0.0 %  +/- 0.0 %  +/- 0.0 %  +/-19.7 %  +/- 5.5 %  +/- 2.3 %  +/- 1.6 %  +/- 1.5 %  +/- 1.5 %  +/- 0.0 %  +/- 0.0 %
  89   0.00E+00   0.00E+00   3.00E-08   6.20E-07   5.79E-06   2.22E-05   3.17E-05   3.34E-05   2.00E-08   0.00E+00   0.00E+00
      +/- 0.0 %  +/- 0.0 %  +/-57.1 %  +/-12.3 %  +/- 4.4 %  +/- 2.1 %  +/- 1.7 %  +/- 1.6 %  +/-70.4 %  +/- 0.0 %  +/- 0.0 %
  88   0.00E+00   0.00E+00   1.10E-07   1.63E-06   1.15E-05   2.52E-05   3.26E-05   2.80E-07   1.00E-08   0.00E+00   0.00E+00
      +/- 0.0 %  +/- 0.0 %  +/-28.6 %  +/- 7.9 %  +/- 2.5 %  +/- 1.6 %  +/- 1.6 %  +/-19.7 %  +/-99.0 %  +/- 0.0 %  +/- 0.0 %
  87   0.00E+00   2.00E-08   2.87E-07   3.76E-06   1.35E-05   2.67E-05   2.85E-05   2.00E-08   0.00E+00   0.00E+00   0.00E+00
      +/- 0.0 %  +/-70.4 %  +/-17.7 %  +/- 4.6 %  +/- 2.5 %  +/- 1.8 %  +/- 1.8 %  +/-70.4 %  +/- 0.0 %  +/- 0.0 %  +/- 0.0 %
  86   0.00E+00   0.00E+00   9.43E-07   5.74E-06   2.25E-05   5.29E-06   5.76E-06   0.00E+00   0.00E+00   0.00E+00   0.00E+00
      +/- 0.0 %  +/- 0.0 %  +/-10.2 %  +/- 3.8 %  +/- 2.0 %  +/- 3.9 %  +/- 4.0 %  +/- 0.0 %  +/- 0.0 %  +/- 0.0 %  +/- 0.0 %
  85   0.00E+00   1.20E-07   1.61E-06   1.20E-05   2.30E-05   2.26E-05   6.00E-08   0.00E+00   0.00E+00   0.00E+00   0.00E+00
      +/- 0.0 %  +/-29.7 %  +/- 8.0 %  +/- 2.8 %  +/- 2.2 %  +/- 2.1 %  +/-39.8 %  +/- 0.0 %  +/- 0.0 %  +/- 0.0 %  +/- 0.0 %
  84   2.00E-08   3.40E-07   5.19E-06   1.40E-05   2.06E-05   3.40E-07   3.33E-09   0.00E+00   0.00E+00   0.00E+00   0.00E+00
      +/-70.4 %  +/-18.3 %  +/- 4.5 %  +/- 2.8 %  +/- 2.1 %  +/-17.8 %  +/-99.0 %  +/- 0.0 %  +/- 0.0 %  +/- 0.0 %  +/- 0.0 %
  83   1.00E-08   1.42E-06   6.30E-06   1.57E-05   3.33E-05   8.00E-08   0.00E+00   0.00E+00   0.00E+00   0.00E+00   0.00E+00
      +/-99.0 %  +/- 9.2 %  +/- 3.6 %  +/- 2.2 %  +/- 2.2 %  +/-34.1 %  +/- 0.0 %  +/- 0.0 %  +/- 0.0 %  +/- 0.0 %  +/- 0.0 %
  82   1.97E-07   2.11E-06   1.06E-05   4.30E-06   1.57E-05   1.00E-08   0.00E+00   0.00E+00   0.00E+00   0.00E+00   0.00E+00
      +/-21.4 %  +/- 7.7 %  +/- 3.0 %  +/- 4.4 %  +/- 2.4 %  +/-99.0 %  +/- 0.0 %  +/- 0.0 %  +/- 0.0 %  +/- 0.0 %  +/- 0.0 %
  81   4.83E-07   4.85E-06   9.92E-06   1.26E-05   1.60E-07   0.00E+00   0.00E+00   0.00E+00   0.00E+00   0.00E+00   0.00E+00
      +/-15.6 %  +/- 4.7 %  +/- 3.3 %  +/- 2.8 %  +/-27.7 %  +/- 0.0 %  +/- 0.0 %  +/- 0.0 %  +/- 0.0 %  +/- 0.0 %  +/- 0.0 %
  80   1.52E-06   5.76E-06   1.09E-05   8.20E-07   7.90E-07   0.00E+00   0.00E+00   0.00E+00   0.00E+00   0.00E+00   0.00E+00
      +/- 7.6 %  +/- 4.3 %  +/- 2.8 %  +/-10.9 %  +/-11.0 %  +/- 0.0 %  +/- 0.0 %  +/- 0.0 %  +/- 0.0 %  +/- 0.0 %  +/- 0.0 %
  79   1.99E-06   6.80E-06   1.55E-05   9.01E-06   0.00E+00   0.00E+00   0.00E+00   0.00E+00   0.00E+00   0.00E+00   0.00E+00
      +/- 7.1 %  +/- 3.9 %  +/- 3.6 %  +/- 3.3 %  +/- 0.0 %  +/- 0.0 %  +/- 0.0 %  +/- 0.0 %  +/- 0.0 %  +/- 0.0 %  +/- 0.0 %
  78   3.71E-06   6.82E-06   8.03E-06   6.00E-08   0.00E+00   0.00E+00   0.00E+00   0.00E+00   0.00E+00   0.00E+00   0.00E+00
      +/- 5.2 %  +/- 4.0 %  +/- 3.6 %  +/-39.8 %  +/- 0.0 %  +/- 0.0 %  +/- 0.0 %  +/- 0.0 %  +/- 0.0 %  +/- 0.0 %  +/- 0.0 %
  77   4.35E-06   6.31E-06   6.62E-06   1.00E-08   0.00E+00   0.00E+00   0.00E+00   0.00E+00   0.00E+00   0.00E+00   0.00E+00
      +/- 4.6 %  +/- 3.9 %  +/- 3.7 %  +/-99.0 %  +/- 0.0 %  +/- 0.0 %  +/- 0.0 %  +/- 0.0 %  +/- 0.0 %  +/- 0.0 %  +/- 0.0 %
  76   5.11E-06   9.10E-07   1.03E-06   0.00E+00   0.00E+00   0.00E+00   0.00E+00   0.00E+00   0.00E+00   0.00E+00   0.00E+00
      +/- 4.2 %  +/-10.6 %  +/- 9.2 %  +/- 0.0 %  +/- 0.0 %  +/- 0.0 %  +/- 0.0 %  +/- 0.0 %  +/- 0.0 %  +/- 0.0 %  +/- 0.0 %
  75   4.05E-06   4.52E-06   2.00E-08   0.00E+00   0.00E+00   0.00E+00   0.00E+00   0.00E+00   0.00E+00   0.00E+00   0.00E+00
      +/- 4.6 %  +/- 4.4 %  +/-70.4 %  +/- 0.0 %  +/- 0.0 %  +/- 0.0 %  +/- 0.0 %  +/- 0.0 %  +/- 0.0 %  +/- 0.0 %  +/- 0.0 %
  74   4.00E-06   1.70E-07   7.33E-08   0.00E+00   0.00E+00   0.00E+00   0.00E+00   0.00E+00   0.00E+00   0.00E+00   0.00E+00
      +/- 4.3 %  +/-29.0 %  +/-30.0 %  +/- 0.0 %  +/- 0.0 %  +/- 0.0 %  +/- 0.0 %  +/- 0.0 %  +/- 0.0 %  +/- 0.0 %  +/- 0.0 %
  73   5.66E-06   3.00E-08   0.00E+00   0.00E+00   0.00E+00   0.00E+00   0.00E+00   0.00E+00   0.00E+00   0.00E+00   0.00E+00
      +/- 5.6 %  +/-57.1 %  +/- 0.0 %  +/- 0.0 %  +/- 0.0 %  +/- 0.0 %  +/- 0.0 %  +/- 0.0 %  +/- 0.0 %  +/- 0.0 %  +/- 0.0 %
  72   2.83E-06   0.00E+00   0.00E+00   0.00E+00   0.00E+00   0.00E+00   0.00E+00   0.00E+00   0.00E+00   0.00E+00   0.00E+00
      +/- 6.3 %  +/- 0.0 %  +/- 0.0 %  +/- 0.0 %  +/- 0.0 %  +/- 0.0 %  +/- 0.0 %  +/- 0.0 %  +/- 0.0 %  +/- 0.0 %  +/- 0.0 %
  71   5.00E-08   1.00E-08   0.00E+00   0.00E+00   0.00E+00   0.00E+00   0.00E+00   0.00E+00   0.00E+00   0.00E+00   0.00E+00
      +/-43.8 %  +/-99.0 %  +/- 0.0 %  +/- 0.0 %  +/- 0.0 %  +/- 0.0 %  +/- 0.0 %  +/- 0.0 %  +/- 0.0 %  +/- 0.0 %  +/- 0.0 %
  70   1.10E-07   0.00E+00   0.00E+00   0.00E+00   0.00E+00   0.00E+00   0.00E+00   0.00E+00   0.00E+00   0.00E+00   0.00E+00
      +/-28.6 %  +/- 0.0 %  +/- 0.0 %  +/- 0.0 %  +/- 0.0 %  +/- 0.0 %  +/- 0.0 %  +/- 0.0 %  +/- 0.0 %  +/- 0.0 %  +/- 0.0 %

  A \ Z   21         22         23         24         25         26         27         28         29         30         31
  82   0.00E+00   0.00E+00   0.00E+00   0.00E+00   0.00E+00   0.00E+00   0.00E+00   0.00E+00   0.00E+00   0.00E+00   1.00E-08
      +/- 0.0 %  +/- 0.0 %  +/- 0.0 %  +/- 0.0 %  +/- 0.0 %  +/- 0.0 %  +/- 0.0 %  +/- 0.0 %  +/- 0.0 %  +/- 0.0 %  +/-99.0 %
  81   0.00E+00   0.00E+00   0.00E+00   0.00E+00   0.00E+00   0.00E+00   0.00E+00   0.00E+00   0.00E+00   0.00E+00   4.00E-08
      +/- 0.0 %  +/- 0.0 %  +/- 0.0 %  +/- 0.0 %  +/- 0.0 %  +/- 0.0 %  +/- 0.0 %  +/- 0.0 %  +/- 0.0 %  +/- 0.0 %  +/-49.2 %
  80   0.00E+00   0.00E+00   0.00E+00   0.00E+00   0.00E+00   0.00E+00   0.00E+00   0.00E+00   0.00E+00   0.00E+00   9.00E-08
      +/- 0.0 %  +/- 0.0 %  +/- 0.0 %  +/- 0.0 %  +/- 0.0 %  +/- 0.0 %  +/- 0.0 %  +/- 0.0 %  +/- 0.0 %  +/- 0.0 %  +/-32.0 %
  79   0.00E+00   0.00E+00   0.00E+00   0.00E+00   0.00E+00   0.00E+00   0.00E+00   0.00E+00   0.00E+00   0.00E+00   3.00E-07
      +/- 0.0 %  +/- 0.0 %  +/- 0.0 %  +/- 0.0 %  +/- 0.0 %  +/- 0.0 %  +/- 0.0 %  +/- 0.0 %  +/- 0.0 %  +/- 0.0 %  +/-18.7 %
  78   0.00E+00   0.00E+00   0.00E+00   0.00E+00   0.00E+00   0.00E+00   0.00E+00   0.00E+00   0.00E+00   4.00E-08   4.90E-07
      +/- 0.0 %  +/- 0.0 %  +/- 0.0 %  +/- 0.0 %  +/- 0.0 %  +/- 0.0 %  +/- 0.0 %  +/- 0.0 %  +/- 0.0 %  +/-49.2 %  +/-15.2 %
  77   0.00E+00   0.00E+00   0.00E+00   0.00E+00   0.00E+00   0.00E+00   0.00E+00   0.00E+00   0.00E+00   1.50E-07   1.48E-06
      +/- 0.0 %  +/- 0.0 %  +/- 0.0 %  +/- 0.0 %  +/- 0.0 %  +/- 0.0 %  +/- 0.0 %  +/- 0.0 %  +/- 0.0 %  +/-23.9 %  +/- 7.9 %
  76   0.00E+00   0.00E+00   0.00E+00   0.00E+00   0.00E+00   0.00E+00   0.00E+00   0.00E+00   1.00E-08   3.90E-07   1.81E-06
      +/- 0.0 %  +/- 0.0 %  +/- 0.0 %  +/- 0.0 %  +/- 0.0 %  +/- 0.0 %  +/- 0.0 %  +/- 0.0 %  +/-99.0 %  +/-15.0 %  +/- 7.1 %
  75   0.00E+00   0.00E+00   0.00E+00   0.00E+00   0.00E+00   0.00E+00   0.00E+00   0.00E+00   8.00E-08   5.97E-07   2.78E-06
      +/- 0.0 %  +/- 0.0 %  +/- 0.0 %  +/- 0.0 %  +/- 0.0 %  +/- 0.0 %  +/- 0.0 %  +/- 0.0 %  +/-34.1 %  +/-12.6 %  +/- 5.6 %
  74   0.00E+00   0.00E+00   0.00E+00   0.00E+00   0.00E+00   0.00E+00   0.00E+00   0.00E+00   9.00E-08   1.15E-06   3.17E-06
      +/- 0.0 %  +/- 0.0 %  +/- 0.0 %  +/- 0.0 %  +/- 0.0 %  +/- 0.0 %  +/- 0.0 %  +/- 0.0 %  +/-32.0 %  +/- 9.5 %  +/- 5.8 %
  73   0.00E+00   0.00E+00   0.00E+00   0.00E+00   0.00E+00   0.00E+00   0.00E+00   1.00E-08   3.40E-07   1.08E-06   2.66E-06
      +/- 0.0 %  +/- 0.0 %  +/- 0.0 %  +/- 0.0 %  +/- 0.0 %  +/- 0.0 %  +/- 0.0 %  +/-99.0 %  +/-18.3 %  +/- 9.7 %  +/- 6.0 %
  72   0.00E+00   0.00E+00   0.00E+00   0.00E+00   0.00E+00   0.00E+00   0.00E+00   5.00E-08   3.50E-07   1.91E-06   2.64E-06
      +/- 0.0 %  +/- 0.0 %  +/- 0.0 %  +/- 0.0 %  +/- 0.0 %  +/- 0.0 %  +/- 0.0 %  +/-52.2 %  +/-16.4 %  +/- 7.8 %  +/- 6.6 %
  71   0.00E+00   0.00E+00   0.00E+00   0.00E+00   0.00E+00   0.00E+00   0.00E+00   7.00E-08   7.10E-07   1.75E-06   2.30E-06
      +/- 0.0 %  +/- 0.0 %  +/- 0.0 %  +/- 0.0 %  +/- 0.0 %  +/- 0.0 %  +/- 0.0 %  +/-36.6 %  +/-13.3 %  +/- 8.1 %  +/- 6.3 %
  70   0.00E+00   0.00E+00   0.00E+00   0.00E+00   0.00E+00   1.00E-08   1.00E-08   2.10E-07   7.00E-07   1.66E-06   1.10E-07
      +/- 0.0 %  +/- 0.0 %  +/- 0.0 %  +/- 0.0 %  +/- 0.0 %  +/-99.0 %  +/-99.0 %  +/-21.7 %  +/-12.4 %  +/- 7.6 %  +/-28.6 %
  69   0.00E+00   0.00E+00   0.00E+00   0.00E+00   0.00E+00   1.00E-08   7.00E-08   3.20E-07   1.19E-06   1.52E-06   1.58E-06
      +/- 0.0 %  +/- 0.0 %  +/- 0.0 %  +/- 0.0 %  +/- 0.0 %  +/-99.0 %  +/-36.6 %  +/-16.5 %  +/- 8.2 %  +/- 7.5 %  +/- 7.4 %
  68   0.00E+00   0.00E+00   0.00E+00   0.00E+00   0.00E+00   0.00E+00   1.00E-07   5.00E-07   8.70E-07   1.04E-06   2.00E-08
      +/- 0.0 %  +/- 0.0 %  +/- 0.0 %  +/- 0.0 %  +/- 0.0 %  +/- 0.0 %  +/-33.3 %  +/-14.4 %  +/-10.2 %  +/- 8.7 %  +/-70.4 %
  67   0.00E+00   0.00E+00   0.00E+00   0.00E+00   0.00E+00   0.00E+00   1.60E-07   3.70E-07   6.90E-07   7.40E-07   0.00E+00
      +/- 0.0 %  +/- 0.0 %  +/- 0.0 %  +/- 0.0 %  +/- 0.0 %  +/- 0.0 %  +/-23.0 %  +/-14.7 %  +/-11.8 %  +/-11.6 %  +/- 0.0 %
  66   0.00E+00   0.00E+00   0.00E+00   0.00E+00   0.00E+00   9.00E-08   2.50E-07   6.20E-07   7.50E-07   7.60E-07   0.00E+00
      +/- 0.0 %  +/- 0.0 %  +/- 0.0 %  +/- 0.0 %  +/- 0.0 %  +/-32.0 %  +/-19.2 %  +/-12.3 %  +/-10.8 %  +/-10.8 %  +/- 0.0 %
  65   0.00E+00   0.00E+00   0.00E+00   0.00E+00   1.00E-08   2.00E-08   3.30E-07   5.20E-07   5.70E-07   0.00E+00   0.00E+00
      +/- 0.0 %  +/- 0.0 %  +/- 0.0 %  +/- 0.0 %  +/-99.0 %  +/-70.4 %  +/-17.3 %  +/-13.2 %  +/-12.3 %  +/- 0.0 %  +/- 0.0 %
  64   0.00E+00   0.00E+00   0.00E+00   0.00E+00   0.00E+00   1.70E-07   3.20E-07   4.57E-07   1.00E-08   3.33E-09   0.00E+00
      +/- 0.0 %  +/- 0.0 %  +/- 0.0 %  +/- 0.0 %  +/- 0.0 %  +/-23.7 %  +/-16.5 %  +/-14.7 %  +/-99.0 %  +/-99.0 %  +/- 0.0 %
  63   0.00E+00   0.00E+00   0.00E+00   0.00E+00   5.00E-08   1.90E-07   3.00E-07   3.30E-07   3.30E-07   0.00E+00   0.00E+00
      +/- 0.0 %  +/- 0.0 %  +/- 0.0 %  +/- 0.0 %  +/-43.8 %  +/-22.1 %  +/-18.7 %  +/-17.3 %  +/-17.3 %  +/- 0.0 %  +/- 0.0 %
  62   0.00E+00   0.00E+00   0.00E+00   0.00E+00   3.00E-08   1.70E-07   2.30E-07   2.30E-07   0.00E+00   0.00E+00   0.00E+00
      +/- 0.0 %  +/- 0.0 %  +/- 0.0 %  +/- 0.0 %  +/-57.1 %  +/-22.2 %  +/-20.4 %  +/-20.4 %  +/- 0.0 %  +/- 0.0 %  +/- 0.0 %
  61   0.00E+00   0.00E+00   1.00E-08   6.00E-08   1.60E-07   2.00E-07   2.30E-07   2.30E-07   0.00E+00   0.00E+00   0.00E+00
      +/- 0.0 %  +/- 0.0 %  +/-99.0 %  +/-39.8 %  +/-23.0 %  +/-20.1 %  +/-18.4 %  +/-18.4 %  +/- 0.0 %  +/- 0.0 %  +/- 0.0 %
  60   0.00E+00   0.00E+00   0.00E+00   1.00E-08   1.20E-07   1.90E-07   3.80E-07   1.90E-07   0.00E+00   0.00E+00   0.00E+00
      +/- 0.0 %  +/- 0.0 %  +/- 0.0 %  +/-99.0 %  +/-27.2 %  +/-22.1 %  +/-22.1 %  +/-22.1 %  +/- 0.0 %  +/- 0.0 %  +/- 0.0 %
  59   0.00E+00   0.00E+00   2.00E-08   2.00E-08   1.20E-07   1.60E-07   1.60E-07   0.00E+00   0.00E+00   0.00E+00   0.00E+00
      +/- 0.0 %  +/- 0.0 %  +/-70.4 %  +/-70.4 %  +/-27.2 %  +/-23.0 %  +/-23.0 %  +/- 0.0 %  +/- 0.0 %  +/- 0.0 %  +/- 0.0 %
  58   0.00E+00   0.00E+00   0.00E+00   9.00E-08   1.30E-07   1.50E-07   0.00E+00   0.00E+00   0.00E+00   0.00E+00   0.00E+00
      +/- 0.0 %  +/- 0.0 %  +/- 0.0 %  +/-35.6 %  +/-28.2 %  +/-27.4 %  +/- 0.0 %  +/- 0.0 %  +/- 0.0 %  +/- 0.0 %  +/- 0.0 %
  57   0.00E+00   0.00E+00   1.00E-08   3.00E-08   6.00E-08   6.00E-08   0.00E+00   0.00E+00   0.00E+00   0.00E+00   0.00E+00
      +/- 0.0 %  +/- 0.0 %  +/-99.0 %  +/-57.1 %  +/-39.8 %  +/-39.8 %  +/- 0.0 %  +/- 0.0 %  +/- 0.0 %  +/- 0.0 %  +/- 0.0 %
  56   0.00E+00   0.00E+00   1.00E-08   5.00E-08   7.00E-08   7.00E-08   0.00E+00   0.00E+00   0.00E+00   0.00E+00   0.00E+00
      +/- 0.0 %  +/- 0.0 %  +/-99.0 %  +/-43.8 %  +/-36.6 %  +/-36.6 %  +/- 0.0 %  +/- 0.0 %  +/- 0.0 %  +/- 0.0 %  +/- 0.0 %
  55   1.00E-08   0.00E+00   4.00E-08   7.00E-08   9.00E-08   0.00E+00   0.00E+00   0.00E+00   0.00E+00   0.00E+00   0.00E+00
      +/-99.0 %  +/- 0.0 %  +/-49.2 %  +/-41.9 %  +/-35.6 %  +/- 0.0 %  +/- 0.0 %  +/- 0.0 %  +/- 0.0 %  +/- 0.0 %  +/- 0.0 %
  54   0.00E+00   1.00E-08   1.00E-08   3.00E-08   1.00E-08   0.00E+00   0.00E+00   0.00E+00   0.00E+00   0.00E+00   0.00E+00
      +/- 0.0 %  +/-99.0 %  +/-99.0 %  +/-57.1 %  +/-99.0 %  +/- 0.0 %  +/- 0.0 %  +/- 0.0 %  +/- 0.0 %  +/- 0.0 %  +/- 0.0 %
  53   0.00E+00   3.00E-08   3.00E-08   3.00E-08   0.00E+00   0.00E+00   0.00E+00   0.00E+00   0.00E+00   0.00E+00   0.00E+00
      +/- 0.0 %  +/-57.1 %  +/-57.1 %  +/-57.1 %  +/- 0.0 %  +/- 0.0 %  +/- 0.0 %  +/- 0.0 %  +/- 0.0 %  +/- 0.0 %  +/- 0.0 %
  52   1.00E-08   3.00E-08   3.00E-08   3.00E-08   0.00E+00   0.00E+00   0.00E+00   0.00E+00   0.00E+00   0.00E+00   0.00E+00
      +/-99.0 %  +/-57.1 %  +/-57.1 %  +/-57.1 %  +/- 0.0 %  +/- 0.0 %  +/- 0.0 %  +/- 0.0 %  +/- 0.0 %  +/- 0.0 %  +/- 0.0 %
  51   0.00E+00   0.00E+00   2.00E-08   0.00E+00   0.00E+00   0.00E+00   0.00E+00   0.00E+00   0.00E+00   0.00E+00   0.00E+00
      +/- 0.0 %  +/- 0.0 %  +/-70.4 %  +/- 0.0 %  +/- 0.0 %  +/- 0.0 %  +/- 0.0 %  +/- 0.0 %  +/- 0.0 %  +/- 0.0 %  +/- 0.0 %
  50   2.00E-08   2.00E-08   0.00E+00   0.00E+00   0.00E+00   0.00E+00   0.00E+00   0.00E+00   0.00E+00   0.00E+00   0.00E+00
      +/-70.4 %  +/-70.4 %  +/- 0.0 %  +/- 0.0 %  +/- 0.0 %  +/- 0.0 %  +/- 0.0 %  +/- 0.0 %  +/- 0.0 %  +/- 0.0 %  +/- 0.0 %
  48   0.00E+00   1.00E-08   0.00E+00   0.00E+00   0.00E+00   0.00E+00   0.00E+00   0.00E+00   0.00E+00   0.00E+00   0.00E+00
      +/- 0.0 %  +/-99.0 %  +/- 0.0 %  +/- 0.0 %  +/- 0.0 %  +/- 0.0 %  +/- 0.0 %  +/- 0.0 %  +/- 0.0 %  +/- 0.0 %  +/- 0.0 %
  45   1.00E-08   0.00E+00   0.00E+00   0.00E+00   0.00E+00   0.00E+00   0.00E+00   0.00E+00   0.00E+00   0.00E+00   0.00E+00
      +/-99.0 %  +/- 0.0 %  +/- 0.0 %  +/- 0.0 %  +/- 0.0 %  +/- 0.0 %  +/- 0.0 %  +/- 0.0 %  +/- 0.0 %  +/- 0.0 %  +/- 0.0 %

  A \ Z   10         11         12         13         14         15         16         17         18         19         20
  48   0.00E+00   0.00E+00   0.00E+00   0.00E+00   0.00E+00   0.00E+00   0.00E+00   0.00E+00   0.00E+00   0.00E+00   1.00E-08
      +/- 0.0 %  +/- 0.0 %  +/- 0.0 %  +/- 0.0 %  +/- 0.0 %  +/- 0.0 %  +/- 0.0 %  +/- 0.0 %  +/- 0.0 %  +/- 0.0 %  +/-99.0 %
  45   0.00E+00   0.00E+00   0.00E+00   0.00E+00   0.00E+00   0.00E+00   0.00E+00   0.00E+00   0.00E+00   1.00E-08   1.00E-08
      +/- 0.0 %  +/- 0.0 %  +/- 0.0 %  +/- 0.0 %  +/- 0.0 %  +/- 0.0 %  +/- 0.0 %  +/- 0.0 %  +/- 0.0 %  +/-99.0 %  +/-99.0 %
  23   1.00E-08   1.00E-08   0.00E+00   0.00E+00   0.00E+00   0.00E+00   0.00E+00   0.00E+00   0.00E+00   0.00E+00   0.00E+00
      +/-99.0 %  +/-99.0 %  +/- 0.0 %  +/- 0.0 %  +/- 0.0 %  +/- 0.0 %  +/- 0.0 %  +/- 0.0 %  +/- 0.0 %  +/- 0.0 %  +/- 0.0 %

  A \ Z    1          2          3          4          5          6          7          8          9
  14   0.00E+00   0.00E+00   0.00E+00   0.00E+00   0.00E+00   3.00E-08   3.00E-08   0.00E+00   0.00E+00
      +/- 0.0 %  +/- 0.0 %  +/- 0.0 %  +/- 0.0 %  +/- 0.0 %  +/-57.1 %  +/-57.1 %  +/- 0.0 %  +/- 0.0 %
  13   0.00E+00   0.00E+00   0.00E+00   0.00E+00   0.00E+00   2.00E-08   0.00E+00   0.00E+00   0.00E+00
      +/- 0.0 %  +/- 0.0 %  +/- 0.0 %  +/- 0.0 %  +/- 0.0 %  +/-70.4 %  +/- 0.0 %  +/- 0.0 %  +/- 0.0 %
  12   0.00E+00   0.00E+00   0.00E+00   0.00E+00   0.00E+00   1.00E-08   0.00E+00   0.00E+00   0.00E+00
      +/- 0.0 %  +/- 0.0 %  +/- 0.0 %  +/- 0.0 %  +/- 0.0 %  +/-99.0 %  +/- 0.0 %  +/- 0.0 %  +/- 0.0 %
  11   0.00E+00   0.00E+00   0.00E+00   0.00E+00   2.00E-08   0.00E+00   0.00E+00   0.00E+00   0.00E+00
      +/- 0.0 %  +/- 0.0 %  +/- 0.0 %  +/- 0.0 %  +/-70.4 %  +/- 0.0 %  +/- 0.0 %  +/- 0.0 %  +/- 0.0 %
  10   0.00E+00   0.00E+00   0.00E+00   2.00E-08   2.00E-08   0.00E+00   0.00E+00   0.00E+00   0.00E+00
      +/- 0.0 %  +/- 0.0 %  +/- 0.0 %  +/-70.4 %  +/-70.4 %  +/- 0.0 %  +/- 0.0 %  +/- 0.0 %  +/- 0.0 %
   9   0.00E+00   0.00E+00   0.00E+00   3.00E-08   0.00E+00   0.00E+00   0.00E+00   0.00E+00   0.00E+00
      +/- 0.0 %  +/- 0.0 %  +/- 0.0 %  +/-57.1 %  +/- 0.0 %  +/- 0.0 %  +/- 0.0 %  +/- 0.0 %  +/- 0.0 %
   7   0.00E+00   0.00E+00   6.00E-08   0.00E+00   0.00E+00   0.00E+00   0.00E+00   0.00E+00   0.00E+00
      +/- 0.0 %  +/- 0.0 %  +/-39.8 %  +/- 0.0 %  +/- 0.0 %  +/- 0.0 %  +/- 0.0 %  +/- 0.0 %  +/- 0.0 %
   6   0.00E+00   9.00E-08   9.00E-08   0.00E+00   0.00E+00   0.00E+00   0.00E+00   0.00E+00   0.00E+00
      +/- 0.0 %  +/-35.6 %  +/-35.6 %  +/- 0.0 %  +/- 0.0 %  +/- 0.0 %  +/- 0.0 %  +/- 0.0 %  +/- 0.0 %
   4   0.00E+00   5.14E-04   0.00E+00   0.00E+00   0.00E+00   0.00E+00   0.00E+00   0.00E+00   0.00E+00
      +/- 0.0 %  +/- 0.5 %  +/- 0.0 %  +/- 0.0 %  +/- 0.0 %  +/- 0.0 %  +/- 0.0 %  +/- 0.0 %  +/- 0.0 %
   3   9.34E-04   9.74E-04   0.00E+00   0.00E+00   0.00E+00   0.00E+00   0.00E+00   0.00E+00   0.00E+00
      +/- 0.4 %  +/- 0.3 %  +/- 0.0 %  +/- 0.0 %  +/- 0.0 %  +/- 0.0 %  +/- 0.0 %  +/- 0.0 %  +/- 0.0 %
   2   3.54E-03   0.00E+00   0.00E+00   0.00E+00   0.00E+00   0.00E+00   0.00E+00   0.00E+00   0.00E+00
      +/- 0.2 %  +/- 0.0 %  +/- 0.0 %  +/- 0.0 %  +/- 0.0 %  +/- 0.0 %  +/- 0.0 %  +/- 0.0 %  +/- 0.0 %
   1   9.45E-01   0.00E+00   0.00E+00   0.00E+00   0.00E+00   0.00E+00   0.00E+00   0.00E+00   0.00E+00
      +/- 0.0 %  +/- 0.0 %  +/- 0.0 %  +/- 0.0 %  +/- 0.0 %  +/- 0.0 %  +/- 0.0 %  +/- 0.0 %  +/- 0.0 %


