# Detector n:     1  
1         
# A_min-A_max    1  221
  221   0.000       0.000    
  220   0.000       0.000    
  219   0.000       0.000    
  218   0.000       0.000    
  217   0.000       0.000    
  216   0.000       0.000    
  215   0.000       0.000    
  214   0.000       0.000    
  213   0.000       0.000    
  212   0.000       0.000    
  211   0.000       0.000    
  210  4.0000E-08   70.35    
  209  4.9920E-05   1.817    
  208  8.4128E-03  0.1209    
  207  2.4494E-02  7.8144E-02
  206  2.9805E-02  6.9130E-02
  205  3.8677E-02  9.2117E-02
  204  2.3808E-02  9.1865E-02
  203  3.7236E-02  8.6404E-02
  202  4.0360E-02  9.5183E-02
  201  3.1767E-02  0.1221    
  200  1.7496E-02  0.1158    
  199  8.4978E-03  0.2130    
  198  2.6737E-03  0.3538    
  197  8.3527E-04  0.7842    
  196  1.7325E-04   1.232    
  195  1.0946E-04   2.041    
  194  2.1480E-05   3.881    
  193  7.5200E-06   7.421    
  192  7.1000E-07   19.54    
  191  2.8000E-07   32.54    
  190  1.1000E-07   40.65    
  189  7.0000E-08   58.34    
  188  2.0000E-08   99.00    
  187  2.0000E-08   99.00    
  186  4.0000E-08   49.24    
  185   0.000       0.000    
  184   0.000       0.000    
  183   0.000       0.000    
  182  4.0000E-08   49.24    
  181   0.000       0.000    
  180   0.000       0.000    
  179  2.0000E-08   99.00    
  178   0.000       0.000    
  177   0.000       0.000    
  176   0.000       0.000    
  175   0.000       0.000    
  174   0.000       0.000    
  173   0.000       0.000    
  172   0.000       0.000    
  171   0.000       0.000    
  170   0.000       0.000    
  169   0.000       0.000    
  168   0.000       0.000    
  167   0.000       0.000    
  166   0.000       0.000    
  165   0.000       0.000    
  164   0.000       0.000    
  163   0.000       0.000    
  162   0.000       0.000    
  161   0.000       0.000    
  160  1.0000E-08   99.00    
  159   0.000       0.000    
  158   0.000       0.000    
  157  6.0000E-08   74.23    
  156   0.000       0.000    
  155   0.000       0.000    
  154   0.000       0.000    
  153  6.0000E-08   70.35    
  152  3.0000E-08   74.23    
  151  2.0000E-08   99.00    
  150  6.0000E-08   52.01    
  149   0.000       0.000    
  148  7.0000E-08   50.78    
  147  1.3000E-07   49.69    
  146  8.0000E-08   45.92    
  145  1.1000E-07   40.65    
  144  2.8000E-07   37.67    
  143  3.7000E-07   26.80    
  142  3.3000E-07   21.12    
  141  6.6000E-07   21.56    
  140  5.4000E-07   20.29    
  139  5.4000E-07   15.66    
  138  4.4000E-07   23.14    
  137  1.0133E-06   16.18    
  136  6.9667E-07   13.59    
  135  1.3533E-06   12.70    
  134  1.3100E-06   12.55    
  133  2.0567E-06   10.14    
  132  1.9700E-06   8.731    
  131  3.0533E-06   7.814    
  130  3.8900E-06   6.746    
  129  5.8867E-06   6.189    
  128  4.3900E-06   5.969    
  127  7.5400E-06   5.575    
  126  6.7000E-06   4.797    
  125  9.4367E-06   4.688    
  124  8.6400E-06   4.640    
  123  1.1250E-05   4.357    
  122  1.2410E-05   3.901    
  121  2.0377E-05   3.951    
  120  1.9940E-05   2.835    
  119  2.5177E-05   3.125    
  118  3.7250E-05   2.823    
  117  4.9520E-05   2.494    
  116  2.9260E-05   2.561    
  115  9.3413E-05   2.203    
  114  4.7880E-05   2.528    
  113  8.8383E-05   1.868    
  112  8.1750E-05   1.780    
  111  1.1927E-04   1.865    
  110  6.1950E-05   1.681    
  109  1.4880E-04   1.569    
  108  9.2970E-05   1.522    
  107  1.5726E-04   1.613    
  106  1.4458E-04   1.577    
  105  1.8017E-04   1.526    
  104  9.8740E-05   1.622    
  103  2.1761E-04   1.490    
  102  1.4390E-04   1.410    
  101  1.5299E-04   1.624    
  100  8.7670E-05   1.382    
   99  2.2491E-04   1.471    
   98  1.1019E-04   1.629    
   97  1.5224E-04   1.461    
   96  7.3550E-05   1.428    
   95  1.5922E-04   1.450    
   94  8.6590E-05   1.607    
   93  1.8112E-04   1.481    
   92  1.0996E-04   1.667    
   91  1.2128E-04   1.614    
   90  1.2502E-04   1.541    
   89  9.3787E-05   1.762    
   88  7.1260E-05   1.624    
   87  7.2833E-05   1.792    
   86  4.0230E-05   1.859    
   85  5.9383E-05   2.159    
   84  4.0470E-05   2.342    
   83  5.6767E-05   2.220    
   82  3.2957E-05   2.469    
   81  2.8047E-05   3.093    
   80  1.9880E-05   3.034    
   79  3.3627E-05   3.552    
   78  1.9150E-05   3.838    
   77  1.8920E-05   3.898    
   76  9.2600E-06   3.882    
   75  1.2037E-05   4.574    
   74  8.6533E-06   4.824    
   73  9.7800E-06   5.972    
   72  7.7800E-06   6.520    
   71  4.8900E-06   7.178    
   70  2.8100E-06   7.782    
   69  4.6900E-06   7.284    
   68  2.5300E-06   9.770    
   67  1.9600E-06   11.62    
   66  2.4700E-06   11.09    
   65  1.4500E-06   13.16    
   64  9.6000E-07   15.09    
   63  1.2000E-06   17.65    
   62  6.6000E-07   20.79    
   61  8.9000E-07   18.89    
   60  8.9000E-07   22.12    
   59  4.8000E-07   24.14    
   58  3.7000E-07   28.40    
   57  1.6000E-07   38.44    
   56  2.0000E-07   37.61    
   55  2.1000E-07   36.63    
   54  6.0000E-08   61.86    
   53  9.0000E-08   57.15    
   52  1.0000E-07   57.74    
   51  2.0000E-08   70.35    
   50  4.0000E-08   70.35    
   49   0.000       0.000    
   48  2.0000E-08   70.35    
   47   0.000       0.000    
   46   0.000       0.000    
   45  3.0000E-08   99.00    
   44   0.000       0.000    
   43   0.000       0.000    
   42   0.000       0.000    
   41   0.000       0.000    
   40   0.000       0.000    
   39   0.000       0.000    
   38   0.000       0.000    
   37   0.000       0.000    
   36   0.000       0.000    
   35   0.000       0.000    
   34   0.000       0.000    
   33   0.000       0.000    
   32   0.000       0.000    
   31   0.000       0.000    
   30   0.000       0.000    
   29   0.000       0.000    
   28   0.000       0.000    
   27   0.000       0.000    
   26   0.000       0.000    
   25   0.000       0.000    
   24   0.000       0.000    
   23  2.0000E-08   99.00    
   22   0.000       0.000    
   21   0.000       0.000    
   20   0.000       0.000    
   19   0.000       0.000    
   18   0.000       0.000    
   17   0.000       0.000    
   16   0.000       0.000    
   15   0.000       0.000    
   14  6.0000E-08   57.15    
   13  2.0000E-08   70.35    
   12  1.0000E-08   99.00    
   11  2.0000E-08   70.35    
   10  4.0000E-08   70.35    
    9  3.0000E-08   57.15    
    8   0.000       0.000    
    7  6.0000E-08   39.78    
    6  1.8000E-07   35.65    
    5   0.000       0.000    
    4  5.1429E-04  0.4562    
    3  1.9078E-03  0.3480    
    2  3.5415E-03  0.1584    
    1  0.9452      2.5429E-03
 # Z_min-Z_max           1          86
   86   0.000       0.000    
   85   0.000       0.000    
   84  9.0000E-08   35.65    
   83  5.0536E-02  4.5150E-02
   82  0.1266      3.8810E-02
   81  5.8741E-02  4.6138E-02
   80  2.8301E-02  5.9855E-02
   79  2.5314E-04  0.6767    
   78  3.6163E-05   1.725    
   77  1.8600E-06   6.619    
   76  1.1000E-07   28.59    
   75   0.000       0.000    
   74  4.0000E-08   49.24    
   73  1.0000E-08   99.00    
   72  1.0000E-08   99.00    
   71   0.000       0.000    
   70   0.000       0.000    
   69   0.000       0.000    
   68   0.000       0.000    
   67   0.000       0.000    
   66   0.000       0.000    
   65   0.000       0.000    
   64  3.0000E-08   57.15    
   63  5.0000E-08   43.81    
   62  1.5000E-07   23.92    
   61  1.2000E-07   27.22    
   60  5.0000E-07   15.18    
   59  6.2000E-07   12.92    
   58  1.0167E-06   9.857    
   57  9.8000E-07   8.938    
   56  2.8467E-06   6.616    
   55  2.8100E-06   5.760    
   54  1.0467E-05   2.888    
   53  1.0930E-05   2.790    
   52  2.2310E-05   2.133    
   51  2.7430E-05   2.024    
   50  1.0064E-04  0.8450    
   49  1.2278E-04  0.9136    
   48  1.7083E-04  0.7515    
   47  2.6296E-04  0.6633    
   46  3.0858E-04  0.5970    
   45  3.4573E-04  0.6853    
   44  3.8747E-04  0.5768    
   43  3.1805E-04  0.7213    
   42  3.6124E-04  0.6806    
   41  3.4017E-04  0.6371    
   40  3.4286E-04  0.5417    
   39  2.7028E-04  0.6165    
   38  2.0951E-04  0.6709    
   37  1.3627E-04  0.7889    
   36  1.5195E-04  0.8434    
   35  8.0567E-05   1.024    
   34  7.7210E-05   1.156    
   33  4.0187E-05   1.535    
   32  3.4077E-05   1.760    
   31  1.9473E-05   2.130    
   30  1.2793E-05   2.656    
   29  6.6900E-06   3.922    
   28  4.1067E-06   4.791    
   27  2.5400E-06   6.341    
   26  1.4900E-06   7.170    
   25  8.5000E-07   8.907    
   24  4.2000E-07   14.03    
   23  1.8000E-07   25.44    
   22  1.0000E-07   30.15    
   21  5.0000E-08   43.81    
   20  2.0000E-08   70.35    
   19  1.0000E-08   99.00    
   18   0.000       0.000    
   17   0.000       0.000    
   16   0.000       0.000    
   15   0.000       0.000    
   14   0.000       0.000    
   13   0.000       0.000    
   12   0.000       0.000    
   11  1.0000E-08   99.00    
   10  1.0000E-08   99.00    
    9   0.000       0.000    
    8   0.000       0.000    
    7  3.0000E-08   57.15    
    6  6.0000E-08   39.78    
    5  4.0000E-08   49.24    
    4  5.0000E-08   43.81    
    3  1.5000E-07   25.73    
    2  1.4884E-03  0.2702    
    1  0.9497      2.4448E-03
# A/Z Isotopes:
  210   76   0.000       0.000    
  210   77   0.000       0.000    
  210   78   0.000       0.000    
  210   79   0.000       0.000    
  210   80   0.000       0.000    
  210   81   0.000       0.000    
  210   82   0.000       0.000    
  210   83  2.0000E-08   70.35    
  210   84  2.0000E-08   70.35    
  210   85   0.000       0.000    
  210   86   0.000       0.000    
  209   76   0.000       0.000    
  209   77   0.000       0.000    
  209   78   0.000       0.000    
  209   79   0.000       0.000    
  209   80   0.000       0.000    
  209   81   0.000       0.000    
  209   82  2.4130E-05   1.892    
  209   83  2.5790E-05   1.790    
  209   84   0.000       0.000    
  209   85   0.000       0.000    
  209   86   0.000       0.000    
  208   76   0.000       0.000    
  208   77   0.000       0.000    
  208   78   0.000       0.000    
  208   79   0.000       0.000    
  208   80   0.000       0.000    
  208   81  9.4600E-06   3.541    
  208   82  7.9575E-03  0.1208    
  208   83  4.4582E-04  0.4826    
  208   84  2.0000E-08   70.35    
  208   85   0.000       0.000    
  208   86   0.000       0.000    
  207   76   0.000       0.000    
  207   77   0.000       0.000    
  207   78   0.000       0.000    
  207   79   0.000       0.000    
  207   80   0.000       0.000    
  207   81  2.6338E-04  0.5680    
  207   82  2.1266E-02  7.3865E-02
  207   83  2.9650E-03  0.1595    
  207   84  1.0000E-08   99.00    
  207   85   0.000       0.000    
  207   86   0.000       0.000    
  206   76   0.000       0.000    
  206   77   0.000       0.000    
  206   78   0.000       0.000    
  206   79   0.000       0.000    
  206   80  6.4000E-07   12.86    
  206   81  2.6268E-04  0.5759    
  206   82  2.4735E-02  6.4929E-02
  206   83  4.8062E-03  0.1468    
  206   84  2.0000E-08   70.35    
  206   85   0.000       0.000    
  206   86   0.000       0.000    
  205   76   0.000       0.000    
  205   77   0.000       0.000    
  205   78   0.000       0.000    
  205   79   0.000       0.000    
  205   80  1.8300E-06   6.773    
  205   81  1.5600E-02  9.0853E-02
  205   82  1.5245E-02  9.1725E-02
  205   83  7.8302E-03  0.1187    
  205   84  2.0000E-08   70.35    
  205   85   0.000       0.000    
  205   86   0.000       0.000    
  204   76   0.000       0.000    
  204   77   0.000       0.000    
  204   78   0.000       0.000    
  204   79   0.000       0.000    
  204   80  9.1700E-06   2.368    
  204   81  2.6131E-04  0.6109    
  204   82  1.5845E-02  9.2053E-02
  204   83  7.6923E-03  0.1135    
  204   84   0.000       0.000    
  204   85   0.000       0.000    
  204   86   0.000       0.000    
  203   76   0.000       0.000    
  203   77   0.000       0.000    
  203   78   0.000       0.000    
  203   79   0.000       0.000    
  203   80  2.7300E-06   6.373    
  203   81  1.4228E-02  8.5035E-02
  203   82  1.3969E-02  8.5068E-02
  203   83  9.0360E-03  0.1070    
  203   84   0.000       0.000    
  203   85   0.000       0.000    
  203   86   0.000       0.000    
  202   76   0.000       0.000    
  202   77   0.000       0.000    
  202   78   0.000       0.000    
  202   79  1.0000E-08   99.00    
  202   80  1.1246E-02  9.3702E-02
  202   81  1.1242E-02  9.3697E-02
  202   82  1.1179E-02  9.4237E-02
  202   83  6.6927E-03  0.1211    
  202   84   0.000       0.000    
  202   85   0.000       0.000    
  202   86   0.000       0.000    
  201   76   0.000       0.000    
  201   77   0.000       0.000    
  201   78   0.000       0.000    
  201   79  1.0000E-08   99.00    
  201   80  8.6374E-03  0.1236    
  201   81  8.6332E-03  0.1235    
  201   82  8.4973E-03  0.1236    
  201   83  5.9997E-03  0.1387    
  201   84   0.000       0.000    
  201   85   0.000       0.000    
  201   86   0.000       0.000    
  200   76   0.000       0.000    
  200   77   0.000       0.000    
  200   78   0.000       0.000    
  200   79  1.0000E-08   99.00    
  200   80  4.8661E-03  0.1142    
  200   81  4.8585E-03  0.1141    
  200   82  4.7735E-03  0.1147    
  200   83  2.9978E-03  0.1630    
  200   84   0.000       0.000    
  200   85   0.000       0.000    
  200   86   0.000       0.000    
  199   76   0.000       0.000    
  199   77   0.000       0.000    
  199   78   0.000       0.000    
  199   79  9.0000E-08   35.65    
  199   80  2.3384E-03  0.2108    
  199   81  2.3301E-03  0.2109    
  199   82  2.2421E-03  0.2188    
  199   83  1.5872E-03  0.2479    
  199   84   0.000       0.000    
  199   85   0.000       0.000    
  199   86   0.000       0.000    
  198   76   0.000       0.000    
  198   77   0.000       0.000    
  198   78   0.000       0.000    
  198   79  4.0000E-08   49.24    
  198   80  8.7208E-04  0.3272    
  198   81  7.4951E-04  0.3553    
  198   82  6.7271E-04  0.3936    
  198   83  3.7934E-04  0.4886    
  198   84   0.000       0.000    
  198   85   0.000       0.000    
  198   86   0.000       0.000    
  197   76   0.000       0.000    
  197   77   0.000       0.000    
  197   78  1.0000E-08   99.00    
  197   79  2.1690E-04  0.7306    
  197   80  2.1671E-04  0.7289    
  197   81  2.0694E-04  0.7359    
  197   82  1.2526E-04   1.042    
  197   83  6.9450E-05   1.410    
  197   84   0.000       0.000    
  197   85   0.000       0.000    
  197   86   0.000       0.000    
  196   76   0.000       0.000    
  196   77   0.000       0.000    
  196   78  1.8333E-07   21.99    
  196   79  1.8000E-07   22.86    
  196   80  7.5017E-05   1.135    
  196   81  6.6030E-05   1.255    
  196   82  2.3120E-05   2.052    
  196   83  8.7200E-06   3.450    
  196   84   0.000       0.000    
  196   85   0.000       0.000    
  196   86   0.000       0.000    
  195   76   0.000       0.000    
  195   77   0.000       0.000    
  195   78  2.7960E-05   1.997    
  195   79  2.7950E-05   1.997    
  195   80  2.7560E-05   2.042    
  195   81  2.4050E-05   2.178    
  195   82  1.6100E-06   9.042    
  195   83  3.3000E-07   16.71    
  195   84   0.000       0.000    
  195   85   0.000       0.000    
  195   86   0.000       0.000    
  194   76   0.000       0.000    
  194   77  1.0000E-08   99.00    
  194   78  5.9200E-06   3.786    
  194   79  5.9000E-06   3.820    
  194   80  5.5500E-06   3.929    
  194   81  4.0000E-06   4.633    
  194   82  1.0000E-07   30.15    
  194   83   0.000       0.000    
  194   84   0.000       0.000    
  194   85   0.000       0.000    
  194   86   0.000       0.000    
  193   76   0.000       0.000    
  193   77  1.6900E-06   7.171    
  193   78  1.6900E-06   7.171    
  193   79  1.6800E-06   7.223    
  193   80  1.3600E-06   8.395    
  193   81  1.1000E-06   9.451    
  193   82   0.000       0.000    
  193   83   0.000       0.000    
  193   84   0.000       0.000    
  193   85   0.000       0.000    
  193   86   0.000       0.000    
  192   76   0.000       0.000    
  192   77   0.000       0.000    
  192   78  2.6000E-07   18.63    
  192   79  2.6000E-07   18.63    
  192   80  1.5000E-07   25.73    
  192   81  4.0000E-08   49.24    
  192   82   0.000       0.000    
  192   83   0.000       0.000    
  192   84   0.000       0.000    
  192   85   0.000       0.000    
  192   86   0.000       0.000    
  191   76   0.000       0.000    
  191   77  9.0000E-08   31.96    
  191   78  9.0000E-08   31.96    
  191   79  8.0000E-08   34.08    
  191   80  2.0000E-08   70.35    
  191   81   0.000       0.000    
  191   82   0.000       0.000    
  191   83   0.000       0.000    
  191   84   0.000       0.000    
  191   85   0.000       0.000    
  191   86   0.000       0.000    
  190   76  2.0000E-08   70.35    
  190   77  2.0000E-08   70.35    
  190   78  4.0000E-08   49.24    
  190   79  3.0000E-08   57.15    
  190   80   0.000       0.000    
  190   81   0.000       0.000    
  190   82   0.000       0.000    
  190   83   0.000       0.000    
  190   84   0.000       0.000    
  190   85   0.000       0.000    
  190   86   0.000       0.000    
  189   76  3.0000E-08   57.15    
  189   77  3.0000E-08   57.15    
  189   78  1.0000E-08   99.00    
  189   79   0.000       0.000    
  189   80   0.000       0.000    
  189   81   0.000       0.000    
  189   82   0.000       0.000    
  189   83   0.000       0.000    
  189   84   0.000       0.000    
  189   85   0.000       0.000    
  189   86   0.000       0.000    
  188   76  1.0000E-08   99.00    
  188   77  1.0000E-08   99.00    
  188   78   0.000       0.000    
  188   79   0.000       0.000    
  188   80   0.000       0.000    
  188   81   0.000       0.000    
  188   82   0.000       0.000    
  188   83   0.000       0.000    
  188   84   0.000       0.000    
  188   85   0.000       0.000    
  188   86   0.000       0.000    
  187   76  1.0000E-08   99.00    
  187   77  1.0000E-08   99.00    
  187   78   0.000       0.000    
  187   79   0.000       0.000    
  187   80   0.000       0.000    
  187   81   0.000       0.000    
  187   82   0.000       0.000    
  187   83   0.000       0.000    
  187   84   0.000       0.000    
  187   85   0.000       0.000    
  187   86   0.000       0.000    
  186   76  4.0000E-08   49.24    
  186   77   0.000       0.000    
  186   78   0.000       0.000    
  186   79   0.000       0.000    
  186   80   0.000       0.000    
  186   81   0.000       0.000    
  186   82   0.000       0.000    
  186   83   0.000       0.000    
  186   84   0.000       0.000    
  186   85   0.000       0.000    
  186   86   0.000       0.000    
  182   65   0.000       0.000    
  182   66   0.000       0.000    
  182   67   0.000       0.000    
  182   68   0.000       0.000    
  182   69   0.000       0.000    
  182   70   0.000       0.000    
  182   71   0.000       0.000    
  182   72   0.000       0.000    
  182   73   0.000       0.000    
  182   74  4.0000E-08   49.24    
  182   75   0.000       0.000    
  181   65   0.000       0.000    
  181   66   0.000       0.000    
  181   67   0.000       0.000    
  181   68   0.000       0.000    
  181   69   0.000       0.000    
  181   70   0.000       0.000    
  181   71   0.000       0.000    
  181   72   0.000       0.000    
  181   73   0.000       0.000    
  181   74   0.000       0.000    
  181   75   0.000       0.000    
  180   65   0.000       0.000    
  180   66   0.000       0.000    
  180   67   0.000       0.000    
  180   68   0.000       0.000    
  180   69   0.000       0.000    
  180   70   0.000       0.000    
  180   71   0.000       0.000    
  180   72   0.000       0.000    
  180   73   0.000       0.000    
  180   74   0.000       0.000    
  180   75   0.000       0.000    
  179   65   0.000       0.000    
  179   66   0.000       0.000    
  179   67   0.000       0.000    
  179   68   0.000       0.000    
  179   69   0.000       0.000    
  179   70   0.000       0.000    
  179   71   0.000       0.000    
  179   72  1.0000E-08   99.00    
  179   73  1.0000E-08   99.00    
  179   74   0.000       0.000    
  179   75   0.000       0.000    
  160   54   0.000       0.000    
  160   55   0.000       0.000    
  160   56   0.000       0.000    
  160   57   0.000       0.000    
  160   58   0.000       0.000    
  160   59   0.000       0.000    
  160   60   0.000       0.000    
  160   61   0.000       0.000    
  160   62   0.000       0.000    
  160   63   0.000       0.000    
  160   64  1.0000E-08   99.00    
  159   54   0.000       0.000    
  159   55   0.000       0.000    
  159   56   0.000       0.000    
  159   57   0.000       0.000    
  159   58   0.000       0.000    
  159   59   0.000       0.000    
  159   60   0.000       0.000    
  159   61   0.000       0.000    
  159   62   0.000       0.000    
  159   63   0.000       0.000    
  159   64   0.000       0.000    
  158   54   0.000       0.000    
  158   55   0.000       0.000    
  158   56   0.000       0.000    
  158   57   0.000       0.000    
  158   58   0.000       0.000    
  158   59   0.000       0.000    
  158   60   0.000       0.000    
  158   61   0.000       0.000    
  158   62   0.000       0.000    
  158   63   0.000       0.000    
  158   64   0.000       0.000    
  157   54   0.000       0.000    
  157   55   0.000       0.000    
  157   56   0.000       0.000    
  157   57   0.000       0.000    
  157   58   0.000       0.000    
  157   59   0.000       0.000    
  157   60   0.000       0.000    
  157   61  1.0000E-08   99.00    
  157   62  1.0000E-08   99.00    
  157   63  2.0000E-08   70.35    
  157   64  2.0000E-08   70.35    
  156   54   0.000       0.000    
  156   55   0.000       0.000    
  156   56   0.000       0.000    
  156   57   0.000       0.000    
  156   58   0.000       0.000    
  156   59   0.000       0.000    
  156   60   0.000       0.000    
  156   61   0.000       0.000    
  156   62   0.000       0.000    
  156   63   0.000       0.000    
  156   64   0.000       0.000    
  155   54   0.000       0.000    
  155   55   0.000       0.000    
  155   56   0.000       0.000    
  155   57   0.000       0.000    
  155   58   0.000       0.000    
  155   59   0.000       0.000    
  155   60   0.000       0.000    
  155   61   0.000       0.000    
  155   62   0.000       0.000    
  155   63   0.000       0.000    
  155   64   0.000       0.000    
  154   54   0.000       0.000    
  154   55   0.000       0.000    
  154   56   0.000       0.000    
  154   57   0.000       0.000    
  154   58   0.000       0.000    
  154   59   0.000       0.000    
  154   60   0.000       0.000    
  154   61   0.000       0.000    
  154   62   0.000       0.000    
  154   63   0.000       0.000    
  154   64   0.000       0.000    
  153   54   0.000       0.000    
  153   55   0.000       0.000    
  153   56   0.000       0.000    
  153   57   0.000       0.000    
  153   58   0.000       0.000    
  153   59   0.000       0.000    
  153   60   0.000       0.000    
  153   61  2.0000E-08   70.35    
  153   62  2.0000E-08   70.35    
  153   63  2.0000E-08   70.35    
  153   64   0.000       0.000    
  152   54   0.000       0.000    
  152   55   0.000       0.000    
  152   56   0.000       0.000    
  152   57   0.000       0.000    
  152   58   0.000       0.000    
  152   59   0.000       0.000    
  152   60   0.000       0.000    
  152   61  1.0000E-08   99.00    
  152   62  2.0000E-08   70.35    
  152   63   0.000       0.000    
  152   64   0.000       0.000    
  151   54   0.000       0.000    
  151   55   0.000       0.000    
  151   56   0.000       0.000    
  151   57   0.000       0.000    
  151   58   0.000       0.000    
  151   59   0.000       0.000    
  151   60   0.000       0.000    
  151   61   0.000       0.000    
  151   62  1.0000E-08   99.00    
  151   63  1.0000E-08   99.00    
  151   64   0.000       0.000    
  150   54   0.000       0.000    
  150   55   0.000       0.000    
  150   56   0.000       0.000    
  150   57   0.000       0.000    
  150   58   0.000       0.000    
  150   59   0.000       0.000    
  150   60  1.0000E-08   99.00    
  150   61  2.0000E-08   70.35    
  150   62  3.0000E-08   57.15    
  150   63   0.000       0.000    
  150   64   0.000       0.000    
  149   54   0.000       0.000    
  149   55   0.000       0.000    
  149   56   0.000       0.000    
  149   57   0.000       0.000    
  149   58   0.000       0.000    
  149   59   0.000       0.000    
  149   60   0.000       0.000    
  149   61   0.000       0.000    
  149   62   0.000       0.000    
  149   63   0.000       0.000    
  149   64   0.000       0.000    
  148   54   0.000       0.000    
  148   55   0.000       0.000    
  148   56   0.000       0.000    
  148   57   0.000       0.000    
  148   58   0.000       0.000    
  148   59  1.0000E-08   99.00    
  148   60  2.0000E-08   70.35    
  148   61  2.0000E-08   70.35    
  148   62  2.0000E-08   70.35    
  148   63   0.000       0.000    
  148   64   0.000       0.000    
  147   54   0.000       0.000    
  147   55   0.000       0.000    
  147   56   0.000       0.000    
  147   57   0.000       0.000    
  147   58   0.000       0.000    
  147   59  1.0000E-08   99.00    
  147   60  4.0000E-08   49.24    
  147   61  4.0000E-08   49.24    
  147   62  4.0000E-08   49.24    
  147   63   0.000       0.000    
  147   64   0.000       0.000    
  146   54   0.000       0.000    
  146   55   0.000       0.000    
  146   56   0.000       0.000    
  146   57   0.000       0.000    
  146   58   0.000       0.000    
  146   59  3.0000E-08   57.15    
  146   60  5.0000E-08   43.81    
  146   61   0.000       0.000    
  146   62   0.000       0.000    
  146   63   0.000       0.000    
  146   64   0.000       0.000    
  145   54   0.000       0.000    
  145   55   0.000       0.000    
  145   56   0.000       0.000    
  145   57   0.000       0.000    
  145   58   0.000       0.000    
  145   59  5.0000E-08   43.81    
  145   60  6.0000E-08   39.78    
  145   61   0.000       0.000    
  145   62   0.000       0.000    
  145   63   0.000       0.000    
  145   64   0.000       0.000    
  144   54   0.000       0.000    
  144   55   0.000       0.000    
  144   56  1.0000E-08   99.00    
  144   57  2.0000E-08   70.35    
  144   58  5.0000E-08   52.22    
  144   59  8.0000E-08   38.44    
  144   60  1.2000E-07   31.96    
  144   61   0.000       0.000    
  144   62   0.000       0.000    
  144   63   0.000       0.000    
  144   64   0.000       0.000    
  143   54   0.000       0.000    
  143   55   0.000       0.000    
  143   56   0.000       0.000    
  143   57  1.0000E-08   99.00    
  143   58  8.0000E-08   34.08    
  143   59  1.2000E-07   29.68    
  143   60  1.6000E-07   24.68    
  143   61   0.000       0.000    
  143   62   0.000       0.000    
  143   63   0.000       0.000    
  143   64   0.000       0.000    
  142   54   0.000       0.000    
  142   55   0.000       0.000    
  142   56   0.000       0.000    
  142   57  5.0000E-08   43.81    
  142   58  2.0000E-07   21.32    
  142   59  4.0000E-08   49.24    
  142   60  4.0000E-08   49.24    
  142   61   0.000       0.000    
  142   62   0.000       0.000    
  142   63   0.000       0.000    
  142   64   0.000       0.000    
  141   54   0.000       0.000    
  141   55   0.000       0.000    
  141   56  4.0000E-08   49.24    
  141   57  1.3000E-07   28.21    
  141   58  2.2000E-07   22.91    
  141   59  2.7000E-07   20.29    
  141   60   0.000       0.000    
  141   61   0.000       0.000    
  141   62   0.000       0.000    
  141   63   0.000       0.000    
  141   64   0.000       0.000    
  140   54   0.000       0.000    
  140   55  1.0000E-08   99.00    
  140   56  7.0000E-08   36.63    
  140   57  1.1000E-07   31.37    
  140   58  3.4000E-07   17.84    
  140   59  1.0000E-08   99.00    
  140   60   0.000       0.000    
  140   61   0.000       0.000    
  140   62   0.000       0.000    
  140   63   0.000       0.000    
  140   64   0.000       0.000    
  139   54   0.000       0.000    
  139   55  1.0000E-08   99.00    
  139   56  1.1000E-07   28.59    
  139   57  3.6000E-07   15.04    
  139   58  6.0000E-08   39.78    
  139   59   0.000       0.000    
  139   60   0.000       0.000    
  139   61   0.000       0.000    
  139   62   0.000       0.000    
  139   63   0.000       0.000    
  139   64   0.000       0.000    
  138   54  1.0000E-08   99.00    
  138   55  6.0000E-08   39.78    
  138   56  2.0333E-07   20.96    
  138   57  1.1000E-07   36.31    
  138   58  5.6667E-08   40.14    
  138   59   0.000       0.000    
  138   60   0.000       0.000    
  138   61   0.000       0.000    
  138   62   0.000       0.000    
  138   63   0.000       0.000    
  138   64   0.000       0.000    
  137   54  2.0000E-08   70.35    
  137   55  2.0000E-07   23.57    
  137   56  6.7333E-07   15.62    
  137   57  1.2000E-07   27.22    
  137   58   0.000       0.000    
  137   59   0.000       0.000    
  137   60   0.000       0.000    
  137   61   0.000       0.000    
  137   62   0.000       0.000    
  137   63   0.000       0.000    
  137   64   0.000       0.000    
  136   54  2.0000E-08   70.35    
  136   55  1.4000E-07   26.90    
  136   56  4.7667E-07   13.08    
  136   57  5.0000E-08   43.81    
  136   58  1.0000E-08   99.00    
  136   59   0.000       0.000    
  136   60   0.000       0.000    
  136   61   0.000       0.000    
  136   62   0.000       0.000    
  136   63   0.000       0.000    
  136   64   0.000       0.000    
  135   54  1.8333E-07   22.88    
  135   55  4.9000E-07   14.06    
  135   56  6.4000E-07   11.65    
  135   57  1.0000E-08   99.00    
  135   58   0.000       0.000    
  135   59   0.000       0.000    
  135   60   0.000       0.000    
  135   61   0.000       0.000    
  135   62   0.000       0.000    
  135   63   0.000       0.000    
  135   64   0.000       0.000    
  134   54  3.6000E-07   16.53    
  134   55  3.5000E-07   18.78    
  134   56  5.2000E-07   15.34    
  134   57  1.0000E-08   99.00    
  134   58   0.000       0.000    
  134   59   0.000       0.000    
  134   60   0.000       0.000    
  134   61   0.000       0.000    
  134   62   0.000       0.000    
  134   63   0.000       0.000    
  134   64   0.000       0.000    
  133   54  6.2667E-07   13.06    
  133   55  1.1000E-06   8.811    
  133   56  8.0000E-08   34.08    
  133   57   0.000       0.000    
  133   58   0.000       0.000    
  133   59   0.000       0.000    
  133   60   0.000       0.000    
  133   61   0.000       0.000    
  133   62   0.000       0.000    
  133   63   0.000       0.000    
  133   64   0.000       0.000    
  132   54  1.2967E-06   8.607    
  132   55  2.2000E-07   20.00    
  132   56  2.3333E-08   61.77    
  132   57   0.000       0.000    
  132   58   0.000       0.000    
  132   59   0.000       0.000    
  132   60   0.000       0.000    
  132   61   0.000       0.000    
  132   62   0.000       0.000    
  132   63   0.000       0.000    
  132   64   0.000       0.000    
  131   54  1.7700E-06   7.426    
  131   55  1.9000E-07   24.46    
  131   56   0.000       0.000    
  131   57   0.000       0.000    
  131   58   0.000       0.000    
  131   59   0.000       0.000    
  131   60   0.000       0.000    
  131   61   0.000       0.000    
  131   62   0.000       0.000    
  131   63   0.000       0.000    
  131   64   0.000       0.000    
  130   54  2.0100E-06   6.384    
  130   55  1.0000E-08   99.00    
  130   56   0.000       0.000    
  130   57   0.000       0.000    
  130   58   0.000       0.000    
  130   59   0.000       0.000    
  130   60   0.000       0.000    
  130   61   0.000       0.000    
  130   62   0.000       0.000    
  130   63   0.000       0.000    
  130   64   0.000       0.000    
  129   54  2.5900E-06   5.784    
  129   55  2.0000E-08   70.35    
  129   56   0.000       0.000    
  129   57   0.000       0.000    
  129   58   0.000       0.000    
  129   59   0.000       0.000    
  129   60   0.000       0.000    
  129   61   0.000       0.000    
  129   62   0.000       0.000    
  129   63   0.000       0.000    
  129   64   0.000       0.000    
  128   54  1.1967E-06   8.968    
  128   55  1.0000E-08   99.00    
  128   56   0.000       0.000    
  128   57   0.000       0.000    
  128   58   0.000       0.000    
  128   59   0.000       0.000    
  128   60   0.000       0.000    
  128   61   0.000       0.000    
  128   62   0.000       0.000    
  128   63   0.000       0.000    
  128   64   0.000       0.000    
  127   54  1.0000E-07   30.15    
  127   55   0.000       0.000    
  127   56   0.000       0.000    
  127   57   0.000       0.000    
  127   58   0.000       0.000    
  127   59   0.000       0.000    
  127   60   0.000       0.000    
  127   61   0.000       0.000    
  127   62   0.000       0.000    
  127   63   0.000       0.000    
  127   64   0.000       0.000    
  126   54  2.6333E-07   15.72    
  126   55   0.000       0.000    
  126   56   0.000       0.000    
  126   57   0.000       0.000    
  126   58   0.000       0.000    
  126   59   0.000       0.000    
  126   60   0.000       0.000    
  126   61   0.000       0.000    
  126   62   0.000       0.000    
  126   63   0.000       0.000    
  126   64   0.000       0.000    
  125   54  2.0000E-08   70.35    
  125   55   0.000       0.000    
  125   56   0.000       0.000    
  125   57   0.000       0.000    
  125   58   0.000       0.000    
  125   59   0.000       0.000    
  125   60   0.000       0.000    
  125   61   0.000       0.000    
  125   62   0.000       0.000    
  125   63   0.000       0.000    
  125   64   0.000       0.000    
  135   43   0.000       0.000    
  135   44   0.000       0.000    
  135   45   0.000       0.000    
  135   46   0.000       0.000    
  135   47   0.000       0.000    
  135   48   0.000       0.000    
  135   49   0.000       0.000    
  135   50   0.000       0.000    
  135   51   0.000       0.000    
  135   52   0.000       0.000    
  135   53  3.0000E-08   57.15    
  134   43   0.000       0.000    
  134   44   0.000       0.000    
  134   45   0.000       0.000    
  134   46   0.000       0.000    
  134   47   0.000       0.000    
  134   48   0.000       0.000    
  134   49   0.000       0.000    
  134   50   0.000       0.000    
  134   51   0.000       0.000    
  134   52  1.0000E-08   99.00    
  134   53  6.0000E-08   39.78    
  133   43   0.000       0.000    
  133   44   0.000       0.000    
  133   45   0.000       0.000    
  133   46   0.000       0.000    
  133   47   0.000       0.000    
  133   48   0.000       0.000    
  133   49   0.000       0.000    
  133   50   0.000       0.000    
  133   51   0.000       0.000    
  133   52  2.0000E-08   70.35    
  133   53  2.3000E-07   20.36    
  132   43   0.000       0.000    
  132   44   0.000       0.000    
  132   45   0.000       0.000    
  132   46   0.000       0.000    
  132   47   0.000       0.000    
  132   48   0.000       0.000    
  132   49   0.000       0.000    
  132   50   0.000       0.000    
  132   51   0.000       0.000    
  132   52  7.0000E-08   36.63    
  132   53  3.6000E-07   16.99    
  131   43   0.000       0.000    
  131   44   0.000       0.000    
  131   45   0.000       0.000    
  131   46   0.000       0.000    
  131   47   0.000       0.000    
  131   48   0.000       0.000    
  131   49   0.000       0.000    
  131   50   0.000       0.000    
  131   51  1.0000E-08   99.00    
  131   52  1.2333E-07   29.67    
  131   53  9.6000E-07   9.812    
  130   43   0.000       0.000    
  130   44   0.000       0.000    
  130   45   0.000       0.000    
  130   46   0.000       0.000    
  130   47   0.000       0.000    
  130   48   0.000       0.000    
  130   49   0.000       0.000    
  130   50   0.000       0.000    
  130   51  5.0000E-08   43.81    
  130   52  4.8000E-07   12.73    
  130   53  1.3400E-06   7.591    
  129   43   0.000       0.000    
  129   44   0.000       0.000    
  129   45   0.000       0.000    
  129   46   0.000       0.000    
  129   47   0.000       0.000    
  129   48   0.000       0.000    
  129   49   0.000       0.000    
  129   50   0.000       0.000    
  129   51  2.2000E-07   20.00    
  129   52  8.7667E-07   11.49    
  129   53  2.1800E-06   6.233    
  128   43   0.000       0.000    
  128   44   0.000       0.000    
  128   45   0.000       0.000    
  128   46   0.000       0.000    
  128   47   0.000       0.000    
  128   48   0.000       0.000    
  128   49   0.000       0.000    
  128   50  5.0000E-08   43.81    
  128   51  3.1000E-07   18.16    
  128   52  1.7233E-06   7.382    
  128   53  1.1000E-06   9.091    
  127   43   0.000       0.000    
  127   44   0.000       0.000    
  127   45   0.000       0.000    
  127   46   0.000       0.000    
  127   47   0.000       0.000    
  127   48   0.000       0.000    
  127   49  3.0000E-08   57.15    
  127   50  1.3000E-07   26.00    
  127   51  1.0500E-06   10.69    
  127   52  2.5300E-06   6.676    
  127   53  3.7000E-06   4.972    
  126   43   0.000       0.000    
  126   44   0.000       0.000    
  126   45   0.000       0.000    
  126   46   0.000       0.000    
  126   47   0.000       0.000    
  126   48   0.000       0.000    
  126   49  1.0000E-08   99.00    
  126   50  3.1000E-07   17.58    
  126   51  1.5900E-06   7.584    
  126   52  4.0467E-06   4.602    
  126   53  4.8000E-07   14.04    
  125   43   0.000       0.000    
  125   44   0.000       0.000    
  125   45   0.000       0.000    
  125   46   0.000       0.000    
  125   47   0.000       0.000    
  125   48  1.0000E-08   99.00    
  125   49  9.0000E-08   35.65    
  125   50  5.9000E-07   14.47    
  125   51  3.0000E-06   5.464    
  125   52  5.4067E-06   4.329    
  125   53  3.2000E-07   19.80    
  124   43   0.000       0.000    
  124   44   0.000       0.000    
  124   45   0.000       0.000    
  124   46   0.000       0.000    
  124   47   0.000       0.000    
  124   48  3.0000E-08   57.15    
  124   49  2.6000E-07   21.61    
  124   50  1.9000E-06   7.611    
  124   51  2.4000E-06   6.541    
  124   52  3.9300E-06   5.464    
  124   53  1.2000E-07   29.68    
  123   43   0.000       0.000    
  123   44   0.000       0.000    
  123   45   0.000       0.000    
  123   46   0.000       0.000    
  123   47   0.000       0.000    
  123   48  8.0000E-08   34.08    
  123   49  7.8000E-07   11.46    
  123   50  2.9200E-06   5.955    
  123   51  6.7300E-06   4.122    
  123   52  7.0000E-07   12.43    
  123   53  4.0000E-08   49.24    
  122   43   0.000       0.000    
  122   44   0.000       0.000    
  122   45   0.000       0.000    
  122   46   0.000       0.000    
  122   47  3.0000E-08   57.15    
  122   48  3.2000E-07   17.70    
  122   49  1.6800E-06   8.241    
  122   50  6.0867E-06   4.376    
  122   51  2.0000E-06   7.071    
  122   52  2.2933E-06   6.815    
  122   53   0.000       0.000    
  121   43   0.000       0.000    
  121   44   0.000       0.000    
  121   45   0.000       0.000    
  121   46   0.000       0.000    
  121   47  9.0000E-08   31.96    
  121   48  5.6000E-07   13.02    
  121   49  3.4733E-06   5.331    
  121   50  7.3033E-06   4.025    
  121   51  8.8800E-06   3.822    
  121   52  6.0000E-08   46.30    
  121   53  1.0000E-08   99.00    
  120   43   0.000       0.000    
  120   44   0.000       0.000    
  120   45   0.000       0.000    
  120   46  1.0000E-08   99.00    
  120   47  1.5000E-07   25.73    
  120   48  1.8600E-06   6.963    
  120   49  5.6700E-06   3.916    
  120   50  1.1490E-05   2.652    
  120   51  7.3000E-07   12.29    
  120   52  3.0000E-08   57.15    
  120   53   0.000       0.000    
  119   43   0.000       0.000    
  119   44   0.000       0.000    
  119   45   0.000       0.000    
  119   46  8.0000E-08   34.08    
  119   47  6.2000E-07   12.51    
  119   48  2.6200E-06   6.180    
  119   49  9.1467E-06   3.471    
  119   50  1.2330E-05   2.937    
  119   51  3.7000E-07   15.68    
  119   52  1.0000E-08   99.00    
  119   53   0.000       0.000    
  118   43   0.000       0.000    
  118   44   0.000       0.000    
  118   45  1.0000E-08   99.00    
  118   46  1.2000E-07   27.22    
  118   47  1.4200E-06   8.510    
  118   48  7.2100E-06   3.604    
  118   49  1.3070E-05   2.741    
  118   50  1.5330E-05   2.843    
  118   51  9.0000E-08   31.96    
  118   52   0.000       0.000    
  118   53   0.000       0.000    
  117   43   0.000       0.000    
  117   44   0.000       0.000    
  117   45  2.0000E-08   70.35    
  117   46  2.4000E-07   17.88    
  117   47  3.3933E-06   5.512    
  117   48  9.1800E-06   3.264    
  117   49  1.9760E-05   2.483    
  117   50  1.6927E-05   2.242    
  117   51   0.000       0.000    
  117   52   0.000       0.000    
  117   53   0.000       0.000    
  116   43   0.000       0.000    
  116   44   0.000       0.000    
  116   45  8.0000E-08   34.08    
  116   46  1.2900E-06   9.687    
  116   47  5.4500E-06   4.452    
  116   48  1.5803E-05   2.476    
  116   49  3.2000E-06   5.494    
  116   50  3.4367E-06   5.102    
  116   51   0.000       0.000    
  116   52   0.000       0.000    
  116   53   0.000       0.000    
  115   43   0.000       0.000    
  115   44   0.000       0.000    
  115   45  1.9000E-07   23.29    
  115   46  2.1800E-06   7.416    
  115   47  1.1927E-05   2.782    
  115   48  1.9140E-05   2.262    
  115   49  3.8717E-05   2.175    
  115   50  2.1260E-05   2.111    
  115   51   0.000       0.000    
  115   52   0.000       0.000    
  115   53   0.000       0.000    
  114   43   0.000       0.000    
  114   44  4.0000E-08   49.24    
  114   45  6.7000E-07   11.63    
  114   46  6.2800E-06   4.389    
  114   47  1.6140E-05   2.855    
  114   48  2.3660E-05   2.212    
  114   49  5.4000E-07   13.01    
  114   50  5.5000E-07   13.27    
  114   51   0.000       0.000    
  114   52   0.000       0.000    
  114   53   0.000       0.000    
  113   43   0.000       0.000    
  113   44  7.0000E-08   36.63    
  113   45  2.2100E-06   5.870    
  113   46  9.5800E-06   2.700    
  113   47  2.4120E-05   2.013    
  113   48  2.6093E-05   1.851    
  113   49  2.6310E-05   1.870    
  113   50   0.000       0.000    
  113   51   0.000       0.000    
  113   52   0.000       0.000    
  113   53   0.000       0.000    
  112   43  2.0000E-08   70.35    
  112   44  6.1000E-07   13.57    
  112   45  4.3700E-06   4.709    
  112   46  1.9180E-05   1.990    
  112   47  2.7800E-05   1.828    
  112   48  2.9707E-05   1.808    
  112   49  4.0000E-08   49.24    
  112   50  2.3333E-08   50.78    
  112   51   0.000       0.000    
  112   52   0.000       0.000    
  112   53   0.000       0.000    
  111   43  1.1000E-07   28.59    
  111   44  1.2800E-06   8.889    
  111   45  1.0520E-05   3.289    
  111   46  2.3090E-05   1.939    
  111   47  5.3297E-05   1.831    
  111   48  3.0970E-05   1.849    
  111   49   0.000       0.000    
  111   50   0.000       0.000    
  111   51   0.000       0.000    
  111   52   0.000       0.000    
  111   53   0.000       0.000    
  110   43  3.7000E-07   19.07    
  110   44  4.5000E-06   4.359    
  110   45  1.6690E-05   2.176    
  110   46  3.3990E-05   1.712    
  110   47  3.1000E-06   6.143    
  110   48  3.2600E-06   5.892    
  110   49   0.000       0.000    
  110   50   0.000       0.000    
  110   51   0.000       0.000    
  110   52   0.000       0.000    
  110   53   0.000       0.000    
  109   43  1.3800E-06   8.353    
  109   44  7.7900E-06   3.609    
  109   45  3.1217E-05   1.870    
  109   46  3.5660E-05   1.556    
  109   47  7.2687E-05   1.543    
  109   48  3.0000E-08   57.15    
  109   49   0.000       0.000    
  109   50   0.000       0.000    
  109   51   0.000       0.000    
  109   52   0.000       0.000    
  109   53   0.000       0.000    
  108   43  2.4100E-06   6.160    
  108   44  1.6840E-05   2.530    
  108   45  3.3160E-05   1.551    
  108   46  3.9687E-05   1.504    
  108   47  3.0000E-07   20.92    
  108   48  2.9333E-07   21.01    
  108   49   0.000       0.000    
  108   50   0.000       0.000    
  108   51   0.000       0.000    
  108   52   0.000       0.000    
  108   53   0.000       0.000    
  107   43  8.2000E-06   3.652    
  107   44  2.3370E-05   2.295    
  107   45  4.0170E-05   1.587    
  107   46  4.2370E-05   1.529    
  107   47  4.2440E-05   1.534    
  107   48   0.000       0.000    
  107   49   0.000       0.000    
  107   50   0.000       0.000    
  107   51   0.000       0.000    
  107   52   0.000       0.000    
  107   53   0.000       0.000    
  106   43  1.2680E-05   2.725    
  106   44  3.7610E-05   1.669    
  106   45  4.5550E-05   1.588    
  106   46  4.6340E-05   1.579    
  106   47   0.000       0.000    
  106   48   0.000       0.000    
  106   49   0.000       0.000    
  106   50   0.000       0.000    
  106   51   0.000       0.000    
  106   52   0.000       0.000    
  106   53   0.000       0.000    
  105   43  2.6290E-05   1.861    
  105   44  4.2170E-05   1.573    
  105   45  5.9043E-05   1.549    
  105   46  4.7160E-05   1.522    
  105   47   0.000       0.000    
  105   48   0.000       0.000    
  105   49   0.000       0.000    
  105   50   0.000       0.000    
  105   51   0.000       0.000    
  105   52   0.000       0.000    
  105   53   0.000       0.000    
  104   43  3.2933E-05   1.793    
  104   44  4.8670E-05   1.577    
  104   45  1.2900E-06   9.105    
  104   46  1.3133E-06   9.153    
  104   47   0.000       0.000    
  104   48   0.000       0.000    
  104   49   0.000       0.000    
  104   50   0.000       0.000    
  104   51   0.000       0.000    
  104   52   0.000       0.000    
  104   53   0.000       0.000    
  103   43  4.4247E-05   1.542    
  103   44  5.0067E-05   1.472    
  103   45  1.0048E-04   1.476    
  103   46   0.000       0.000    
  103   47   0.000       0.000    
  103   48   0.000       0.000    
  103   49   0.000       0.000    
  103   50   0.000       0.000    
  103   51   0.000       0.000    
  103   52   0.000       0.000    
  103   53   0.000       0.000    
  102   43  4.8560E-05   1.354    
  102   44  5.2503E-05   1.283    
  102   45  5.0000E-08   52.22    
  102   46  6.6667E-09   70.35    
  102   47   0.000       0.000    
  102   48   0.000       0.000    
  102   49   0.000       0.000    
  102   50   0.000       0.000    
  102   51   0.000       0.000    
  102   52   0.000       0.000    
  102   53   0.000       0.000    
  101   43  4.8323E-05   1.605    
  101   44  4.9103E-05   1.567    
  101   45  1.0000E-08   99.00    
  101   46   0.000       0.000    
  101   47   0.000       0.000    
  101   48   0.000       0.000    
  101   49   0.000       0.000    
  101   50   0.000       0.000    
  101   51   0.000       0.000    
  101   52   0.000       0.000    
  101   53   0.000       0.000    
  100   43  4.3700E-06   5.056    
  100   44  4.7300E-06   4.721    
  100   45   0.000       0.000    
  100   46   0.000       0.000    
  100   47   0.000       0.000    
  100   48   0.000       0.000    
  100   49   0.000       0.000    
  100   50   0.000       0.000    
  100   51   0.000       0.000    
  100   52   0.000       0.000    
  100   53   0.000       0.000    
   99   43  8.7557E-05   1.431    
   99   44  4.7720E-05   1.434    
   99   45   0.000       0.000    
   99   46   0.000       0.000    
   99   47   0.000       0.000    
   99   48   0.000       0.000    
   99   49   0.000       0.000    
   99   50   0.000       0.000    
   99   51   0.000       0.000    
   99   52   0.000       0.000    
   99   53   0.000       0.000    
   98   43  3.8000E-07   17.05    
   98   44  3.9000E-07   17.05    
   98   45   0.000       0.000    
   98   46   0.000       0.000    
   98   47   0.000       0.000    
   98   48   0.000       0.000    
   98   49   0.000       0.000    
   98   50   0.000       0.000    
   98   51   0.000       0.000    
   98   52   0.000       0.000    
   98   53   0.000       0.000    
   97   43  2.1000E-07   22.75    
   97   44  1.0000E-08   99.00    
   97   45   0.000       0.000    
   97   46   0.000       0.000    
   97   47   0.000       0.000    
   97   48   0.000       0.000    
   97   49   0.000       0.000    
   97   50   0.000       0.000    
   97   51   0.000       0.000    
   97   52   0.000       0.000    
   97   53   0.000       0.000    
   96   43  1.0000E-08   99.00    
   96   44   0.000       0.000    
   96   45   0.000       0.000    
   96   46   0.000       0.000    
   96   47   0.000       0.000    
   96   48   0.000       0.000    
   96   49   0.000       0.000    
   96   50   0.000       0.000    
   96   51   0.000       0.000    
   96   52   0.000       0.000    
   96   53   0.000       0.000    
  110   32   0.000       0.000    
  110   33   0.000       0.000    
  110   34   0.000       0.000    
  110   35   0.000       0.000    
  110   36   0.000       0.000    
  110   37   0.000       0.000    
  110   38   0.000       0.000    
  110   39   0.000       0.000    
  110   40   0.000       0.000    
  110   41  1.0000E-08   99.00    
  110   42  3.0000E-08   57.15    
  109   32   0.000       0.000    
  109   33   0.000       0.000    
  109   34   0.000       0.000    
  109   35   0.000       0.000    
  109   36   0.000       0.000    
  109   37   0.000       0.000    
  109   38   0.000       0.000    
  109   39   0.000       0.000    
  109   40   0.000       0.000    
  109   41  1.0000E-08   99.00    
  109   42  3.0000E-08   57.15    
  108   32   0.000       0.000    
  108   33   0.000       0.000    
  108   34   0.000       0.000    
  108   35   0.000       0.000    
  108   36   0.000       0.000    
  108   37   0.000       0.000    
  108   38   0.000       0.000    
  108   39   0.000       0.000    
  108   40   0.000       0.000    
  108   41   0.000       0.000    
  108   42  2.8000E-07   19.71    
  107   32   0.000       0.000    
  107   33   0.000       0.000    
  107   34   0.000       0.000    
  107   35   0.000       0.000    
  107   36   0.000       0.000    
  107   37   0.000       0.000    
  107   38   0.000       0.000    
  107   39   0.000       0.000    
  107   40  1.0000E-08   99.00    
  107   41  6.0000E-08   39.78    
  107   42  6.4000E-07   11.65    
  106   32   0.000       0.000    
  106   33   0.000       0.000    
  106   34   0.000       0.000    
  106   35   0.000       0.000    
  106   36   0.000       0.000    
  106   37   0.000       0.000    
  106   38   0.000       0.000    
  106   39   0.000       0.000    
  106   40  1.0000E-08   99.00    
  106   41  1.3000E-07   26.00    
  106   42  2.2600E-06   5.819    
  105   32   0.000       0.000    
  105   33   0.000       0.000    
  105   34   0.000       0.000    
  105   35   0.000       0.000    
  105   36   0.000       0.000    
  105   37   0.000       0.000    
  105   38   0.000       0.000    
  105   39   0.000       0.000    
  105   40  1.0000E-08   99.00    
  105   41  6.4000E-07   11.86    
  105   42  4.8600E-06   4.436    
  104   32   0.000       0.000    
  104   33   0.000       0.000    
  104   34   0.000       0.000    
  104   35   0.000       0.000    
  104   36   0.000       0.000    
  104   37   0.000       0.000    
  104   38   0.000       0.000    
  104   39   0.000       0.000    
  104   40  9.0000E-08   31.96    
  104   41  1.5000E-06   9.308    
  104   42  1.2943E-05   2.775    
  103   32   0.000       0.000    
  103   33   0.000       0.000    
  103   34   0.000       0.000    
  103   35   0.000       0.000    
  103   36   0.000       0.000    
  103   37   0.000       0.000    
  103   38   0.000       0.000    
  103   39  1.0000E-08   99.00    
  103   40  2.7000E-07   21.61    
  103   41  4.1500E-06   4.979    
  103   42  1.8387E-05   2.268    
  102   32   0.000       0.000    
  102   33   0.000       0.000    
  102   34   0.000       0.000    
  102   35   0.000       0.000    
  102   36   0.000       0.000    
  102   37   0.000       0.000    
  102   38  1.0000E-08   99.00    
  102   39  6.0000E-08   39.78    
  102   40  1.2300E-06   9.589    
  102   41  8.1000E-06   3.368    
  102   42  3.3380E-05   1.719    
  101   32   0.000       0.000    
  101   33   0.000       0.000    
  101   34   0.000       0.000    
  101   35   0.000       0.000    
  101   36   0.000       0.000    
  101   37   0.000       0.000    
  101   38   0.000       0.000    
  101   39  2.3000E-07   21.28    
  101   40  2.2833E-06   7.204    
  101   41  1.6723E-05   2.575    
  101   42  3.6313E-05   1.836    
  100   32   0.000       0.000    
  100   33   0.000       0.000    
  100   34   0.000       0.000    
  100   35   0.000       0.000    
  100   36   0.000       0.000    
  100   37   0.000       0.000    
  100   38   0.000       0.000    
  100   39  5.4000E-07   12.74    
  100   40  5.9633E-06   3.941    
  100   41  2.3823E-05   1.981    
  100   42  4.8243E-05   1.487    
   99   32   0.000       0.000    
   99   33   0.000       0.000    
   99   34   0.000       0.000    
   99   35   0.000       0.000    
   99   36   0.000       0.000    
   99   37   0.000       0.000    
   99   38  8.0000E-08   34.08    
   99   39  1.5500E-06   8.473    
   99   40  9.1100E-06   3.470    
   99   41  3.3257E-05   1.757    
   99   42  4.5640E-05   1.456    
   98   32   0.000       0.000    
   98   33   0.000       0.000    
   98   34   0.000       0.000    
   98   35   0.000       0.000    
   98   36   0.000       0.000    
   98   37   0.000       0.000    
   98   38  3.2000E-07   16.55    
   98   39  2.7700E-06   5.698    
   98   40  1.8333E-05   2.341    
   98   41  3.9203E-05   1.688    
   98   42  4.8793E-05   1.553    
   97   32   0.000       0.000    
   97   33   0.000       0.000    
   97   34   0.000       0.000    
   97   35   0.000       0.000    
   97   36   0.000       0.000    
   97   37  5.0000E-08   43.81    
   97   38  7.2000E-07   12.02    
   97   39  7.4267E-06   4.038    
   97   40  2.5290E-05   1.973    
   97   41  6.9500E-05   1.464    
   97   42  4.9030E-05   1.278    
   96   32   0.000       0.000    
   96   33   0.000       0.000    
   96   34   0.000       0.000    
   96   35   0.000       0.000    
   96   36   0.000       0.000    
   96   37  9.0000E-08   31.96    
   96   38  1.6333E-06   6.719    
   96   39  1.1063E-05   3.098    
   96   40  3.7733E-05   1.612    
   96   41  1.0840E-05   2.768    
   96   42  1.2180E-05   2.550    
   95   32   0.000       0.000    
   95   33   0.000       0.000    
   95   34   0.000       0.000    
   95   35   0.000       0.000    
   95   36  1.0000E-08   99.00    
   95   37  3.5000E-07   16.43    
   95   38  3.1700E-06   5.553    
   95   39  2.1140E-05   2.031    
   95   40  4.0950E-05   1.491    
   95   41  4.6917E-05   1.441    
   95   42  4.6680E-05   1.450    
   94   32   0.000       0.000    
   94   33   0.000       0.000    
   94   34   0.000       0.000    
   94   35  1.0000E-08   99.00    
   94   36  9.6667E-08   32.62    
   94   37  7.9333E-07   12.10    
   94   38  8.7033E-06   3.773    
   94   39  2.8783E-05   1.890    
   94   40  4.5173E-05   1.500    
   94   41  1.4900E-06   8.558    
   94   42  1.5400E-06   8.530    
   93   32   0.000       0.000    
   93   33   0.000       0.000    
   93   34   0.000       0.000    
   93   35   0.000       0.000    
   93   36  1.9333E-07   24.03    
   93   37  2.5000E-06   6.238    
   93   38  1.3377E-05   2.780    
   93   39  3.9743E-05   1.636    
   93   40  4.1597E-05   1.445    
   93   41  8.3703E-05   1.434    
   93   42  1.0000E-08   99.00    
   92   32   0.000       0.000    
   92   33   0.000       0.000    
   92   34   0.000       0.000    
   92   35  2.0000E-08   70.35    
   92   36  5.2333E-07   14.21    
   92   37  4.9100E-06   4.584    
   92   38  2.4070E-05   1.926    
   92   39  3.8520E-05   1.615    
   92   40  4.1830E-05   1.609    
   92   41  9.0000E-08   31.96    
   92   42   0.000       0.000    
   91   32   0.000       0.000    
   91   33   0.000       0.000    
   91   34   0.000       0.000    
   91   35  8.0000E-08   34.08    
   91   36  1.1200E-06   9.407    
   91   37  9.9700E-06   2.776    
   91   38  2.5900E-05   1.800    
   91   39  4.8123E-05   1.601    
   91   40  3.6070E-05   1.560    
   91   41  2.0000E-08   70.35    
   91   42   0.000       0.000    
   90   32   0.000       0.000    
   90   33   0.000       0.000    
   90   34   0.000       0.000    
   90   35  2.4000E-07   19.75    
   90   36  3.1733E-06   5.509    
   90   37  1.5247E-05   2.297    
   90   38  3.2913E-05   1.623    
   90   39  3.6573E-05   1.526    
   90   40  3.6873E-05   1.515    
   90   41   0.000       0.000    
   90   42   0.000       0.000    
   89   32   0.000       0.000    
   89   33   0.000       0.000    
   89   34  3.0000E-08   57.15    
   89   35  6.2000E-07   12.30    
   89   36  5.7900E-06   4.369    
   89   37  2.2170E-05   2.094    
   89   38  3.1710E-05   1.701    
   89   39  3.3447E-05   1.634    
   89   40  2.0000E-08   70.35    
   89   41   0.000       0.000    
   89   42   0.000       0.000    
   88   32   0.000       0.000    
   88   33   0.000       0.000    
   88   34  1.1000E-07   28.59    
   88   35  1.6300E-06   7.928    
   88   36  1.1510E-05   2.550    
   88   37  2.5150E-05   1.635    
   88   38  3.2570E-05   1.644    
   88   39  2.8000E-07   19.71    
   88   40  1.0000E-08   99.00    
   88   41   0.000       0.000    
   88   42   0.000       0.000    
   87   32   0.000       0.000    
   87   33  2.0000E-08   70.35    
   87   34  2.8667E-07   17.72    
   87   35  3.7567E-06   4.646    
   87   36  1.3500E-05   2.460    
   87   37  2.6740E-05   1.838    
   87   38  2.8510E-05   1.803    
   87   39  2.0000E-08   70.35    
   87   40   0.000       0.000    
   87   41   0.000       0.000    
   87   42   0.000       0.000    
   86   32   0.000       0.000    
   86   33   0.000       0.000    
   86   34  9.4333E-07   10.21    
   86   35  5.7433E-06   3.784    
   86   36  2.2493E-05   2.037    
   86   37  5.2900E-06   3.859    
   86   38  5.7600E-06   3.972    
   86   39   0.000       0.000    
   86   40   0.000       0.000    
   86   41   0.000       0.000    
   86   42   0.000       0.000    
   85   32   0.000       0.000    
   85   33  1.2000E-07   29.68    
   85   34  1.6100E-06   7.973    
   85   35  1.1990E-05   2.757    
   85   36  2.3023E-05   2.164    
   85   37  2.2580E-05   2.093    
   85   38  6.0000E-08   39.78    
   85   39   0.000       0.000    
   85   40   0.000       0.000    
   85   41   0.000       0.000    
   85   42   0.000       0.000    
   84   32  2.0000E-08   70.35    
   84   33  3.4000E-07   18.33    
   84   34  5.1900E-06   4.458    
   84   35  1.4010E-05   2.756    
   84   36  2.0567E-05   2.125    
   84   37  3.4000E-07   17.84    
   84   38  3.3333E-09   99.00    
   84   39   0.000       0.000    
   84   40   0.000       0.000    
   84   41   0.000       0.000    
   84   42   0.000       0.000    
   83   32  1.0000E-08   99.00    
   83   33  1.4200E-06   9.184    
   83   34  6.3000E-06   3.627    
   83   35  1.5670E-05   2.249    
   83   36  3.3287E-05   2.212    
   83   37  8.0000E-08   34.08    
   83   38   0.000       0.000    
   83   39   0.000       0.000    
   83   40   0.000       0.000    
   83   41   0.000       0.000    
   83   42   0.000       0.000    
   82   32  1.9667E-07   21.42    
   82   33  2.1067E-06   7.722    
   82   34  1.0617E-05   3.033    
   82   35  4.3000E-06   4.404    
   82   36  1.5717E-05   2.378    
   82   37  1.0000E-08   99.00    
   82   38   0.000       0.000    
   82   39   0.000       0.000    
   82   40   0.000       0.000    
   82   41   0.000       0.000    
   82   42   0.000       0.000    
   81   32  4.8333E-07   15.57    
   81   33  4.8533E-06   4.702    
   81   34  9.9167E-06   3.295    
   81   35  1.2593E-05   2.813    
   81   36  1.6000E-07   27.70    
   81   37   0.000       0.000    
   81   38   0.000       0.000    
   81   39   0.000       0.000    
   81   40   0.000       0.000    
   81   41   0.000       0.000    
   81   42   0.000       0.000    
   80   32  1.5167E-06   7.635    
   80   33  5.7567E-06   4.315    
   80   34  1.0907E-05   2.786    
   80   35  8.2000E-07   10.88    
   80   36  7.9000E-07   11.02    
   80   37   0.000       0.000    
   80   38   0.000       0.000    
   80   39   0.000       0.000    
   80   40   0.000       0.000    
   80   41   0.000       0.000    
   80   42   0.000       0.000    
   79   32  1.9867E-06   7.110    
   79   33  6.8033E-06   3.868    
   79   34  1.5523E-05   3.571    
   79   35  9.0133E-06   3.334    
   79   36   0.000       0.000    
   79   37   0.000       0.000    
   79   38   0.000       0.000    
   79   39   0.000       0.000    
   79   40   0.000       0.000    
   79   41   0.000       0.000    
   79   42   0.000       0.000    
   78   32  3.7100E-06   5.201    
   78   33  6.8200E-06   3.973    
   78   34  8.0300E-06   3.608    
   78   35  6.0000E-08   39.78    
   78   36   0.000       0.000    
   78   37   0.000       0.000    
   78   38   0.000       0.000    
   78   39   0.000       0.000    
   78   40   0.000       0.000    
   78   41   0.000       0.000    
   78   42   0.000       0.000    
   77   32  4.3467E-06   4.644    
   77   33  6.3100E-06   3.912    
   77   34  6.6233E-06   3.743    
   77   35  1.0000E-08   99.00    
   77   36   0.000       0.000    
   77   37   0.000       0.000    
   77   38   0.000       0.000    
   77   39   0.000       0.000    
   77   40   0.000       0.000    
   77   41   0.000       0.000    
   77   42   0.000       0.000    
   76   32  5.1100E-06   4.208    
   76   33  9.1000E-07   10.60    
   76   34  1.0300E-06   9.201    
   76   35   0.000       0.000    
   76   36   0.000       0.000    
   76   37   0.000       0.000    
   76   38   0.000       0.000    
   76   39   0.000       0.000    
   76   40   0.000       0.000    
   76   41   0.000       0.000    
   76   42   0.000       0.000    
   75   32  4.0467E-06   4.601    
   75   33  4.5167E-06   4.410    
   75   34  2.0000E-08   70.35    
   75   35   0.000       0.000    
   75   36   0.000       0.000    
   75   37   0.000       0.000    
   75   38   0.000       0.000    
   75   39   0.000       0.000    
   75   40   0.000       0.000    
   75   41   0.000       0.000    
   75   42   0.000       0.000    
   74   32  4.0000E-06   4.254    
   74   33  1.7000E-07   29.03    
   74   34  7.3333E-08   30.01    
   74   35   0.000       0.000    
   74   36   0.000       0.000    
   74   37   0.000       0.000    
   74   38   0.000       0.000    
   74   39   0.000       0.000    
   74   40   0.000       0.000    
   74   41   0.000       0.000    
   74   42   0.000       0.000    
   73   32  5.6600E-06   5.645    
   73   33  3.0000E-08   57.15    
   73   34   0.000       0.000    
   73   35   0.000       0.000    
   73   36   0.000       0.000    
   73   37   0.000       0.000    
   73   38   0.000       0.000    
   73   39   0.000       0.000    
   73   40   0.000       0.000    
   73   41   0.000       0.000    
   73   42   0.000       0.000    
   72   32  2.8300E-06   6.334    
   72   33   0.000       0.000    
   72   34   0.000       0.000    
   72   35   0.000       0.000    
   72   36   0.000       0.000    
   72   37   0.000       0.000    
   72   38   0.000       0.000    
   72   39   0.000       0.000    
   72   40   0.000       0.000    
   72   41   0.000       0.000    
   72   42   0.000       0.000    
   71   32  5.0000E-08   43.81    
   71   33  1.0000E-08   99.00    
   71   34   0.000       0.000    
   71   35   0.000       0.000    
   71   36   0.000       0.000    
   71   37   0.000       0.000    
   71   38   0.000       0.000    
   71   39   0.000       0.000    
   71   40   0.000       0.000    
   71   41   0.000       0.000    
   71   42   0.000       0.000    
   70   32  1.1000E-07   28.59    
   70   33   0.000       0.000    
   70   34   0.000       0.000    
   70   35   0.000       0.000    
   70   36   0.000       0.000    
   70   37   0.000       0.000    
   70   38   0.000       0.000    
   70   39   0.000       0.000    
   70   40   0.000       0.000    
   70   41   0.000       0.000    
   70   42   0.000       0.000    
   82   21   0.000       0.000    
   82   22   0.000       0.000    
   82   23   0.000       0.000    
   82   24   0.000       0.000    
   82   25   0.000       0.000    
   82   26   0.000       0.000    
   82   27   0.000       0.000    
   82   28   0.000       0.000    
   82   29   0.000       0.000    
   82   30   0.000       0.000    
   82   31  1.0000E-08   99.00    
   81   21   0.000       0.000    
   81   22   0.000       0.000    
   81   23   0.000       0.000    
   81   24   0.000       0.000    
   81   25   0.000       0.000    
   81   26   0.000       0.000    
   81   27   0.000       0.000    
   81   28   0.000       0.000    
   81   29   0.000       0.000    
   81   30   0.000       0.000    
   81   31  4.0000E-08   49.24    
   80   21   0.000       0.000    
   80   22   0.000       0.000    
   80   23   0.000       0.000    
   80   24   0.000       0.000    
   80   25   0.000       0.000    
   80   26   0.000       0.000    
   80   27   0.000       0.000    
   80   28   0.000       0.000    
   80   29   0.000       0.000    
   80   30   0.000       0.000    
   80   31  9.0000E-08   31.96    
   79   21   0.000       0.000    
   79   22   0.000       0.000    
   79   23   0.000       0.000    
   79   24   0.000       0.000    
   79   25   0.000       0.000    
   79   26   0.000       0.000    
   79   27   0.000       0.000    
   79   28   0.000       0.000    
   79   29   0.000       0.000    
   79   30   0.000       0.000    
   79   31  3.0000E-07   18.65    
   78   21   0.000       0.000    
   78   22   0.000       0.000    
   78   23   0.000       0.000    
   78   24   0.000       0.000    
   78   25   0.000       0.000    
   78   26   0.000       0.000    
   78   27   0.000       0.000    
   78   28   0.000       0.000    
   78   29   0.000       0.000    
   78   30  4.0000E-08   49.24    
   78   31  4.9000E-07   15.21    
   77   21   0.000       0.000    
   77   22   0.000       0.000    
   77   23   0.000       0.000    
   77   24   0.000       0.000    
   77   25   0.000       0.000    
   77   26   0.000       0.000    
   77   27   0.000       0.000    
   77   28   0.000       0.000    
   77   29   0.000       0.000    
   77   30  1.5000E-07   23.92    
   77   31  1.4800E-06   7.947    
   76   21   0.000       0.000    
   76   22   0.000       0.000    
   76   23   0.000       0.000    
   76   24   0.000       0.000    
   76   25   0.000       0.000    
   76   26   0.000       0.000    
   76   27   0.000       0.000    
   76   28   0.000       0.000    
   76   29  1.0000E-08   99.00    
   76   30  3.9000E-07   14.98    
   76   31  1.8100E-06   7.098    
   75   21   0.000       0.000    
   75   22   0.000       0.000    
   75   23   0.000       0.000    
   75   24   0.000       0.000    
   75   25   0.000       0.000    
   75   26   0.000       0.000    
   75   27   0.000       0.000    
   75   28   0.000       0.000    
   75   29  8.0000E-08   34.08    
   75   30  5.9667E-07   12.59    
   75   31  2.7767E-06   5.628    
   74   21   0.000       0.000    
   74   22   0.000       0.000    
   74   23   0.000       0.000    
   74   24   0.000       0.000    
   74   25   0.000       0.000    
   74   26   0.000       0.000    
   74   27   0.000       0.000    
   74   28   0.000       0.000    
   74   29  9.0000E-08   31.96    
   74   30  1.1533E-06   9.550    
   74   31  3.1667E-06   5.822    
   73   21   0.000       0.000    
   73   22   0.000       0.000    
   73   23   0.000       0.000    
   73   24   0.000       0.000    
   73   25   0.000       0.000    
   73   26   0.000       0.000    
   73   27   0.000       0.000    
   73   28  1.0000E-08   99.00    
   73   29  3.4000E-07   18.33    
   73   30  1.0800E-06   9.732    
   73   31  2.6600E-06   6.027    
   72   21   0.000       0.000    
   72   22   0.000       0.000    
   72   23   0.000       0.000    
   72   24   0.000       0.000    
   72   25   0.000       0.000    
   72   26   0.000       0.000    
   72   27   0.000       0.000    
   72   28  5.0000E-08   52.22    
   72   29  3.5000E-07   16.43    
   72   30  1.9100E-06   7.808    
   72   31  2.6400E-06   6.583    
   71   21   0.000       0.000    
   71   22   0.000       0.000    
   71   23   0.000       0.000    
   71   24   0.000       0.000    
   71   25   0.000       0.000    
   71   26   0.000       0.000    
   71   27   0.000       0.000    
   71   28  7.0000E-08   36.63    
   71   29  7.1000E-07   13.32    
   71   30  1.7500E-06   8.097    
   71   31  2.3000E-06   6.347    
   70   21   0.000       0.000    
   70   22   0.000       0.000    
   70   23   0.000       0.000    
   70   24   0.000       0.000    
   70   25   0.000       0.000    
   70   26  1.0000E-08   99.00    
   70   27  1.0000E-08   99.00    
   70   28  2.1000E-07   21.72    
   70   29  7.0000E-07   12.43    
   70   30  1.6600E-06   7.621    
   70   31  1.1000E-07   28.59    
   69   21   0.000       0.000    
   69   22   0.000       0.000    
   69   23   0.000       0.000    
   69   24   0.000       0.000    
   69   25   0.000       0.000    
   69   26  1.0000E-08   99.00    
   69   27  7.0000E-08   36.63    
   69   28  3.2000E-07   16.55    
   69   29  1.1900E-06   8.162    
   69   30  1.5200E-06   7.509    
   69   31  1.5800E-06   7.428    
   68   21   0.000       0.000    
   68   22   0.000       0.000    
   68   23   0.000       0.000    
   68   24   0.000       0.000    
   68   25   0.000       0.000    
   68   26   0.000       0.000    
   68   27  1.0000E-07   33.33    
   68   28  5.0000E-07   14.35    
   68   29  8.7000E-07   10.16    
   68   30  1.0400E-06   8.742    
   68   31  2.0000E-08   70.35    
   67   21   0.000       0.000    
   67   22   0.000       0.000    
   67   23   0.000       0.000    
   67   24   0.000       0.000    
   67   25   0.000       0.000    
   67   26   0.000       0.000    
   67   27  1.6000E-07   23.03    
   67   28  3.7000E-07   14.71    
   67   29  6.9000E-07   11.78    
   67   30  7.4000E-07   11.62    
   67   31   0.000       0.000    
   66   21   0.000       0.000    
   66   22   0.000       0.000    
   66   23   0.000       0.000    
   66   24   0.000       0.000    
   66   25   0.000       0.000    
   66   26  9.0000E-08   31.96    
   66   27  2.5000E-07   19.17    
   66   28  6.2000E-07   12.30    
   66   29  7.5000E-07   10.78    
   66   30  7.6000E-07   10.76    
   66   31   0.000       0.000    
   65   21   0.000       0.000    
   65   22   0.000       0.000    
   65   23   0.000       0.000    
   65   24   0.000       0.000    
   65   25  1.0000E-08   99.00    
   65   26  2.0000E-08   70.35    
   65   27  3.3000E-07   17.26    
   65   28  5.2000E-07   13.24    
   65   29  5.7000E-07   12.28    
   65   30   0.000       0.000    
   65   31   0.000       0.000    
   64   21   0.000       0.000    
   64   22   0.000       0.000    
   64   23   0.000       0.000    
   64   24   0.000       0.000    
   64   25   0.000       0.000    
   64   26  1.7000E-07   23.73    
   64   27  3.2000E-07   16.55    
   64   28  4.5667E-07   14.70    
   64   29  1.0000E-08   99.00    
   64   30  3.3333E-09   99.00    
   64   31   0.000       0.000    
   63   21   0.000       0.000    
   63   22   0.000       0.000    
   63   23   0.000       0.000    
   63   24   0.000       0.000    
   63   25  5.0000E-08   43.81    
   63   26  1.9000E-07   22.06    
   63   27  3.0000E-07   18.65    
   63   28  3.3000E-07   17.26    
   63   29  3.3000E-07   17.26    
   63   30   0.000       0.000    
   63   31   0.000       0.000    
   62   21   0.000       0.000    
   62   22   0.000       0.000    
   62   23   0.000       0.000    
   62   24   0.000       0.000    
   62   25  3.0000E-08   57.15    
   62   26  1.7000E-07   22.21    
   62   27  2.3000E-07   20.36    
   62   28  2.3000E-07   20.36    
   62   29   0.000       0.000    
   62   30   0.000       0.000    
   62   31   0.000       0.000    
   61   21   0.000       0.000    
   61   22   0.000       0.000    
   61   23  1.0000E-08   99.00    
   61   24  6.0000E-08   39.78    
   61   25  1.6000E-07   23.03    
   61   26  2.0000E-07   20.10    
   61   27  2.3000E-07   18.39    
   61   28  2.3000E-07   18.39    
   61   29   0.000       0.000    
   61   30   0.000       0.000    
   61   31   0.000       0.000    
   60   21   0.000       0.000    
   60   22   0.000       0.000    
   60   23   0.000       0.000    
   60   24  1.0000E-08   99.00    
   60   25  1.2000E-07   27.22    
   60   26  1.9000E-07   22.06    
   60   27  3.8000E-07   22.06    
   60   28  1.9000E-07   22.06    
   60   29   0.000       0.000    
   60   30   0.000       0.000    
   60   31   0.000       0.000    
   59   21   0.000       0.000    
   59   22   0.000       0.000    
   59   23  2.0000E-08   70.35    
   59   24  2.0000E-08   70.35    
   59   25  1.2000E-07   27.22    
   59   26  1.6000E-07   23.03    
   59   27  1.6000E-07   23.03    
   59   28   0.000       0.000    
   59   29   0.000       0.000    
   59   30   0.000       0.000    
   59   31   0.000       0.000    
   58   21   0.000       0.000    
   58   22   0.000       0.000    
   58   23   0.000       0.000    
   58   24  9.0000E-08   35.65    
   58   25  1.3000E-07   28.21    
   58   26  1.5000E-07   27.42    
   58   27   0.000       0.000    
   58   28   0.000       0.000    
   58   29   0.000       0.000    
   58   30   0.000       0.000    
   58   31   0.000       0.000    
   57   21   0.000       0.000    
   57   22   0.000       0.000    
   57   23  1.0000E-08   99.00    
   57   24  3.0000E-08   57.15    
   57   25  6.0000E-08   39.78    
   57   26  6.0000E-08   39.78    
   57   27   0.000       0.000    
   57   28   0.000       0.000    
   57   29   0.000       0.000    
   57   30   0.000       0.000    
   57   31   0.000       0.000    
   56   21   0.000       0.000    
   56   22   0.000       0.000    
   56   23  1.0000E-08   99.00    
   56   24  5.0000E-08   43.81    
   56   25  7.0000E-08   36.63    
   56   26  7.0000E-08   36.63    
   56   27   0.000       0.000    
   56   28   0.000       0.000    
   56   29   0.000       0.000    
   56   30   0.000       0.000    
   56   31   0.000       0.000    
   55   21  1.0000E-08   99.00    
   55   22   0.000       0.000    
   55   23  4.0000E-08   49.24    
   55   24  7.0000E-08   41.88    
   55   25  9.0000E-08   35.65    
   55   26   0.000       0.000    
   55   27   0.000       0.000    
   55   28   0.000       0.000    
   55   29   0.000       0.000    
   55   30   0.000       0.000    
   55   31   0.000       0.000    
   54   21   0.000       0.000    
   54   22  1.0000E-08   99.00    
   54   23  1.0000E-08   99.00    
   54   24  3.0000E-08   57.15    
   54   25  1.0000E-08   99.00    
   54   26   0.000       0.000    
   54   27   0.000       0.000    
   54   28   0.000       0.000    
   54   29   0.000       0.000    
   54   30   0.000       0.000    
   54   31   0.000       0.000    
   53   21   0.000       0.000    
   53   22  3.0000E-08   57.15    
   53   23  3.0000E-08   57.15    
   53   24  3.0000E-08   57.15    
   53   25   0.000       0.000    
   53   26   0.000       0.000    
   53   27   0.000       0.000    
   53   28   0.000       0.000    
   53   29   0.000       0.000    
   53   30   0.000       0.000    
   53   31   0.000       0.000    
   52   21  1.0000E-08   99.00    
   52   22  3.0000E-08   57.15    
   52   23  3.0000E-08   57.15    
   52   24  3.0000E-08   57.15    
   52   25   0.000       0.000    
   52   26   0.000       0.000    
   52   27   0.000       0.000    
   52   28   0.000       0.000    
   52   29   0.000       0.000    
   52   30   0.000       0.000    
   52   31   0.000       0.000    
   51   21   0.000       0.000    
   51   22   0.000       0.000    
   51   23  2.0000E-08   70.35    
   51   24   0.000       0.000    
   51   25   0.000       0.000    
   51   26   0.000       0.000    
   51   27   0.000       0.000    
   51   28   0.000       0.000    
   51   29   0.000       0.000    
   51   30   0.000       0.000    
   51   31   0.000       0.000    
   50   21  2.0000E-08   70.35    
   50   22  2.0000E-08   70.35    
   50   23   0.000       0.000    
   50   24   0.000       0.000    
   50   25   0.000       0.000    
   50   26   0.000       0.000    
   50   27   0.000       0.000    
   50   28   0.000       0.000    
   50   29   0.000       0.000    
   50   30   0.000       0.000    
   50   31   0.000       0.000    
   49   21   0.000       0.000    
   49   22   0.000       0.000    
   49   23   0.000       0.000    
   49   24   0.000       0.000    
   49   25   0.000       0.000    
   49   26   0.000       0.000    
   49   27   0.000       0.000    
   49   28   0.000       0.000    
   49   29   0.000       0.000    
   49   30   0.000       0.000    
   49   31   0.000       0.000    
   48   21   0.000       0.000    
   48   22  1.0000E-08   99.00    
   48   23   0.000       0.000    
   48   24   0.000       0.000    
   48   25   0.000       0.000    
   48   26   0.000       0.000    
   48   27   0.000       0.000    
   48   28   0.000       0.000    
   48   29   0.000       0.000    
   48   30   0.000       0.000    
   48   31   0.000       0.000    
   47   21   0.000       0.000    
   47   22   0.000       0.000    
   47   23   0.000       0.000    
   47   24   0.000       0.000    
   47   25   0.000       0.000    
   47   26   0.000       0.000    
   47   27   0.000       0.000    
   47   28   0.000       0.000    
   47   29   0.000       0.000    
   47   30   0.000       0.000    
   47   31   0.000       0.000    
   46   21   0.000       0.000    
   46   22   0.000       0.000    
   46   23   0.000       0.000    
   46   24   0.000       0.000    
   46   25   0.000       0.000    
   46   26   0.000       0.000    
   46   27   0.000       0.000    
   46   28   0.000       0.000    
   46   29   0.000       0.000    
   46   30   0.000       0.000    
   46   31   0.000       0.000    
   45   21  1.0000E-08   99.00    
   45   22   0.000       0.000    
   45   23   0.000       0.000    
   45   24   0.000       0.000    
   45   25   0.000       0.000    
   45   26   0.000       0.000    
   45   27   0.000       0.000    
   45   28   0.000       0.000    
   45   29   0.000       0.000    
   45   30   0.000       0.000    
   45   31   0.000       0.000    
   48   10   0.000       0.000    
   48   11   0.000       0.000    
   48   12   0.000       0.000    
   48   13   0.000       0.000    
   48   14   0.000       0.000    
   48   15   0.000       0.000    
   48   16   0.000       0.000    
   48   17   0.000       0.000    
   48   18   0.000       0.000    
   48   19   0.000       0.000    
   48   20  1.0000E-08   99.00    
   47   10   0.000       0.000    
   47   11   0.000       0.000    
   47   12   0.000       0.000    
   47   13   0.000       0.000    
   47   14   0.000       0.000    
   47   15   0.000       0.000    
   47   16   0.000       0.000    
   47   17   0.000       0.000    
   47   18   0.000       0.000    
   47   19   0.000       0.000    
   47   20   0.000       0.000    
   46   10   0.000       0.000    
   46   11   0.000       0.000    
   46   12   0.000       0.000    
   46   13   0.000       0.000    
   46   14   0.000       0.000    
   46   15   0.000       0.000    
   46   16   0.000       0.000    
   46   17   0.000       0.000    
   46   18   0.000       0.000    
   46   19   0.000       0.000    
   46   20   0.000       0.000    
   45   10   0.000       0.000    
   45   11   0.000       0.000    
   45   12   0.000       0.000    
   45   13   0.000       0.000    
   45   14   0.000       0.000    
   45   15   0.000       0.000    
   45   16   0.000       0.000    
   45   17   0.000       0.000    
   45   18   0.000       0.000    
   45   19  1.0000E-08   99.00    
   45   20  1.0000E-08   99.00    
   44   10   0.000       0.000    
   44   11   0.000       0.000    
   44   12   0.000       0.000    
   44   13   0.000       0.000    
   44   14   0.000       0.000    
   44   15   0.000       0.000    
   44   16   0.000       0.000    
   44   17   0.000       0.000    
   44   18   0.000       0.000    
   44   19   0.000       0.000    
   44   20   0.000       0.000    
   43   10   0.000       0.000    
   43   11   0.000       0.000    
   43   12   0.000       0.000    
   43   13   0.000       0.000    
   43   14   0.000       0.000    
   43   15   0.000       0.000    
   43   16   0.000       0.000    
   43   17   0.000       0.000    
   43   18   0.000       0.000    
   43   19   0.000       0.000    
   43   20   0.000       0.000    
   42   10   0.000       0.000    
   42   11   0.000       0.000    
   42   12   0.000       0.000    
   42   13   0.000       0.000    
   42   14   0.000       0.000    
   42   15   0.000       0.000    
   42   16   0.000       0.000    
   42   17   0.000       0.000    
   42   18   0.000       0.000    
   42   19   0.000       0.000    
   42   20   0.000       0.000    
   41   10   0.000       0.000    
   41   11   0.000       0.000    
   41   12   0.000       0.000    
   41   13   0.000       0.000    
   41   14   0.000       0.000    
   41   15   0.000       0.000    
   41   16   0.000       0.000    
   41   17   0.000       0.000    
   41   18   0.000       0.000    
   41   19   0.000       0.000    
   41   20   0.000       0.000    
   40   10   0.000       0.000    
   40   11   0.000       0.000    
   40   12   0.000       0.000    
   40   13   0.000       0.000    
   40   14   0.000       0.000    
   40   15   0.000       0.000    
   40   16   0.000       0.000    
   40   17   0.000       0.000    
   40   18   0.000       0.000    
   40   19   0.000       0.000    
   40   20   0.000       0.000    
   39   10   0.000       0.000    
   39   11   0.000       0.000    
   39   12   0.000       0.000    
   39   13   0.000       0.000    
   39   14   0.000       0.000    
   39   15   0.000       0.000    
   39   16   0.000       0.000    
   39   17   0.000       0.000    
   39   18   0.000       0.000    
   39   19   0.000       0.000    
   39   20   0.000       0.000    
   38   10   0.000       0.000    
   38   11   0.000       0.000    
   38   12   0.000       0.000    
   38   13   0.000       0.000    
   38   14   0.000       0.000    
   38   15   0.000       0.000    
   38   16   0.000       0.000    
   38   17   0.000       0.000    
   38   18   0.000       0.000    
   38   19   0.000       0.000    
   38   20   0.000       0.000    
   37   10   0.000       0.000    
   37   11   0.000       0.000    
   37   12   0.000       0.000    
   37   13   0.000       0.000    
   37   14   0.000       0.000    
   37   15   0.000       0.000    
   37   16   0.000       0.000    
   37   17   0.000       0.000    
   37   18   0.000       0.000    
   37   19   0.000       0.000    
   37   20   0.000       0.000    
   36   10   0.000       0.000    
   36   11   0.000       0.000    
   36   12   0.000       0.000    
   36   13   0.000       0.000    
   36   14   0.000       0.000    
   36   15   0.000       0.000    
   36   16   0.000       0.000    
   36   17   0.000       0.000    
   36   18   0.000       0.000    
   36   19   0.000       0.000    
   36   20   0.000       0.000    
   35   10   0.000       0.000    
   35   11   0.000       0.000    
   35   12   0.000       0.000    
   35   13   0.000       0.000    
   35   14   0.000       0.000    
   35   15   0.000       0.000    
   35   16   0.000       0.000    
   35   17   0.000       0.000    
   35   18   0.000       0.000    
   35   19   0.000       0.000    
   35   20   0.000       0.000    
   34   10   0.000       0.000    
   34   11   0.000       0.000    
   34   12   0.000       0.000    
   34   13   0.000       0.000    
   34   14   0.000       0.000    
   34   15   0.000       0.000    
   34   16   0.000       0.000    
   34   17   0.000       0.000    
   34   18   0.000       0.000    
   34   19   0.000       0.000    
   34   20   0.000       0.000    
   33   10   0.000       0.000    
   33   11   0.000       0.000    
   33   12   0.000       0.000    
   33   13   0.000       0.000    
   33   14   0.000       0.000    
   33   15   0.000       0.000    
   33   16   0.000       0.000    
   33   17   0.000       0.000    
   33   18   0.000       0.000    
   33   19   0.000       0.000    
   33   20   0.000       0.000    
   32   10   0.000       0.000    
   32   11   0.000       0.000    
   32   12   0.000       0.000    
   32   13   0.000       0.000    
   32   14   0.000       0.000    
   32   15   0.000       0.000    
   32   16   0.000       0.000    
   32   17   0.000       0.000    
   32   18   0.000       0.000    
   32   19   0.000       0.000    
   32   20   0.000       0.000    
   31   10   0.000       0.000    
   31   11   0.000       0.000    
   31   12   0.000       0.000    
   31   13   0.000       0.000    
   31   14   0.000       0.000    
   31   15   0.000       0.000    
   31   16   0.000       0.000    
   31   17   0.000       0.000    
   31   18   0.000       0.000    
   31   19   0.000       0.000    
   31   20   0.000       0.000    
   30   10   0.000       0.000    
   30   11   0.000       0.000    
   30   12   0.000       0.000    
   30   13   0.000       0.000    
   30   14   0.000       0.000    
   30   15   0.000       0.000    
   30   16   0.000       0.000    
   30   17   0.000       0.000    
   30   18   0.000       0.000    
   30   19   0.000       0.000    
   30   20   0.000       0.000    
   29   10   0.000       0.000    
   29   11   0.000       0.000    
   29   12   0.000       0.000    
   29   13   0.000       0.000    
   29   14   0.000       0.000    
   29   15   0.000       0.000    
   29   16   0.000       0.000    
   29   17   0.000       0.000    
   29   18   0.000       0.000    
   29   19   0.000       0.000    
   29   20   0.000       0.000    
   28   10   0.000       0.000    
   28   11   0.000       0.000    
   28   12   0.000       0.000    
   28   13   0.000       0.000    
   28   14   0.000       0.000    
   28   15   0.000       0.000    
   28   16   0.000       0.000    
   28   17   0.000       0.000    
   28   18   0.000       0.000    
   28   19   0.000       0.000    
   28   20   0.000       0.000    
   27   10   0.000       0.000    
   27   11   0.000       0.000    
   27   12   0.000       0.000    
   27   13   0.000       0.000    
   27   14   0.000       0.000    
   27   15   0.000       0.000    
   27   16   0.000       0.000    
   27   17   0.000       0.000    
   27   18   0.000       0.000    
   27   19   0.000       0.000    
   27   20   0.000       0.000    
   26   10   0.000       0.000    
   26   11   0.000       0.000    
   26   12   0.000       0.000    
   26   13   0.000       0.000    
   26   14   0.000       0.000    
   26   15   0.000       0.000    
   26   16   0.000       0.000    
   26   17   0.000       0.000    
   26   18   0.000       0.000    
   26   19   0.000       0.000    
   26   20   0.000       0.000    
   25   10   0.000       0.000    
   25   11   0.000       0.000    
   25   12   0.000       0.000    
   25   13   0.000       0.000    
   25   14   0.000       0.000    
   25   15   0.000       0.000    
   25   16   0.000       0.000    
   25   17   0.000       0.000    
   25   18   0.000       0.000    
   25   19   0.000       0.000    
   25   20   0.000       0.000    
   24   10   0.000       0.000    
   24   11   0.000       0.000    
   24   12   0.000       0.000    
   24   13   0.000       0.000    
   24   14   0.000       0.000    
   24   15   0.000       0.000    
   24   16   0.000       0.000    
   24   17   0.000       0.000    
   24   18   0.000       0.000    
   24   19   0.000       0.000    
   24   20   0.000       0.000    
   23   10  1.0000E-08   99.00    
   23   11  1.0000E-08   99.00    
   23   12   0.000       0.000    
   23   13   0.000       0.000    
   23   14   0.000       0.000    
   23   15   0.000       0.000    
   23   16   0.000       0.000    
   23   17   0.000       0.000    
   23   18   0.000       0.000    
   23   19   0.000       0.000    
   23   20   0.000       0.000    
   14    1   0.000       0.000    
   14    2   0.000       0.000    
   14    3   0.000       0.000    
   14    4   0.000       0.000    
   14    5   0.000       0.000    
   14    6  3.0000E-08   57.15    
   14    7  3.0000E-08   57.15    
   14    8   0.000       0.000    
   14    9   0.000       0.000    
   13    1   0.000       0.000    
   13    2   0.000       0.000    
   13    3   0.000       0.000    
   13    4   0.000       0.000    
   13    5   0.000       0.000    
   13    6  2.0000E-08   70.35    
   13    7   0.000       0.000    
   13    8   0.000       0.000    
   13    9   0.000       0.000    
   12    1   0.000       0.000    
   12    2   0.000       0.000    
   12    3   0.000       0.000    
   12    4   0.000       0.000    
   12    5   0.000       0.000    
   12    6  1.0000E-08   99.00    
   12    7   0.000       0.000    
   12    8   0.000       0.000    
   12    9   0.000       0.000    
   11    1   0.000       0.000    
   11    2   0.000       0.000    
   11    3   0.000       0.000    
   11    4   0.000       0.000    
   11    5  2.0000E-08   70.35    
   11    6   0.000       0.000    
   11    7   0.000       0.000    
   11    8   0.000       0.000    
   11    9   0.000       0.000    
   10    1   0.000       0.000    
   10    2   0.000       0.000    
   10    3   0.000       0.000    
   10    4  2.0000E-08   70.35    
   10    5  2.0000E-08   70.35    
   10    6   0.000       0.000    
   10    7   0.000       0.000    
   10    8   0.000       0.000    
   10    9   0.000       0.000    
    9    1   0.000       0.000    
    9    2   0.000       0.000    
    9    3   0.000       0.000    
    9    4  3.0000E-08   57.15    
    9    5   0.000       0.000    
    9    6   0.000       0.000    
    9    7   0.000       0.000    
    9    8   0.000       0.000    
    9    9   0.000       0.000    
    8    1   0.000       0.000    
    8    2   0.000       0.000    
    8    3   0.000       0.000    
    8    4   0.000       0.000    
    8    5   0.000       0.000    
    8    6   0.000       0.000    
    8    7   0.000       0.000    
    8    8   0.000       0.000    
    8    9   0.000       0.000    
    7    1   0.000       0.000    
    7    2   0.000       0.000    
    7    3  6.0000E-08   39.78    
    7    4   0.000       0.000    
    7    5   0.000       0.000    
    7    6   0.000       0.000    
    7    7   0.000       0.000    
    7    8   0.000       0.000    
    7    9   0.000       0.000    
    6    1   0.000       0.000    
    6    2  9.0000E-08   35.65    
    6    3  9.0000E-08   35.65    
    6    4   0.000       0.000    
    6    5   0.000       0.000    
    6    6   0.000       0.000    
    6    7   0.000       0.000    
    6    8   0.000       0.000    
    6    9   0.000       0.000    
    5    1   0.000       0.000    
    5    2   0.000       0.000    
    5    3   0.000       0.000    
    5    4   0.000       0.000    
    5    5   0.000       0.000    
    5    6   0.000       0.000    
    5    7   0.000       0.000    
    5    8   0.000       0.000    
    5    9   0.000       0.000    
    4    1   0.000       0.000    
    4    2  5.1429E-04  0.4562    
    4    3   0.000       0.000    
    4    4   0.000       0.000    
    4    5   0.000       0.000    
    4    6   0.000       0.000    
    4    7   0.000       0.000    
    4    8   0.000       0.000    
    4    9   0.000       0.000    
    3    1  9.3376E-04  0.3539    
    3    2  9.7407E-04  0.3457    
    3    3   0.000       0.000    
    3    4   0.000       0.000    
    3    5   0.000       0.000    
    3    6   0.000       0.000    
    3    7   0.000       0.000    
    3    8   0.000       0.000    
    3    9   0.000       0.000    
    2    1  3.5415E-03  0.1584    
    2    2   0.000       0.000    
    2    3   0.000       0.000    
    2    4   0.000       0.000    
    2    5   0.000       0.000    
    2    6   0.000       0.000    
    2    7   0.000       0.000    
    2    8   0.000       0.000    
    2    9   0.000       0.000    
    1    1  0.9452      2.5429E-03
    1    2   0.000       0.000    
    1    3   0.000       0.000    
    1    4   0.000       0.000    
    1    5   0.000       0.000    
    1    6   0.000       0.000    
    1    7   0.000       0.000    
    1    8   0.000       0.000    
    1    9   0.000       0.000    
