H3
He8
He6
H5
He3
He4
He7
H2
H6
Li5
Li6
He5
He10
Li9
Li4
Li11
Be10
Li7
Li8
Be15
Be6
Be7
Be8
Be9
Be12
Be13
Be16
B8
Be14
B7
Be11
B14
B15
C8
B9
B11
B10
B12
B13
B17
B19
C10
C11
C13
C14
C9
C16
C18
C12
C17
C15
C19
N13
C20
C22
N11
N12
N14
N16
N17
N15
N21
N23
O15
O14
N19
N18
O16
O17
O18
O19
O20
O12
O13
N22
N20
O22
O23
O26
F15
F14
F17
O25
O24
O21
F16
F19
F18
F20
F22
F21
F23
F24
F27
F28
Ne16
F25
F26
Ne19
F29
Ne22
Ne18
Ne20
Ne17
Ne23
Ne21
Ne25
Ne24
Ne27
Ne31
Ne28
Ne30
Ne34
Na18
Na22
Na23
Na24
Na25
Ne32
Na21
Ne29
Na27
Na20
Na28
Na29
Na34
Na31
Na32
Na30
Na26
Na35
Na33
Mg19
Mg20
Mg22
Mg25
Mg23
Mg26
Mg21
Mg27
Mg24
Mg30
Mg32
Mg28
Mg33
Mg34
Mg29
Mg35
Mg36
Mg31
Al22
Mg37
Al27
Al25
Al26
Al23
Al30
Al24
Al31
Al29
Al28
Al32
Al34
Al37
Al38
Al39
Si22
Si23
Al36
Al33
Al35
Si24
Si25
Si28
Si27
Si26
Si30
Si29
Si32
Si31
Si40
Si34
Si33
Si35
Si39
Si37
Si38
Si36
P28
P31
P33
P32
P30
P34
Si42
Si41
P27
P29
P26
P35
P37
P38
P36
P39
P42
P41
P40
P44
P43
P46
S27
S28
S30
P45
S31
S33
S29
S32
S35
S37
S38
S34
S41
S40
S36
S42
S39
S43
S44
S45
Cl32
Cl33
Cl35
S46
Cl37
Cl31
Cl34
S48
Cl38
Cl36
Cl46
Cl44
Cl45
Cl43
Cl40
Cl41
Cl42
Cl39
Cl47
Cl48
Cl49
Cl50
Cl51
Ar31
Ar34
Ar32
Ar36
Ar33
Ar37
Ar35
Ar39
Ar40
Ar41
Ar42
Ar47
Ar48
Ar43
Ar50
Ar51
Ar45
Ar46
Ar49
Ar44
Ar52
Ar53
K35
K39
K37
K36
K38
K41
K42
K40
K46
K43
K49
K45
K48
K51
K47
K44
K53
K50
K55
K54
K52
Ca35
Ca37
K56
Ca39
Ca36
Ca41
Ca43
Ca44
Ca38
Ca40
Ca42
Ca45
Ca46
Ca47
Ca49
Ca51
Ca53
Ca52
Ca48
Ca54
Ca56
Ca50
Ca57
Ca55
Ca58
Sc41
Sc42
Sc43
Sc45
Sc44
Sc46
Sc40
Sc47
Sc49
Sc48
Sc50
Sc53
Sc52
Sc55
Sc56
Sc57
Sc58
Sc51
Sc54
Sc60
Sc59
Sc61
Ti39
Ti40
Ti41
Ti44
Ti45
Ti46
Ti42
Ti47
Ti48
Ti43
Ti49
Ti54
Ti50
Ti53
Ti51
Ti56
Ti58
Ti57
Ti52
Ti59
Ti55
Ti61
Ti63
V43
V45
V46
V44
Ti60
V47
Ti62
V49
V50
V48
V51
V53
V56
V55
V54
V57
V52
V58
V60
V61
V59
V62
V64
V65
V66
Cr42
V63
Cr43
Cr44
Cr46
Cr45
Cr47
Cr48
Cr50
Cr49
Cr52
Cr53
Cr55
Cr51
Cr58
Cr57
Cr59
Cr54
Cr60
Cr56
Cr61
Cr62
Cr63
Cr64
Cr65
Cr66
Cr68
Mn47
Mn46
Mn49
Mn50
Mn51
Mn54
Mn48
Mn52
Mn56
Mn57
Mn53
Mn55
Mn59
Mn58
Mn60
Mn61
Mn64
Mn65
Mn67
Mn66
Mn62
Mn68
Mn69
Mn63
Mn70
Mn71
Fe45
Fe47
Fe48
Fe49
Fe50
Fe51
Fe46
Fe54
Fe55
Fe52
Fe58
Fe53
Fe60
Fe59
Fe56
Fe57
Fe64
Fe63
Fe62
Fe61
Fe66
Fe67
Fe65
Fe68
Fe70
Fe71
Fe72
Fe69
Fe73
Co51
Co50
Co52
Co53
Fe74
Co54
Co55
Co58
Co56
Co61
Co57
Co63
Co62
Co64
Co60
Co65
Co59
Co67
Co68
Co69
Co66
Co71
Co70
Co73
Co74
Co75
Co76
Co72
Co77
Ni48
Ni49
Ni50
Ni51
Ni52
Ni54
Ni56
Ni53
Ni58
Ni57
Ni59
Ni55
Ni61
Ni62
Ni63
Ni60
Ni64
Ni66
Ni67
Ni68
Ni65
Ni70
Ni69
Ni71
Ni73
Ni72
Ni74
Ni75
Ni78
Ni76
Ni79
Ni77
Cu55
Cu56
Ni80
Cu58
Cu59
Cu63
Cu57
Cu62
Cu65
Cu66
Cu67
Cu64
Cu60
Cu68
Cu69
Cu61
Cu71
Cu70
Cu72
Cu74
Cu73
Cu79
Cu81
Cu78
Zn54
Cu80
Cu77
Cu82
Zn56
Cu75
Zn55
Zn57
Cu76
Zn59
Zn60
Zn58
Zn64
Zn62
Zn65
Zn66
Zn61
Zn67
Zn63
Zn68
Zn69
Zn70
Zn72
Zn73
Zn74
Zn76
Zn78
Zn79
Zn71
Zn81
Zn77
Zn75
Zn83
Zn82
Zn84
Zn85
Zn80
Ga60
Ga63
Ga64
Ga61
Ga69
Ga68
Ga70
Ga62
Ga65
Ga71
Ga67
Ga73
Ga66
Ga72
Ga77
Ga75
Ga78
Ga80
Ga74
Ga84
Ga82
Ga76
Ga79
Ga81
Ga85
Ga83
Ge59
Ga87
Ga86
Ge61
Ge65
Ge66
Ge68
Ge70
Ge60
Ge62
Ge64
Ge69
Ge63
Ge67
Ge71
Ge73
Ge72
Ge76
Ge78
Ge74
Ge79
Ge75
Ge80
Ge82
Ge84
Ge85
Ge83
Ge86
Ge87
Ge77
Ge89
Ge81
Ge88
Ge90
As65
As64
As66
As73
As67
As68
As74
As70
As75
As69
As72
As71
As76
As77
As79
As80
As78
As81
As84
As82
As88
As90
As87
As86
As83
As89
As85
As91
Se64
Se65
Se66
Se68
Se72
Se74
Se67
Se70
Se76
Se75
Se69
Se78
Se80
Se82
Se77
Se81
Se79
Se71
Se73
Se84
Se87
Se88
Se85
Se83
Se89
Se90
Se91
Se86
Se95
Se94
Br70
Br71
Br75
Br79
Br73
Br72
Br78
Br80
Br81
Br77
Br83
Br82
Br74
Br85
Br86
Br84
Br93
Br89
Br91
Br94
Br90
Br95
Br92
Br88
Br96
Br76
Br97
Kr70
Kr69
Kr71
Br98
Br87
Kr73
Kr80
Kr77
Kr75
Kr74
Kr78
Kr81
Kr79
Kr72
Kr82
Kr76
Kr84
Kr86
Kr85
Kr87
Kr83
Kr94
Kr95
Kr90
Kr92
Kr88
Kr96
Kr97
Kr99
Kr101
Kr91
Rb74
Kr98
Rb75
Kr100
Kr93
Kr89
Rb80
Rb76
Rb84
Rb83
Rb85
Rb77
Rb87
Rb86
Rb82
Rb79
Rb88
Rb81
Rb78
Rb89
Rb92
Rb90
Rb99
Rb91
Rb98
Rb101
Rb102
Rb103
Rb94
Rb97
Rb100
Rb93
Sr73
Rb96
Rb95
Sr75
Sr77
Sr78
Sr76
Sr80
Sr82
Sr84
Sr85
Sr88
Sr87
Sr89
Sr74
Sr86
Sr79
Sr83
Sr90
Sr81
Sr92
Sr91
Sr94
Sr96
Sr97
Sr95
Sr103
Sr104
Sr93
Sr98
Sr102
Sr99
Sr105
Sr101
Sr100
Sr106
Y76
Y77
Y78
Sr107
Y81
Y79
Y82
Y87
Y84
Y80
Y89
Y90
Y83
Y88
Y86
Y91
Y85
Y92
Y95
Y93
Y94
Y98
Y104
Y100
Y103
Y96
Y102
Y105
Y101
Y97
Y106
Y99
Y107
Zr78
Y108
Zr81
Zr80
Y109
Zr82
Zr79
Zr86
Zr84
Zr90
Zr88
Zr83
Zr91
Zr92
Zr93
Zr94
Zr85
Zr96
Zr95
Zr87
Zr89
Zr97
Zr100
Zr99
Zr98
Zr104
Zr105
Zr106
Zr101
Zr103
Zr107
Zr102
Zr108
Zr109
Zr110
Zr111
Zr112
Nb82
Nb83
Nb87
Nb85
Nb84
Nb86
Nb89
Nb91
Nb93
Nb92
Nb94
Nb90
Nb96
Nb88
Nb95
Nb97
Nb104
Nb107
Nb105
Nb106
Nb100
Nb103
Nb101
Nb102
Nb108
Nb110
Nb99
Nb112
Nb113
Nb114
Nb115
Nb109
Nb98
Nb111
Mo81
Mo84
Mo85
Mo86
Mo87
Mo89
Mo90
Mo82
Mo88
Mo92
Mo94
Mo91
Mo95
Mo83
Mo93
Mo96
Mo97
Mo98
Mo100
Mo102
Mo104
Mo107
Mo99
Mo108
Mo105
Mo103
Mo106
Mo110
Mo109
Mo112
Mo113
Mo114
Mo111
Mo116
Mo117
Mo101
Mo118
Tc85
Tc86
Tc87
Mo115
Tc89
Tc88
Tc92
Tc90
Tc93
Tc94
Tc97
Tc99
Tc95
Tc98
Tc96
Tc101
Tc91
Tc102
Tc100
Tc103
Tc106
Tc109
Tc108
Tc111
Tc104
Tc113
Tc105
Tc110
Tc107
Tc114
Tc115
Tc119
Tc116
Tc112
Tc120
Tc117
Tc121
Tc118
Ru85
Ru87
Ru88
Ru89
Ru90
Ru86
Ru91
Ru94
Ru92
Ru96
Ru93
Ru98
Ru99
Ru97
Ru100
Ru101
Ru102
Ru104
Ru95
Ru106
Ru103
Ru110
Ru108
Ru112
Ru114
Ru111
Ru107
Ru105
Ru116
Ru115
Ru118
Ru113
Ru120
Ru121
Ru117
Ru109
Ru119
Ru123
Ru124
Rh89
Ru122
Rh91
Rh92
Rh90
Rh94
Rh93
Rh98
Rh95
Rh101
Rh102
Rh99
Rh96
Rh103
Rh104
Rh97
Rh105
Rh100
Rh108
Rh107
Rh109
Rh111
Rh110
Rh115
Rh113
Rh106
Rh114
Rh119
Rh118
Rh120
Rh116
Rh121
Rh117
Rh112
Rh123
Rh122
Rh124
Rh125
Rh127
Pd91
Pd92
Pd93
Pd94
Rh126
Pd96
Pd98
Pd100
Pd102
Pd103
Pd104
Pd95
Pd101
Pd97
Pd105
Pd99
Pd106
Pd108
Pd107
Pd112
Pd109
Pd110
Pd114
Pd113
Pd115
Pd117
Pd116
Pd120
Pd118
Pd121
Pd111
Pd124
Pd119
Pd125
Pd122
Pd123
Pd128
Pd127
Pd126
Ag96
Ag95
Ag94
Ag100
Ag101
Ag99
Ag107
Ag102
Ag103
Ag109
Ag108
Ag106
Ag105
Ag104
Ag111
Ag114
Ag113
Ag98
Ag110
Ag97
Ag112
Ag118
Ag115
Ag120
Ag117
Ag122
Ag119
Ag127
Ag126
Ag123
Ag128
Ag125
Ag129
Ag130
Ag121
Ag124
Ag131
Ag116
Cd96
Cd97
Ag132
Cd102
Cd98
Cd99
Cd106
Cd100
Cd101
Cd104
Cd110
Cd109
Cd107
Cd108
Cd103
Cd114
Cd111
Cd112
Cd113
Cd116
Cd120
Cd118
Cd122
Cd115
Cd124
Cd105
Cd121
Cd117
Cd119
Cd127
Cd128
Cd129
Cd123
Cd126
Cd130
Cd131
Cd132
Cd125
In98
In100
Cd134
Cd133
In101
In99
In103
In111
In109
In113
In105
In107
In104
In112
In106
In110
In114
In115
In117
In119
In102
In118
In123
In121
In116
In120
In122
In125
In124
In131
In130
In133
In126
In128
In134
In127
In129
In132
In135
In108
In136
Sn101
Sn100
In137
Sn106
Sn103
Sn108
Sn110
Sn107
Sn104
Sn111
Sn102
Sn116
Sn115
Sn113
Sn114
Sn105
Sn117
Sn118
Sn109
Sn122
Sn123
Sn124
Sn121
Sn120
Sn119
Sn126
Sn128
Sn132
Sn125
Sn134
Sn135
Sn129
Sn131
Sn130
Sn136
Sn133
Sn137
Sn127
Sn138
Sn139
Sb103
Sb105
Sb106
Sb108
Sb104
Sb107
Sb111
Sb109
Sb110
Sb113
Sb119
Sb120
Sb118
Sb117
Sb115
Sb114
Sb116
Sb112
Sb121
Sb123
Sb122
Sb127
Sb125
Sb126
Sb128
Sb131
Sb124
Sb130
Sb134
Sb135
Sb136
Sb138
Sb129
Sb137
Sb140
Sb133
Sb139
Te105
Te108
Te106
Te110
Sb132
Te111
Te112
Te109
Te107
Te113
Te118
Te116
Te120
Te117
Te115
Te122
Te121
Te119
Te124
Te114
Te126
Te127
Te128
Te123
Te130
Te125
Te129
Te132
Te139
Te137
Te135
Te134
Te136
Te138
Te140
I109
I110
I111
Te141
Te143
I108
Te131
I112
I113
I115
I116
I114
Te133
I117
I125
I123
I126
I118
I119
I120
I127
I122
I124
I121
I128
I129
I131
I136
I137
I133
I134
I130
I140
I141
I142
I135
I139
I143
I144
I145
I138
I132
Xe109
Xe110
Xe112
Xe111
Xe113
Xe114
Xe116
Xe115
Xe117
Xe119
Xe118
Xe122
Xe124
Xe128
Xe126
Xe125
Xe127
Xe130
Xe123
Xe120
Xe129
Xe131
Xe132
Xe133
Xe121
Xe135
Xe136
Xe134
Xe146
Xe137
Xe145
Xe143
Xe138
Xe144
Xe140
Xe147
Cs112
Cs113
Xe142
Cs114
Xe141
Xe139
Cs116
Cs118
Cs122
Cs121
Cs119
Xe148
Cs115
Cs124
Cs117
Cs123
Cs125
Cs131
Cs129
Cs132
Cs120
Cs128
Cs126
Cs130
Cs133
Cs135
Cs134
Cs127
Cs136
Cs137
Cs138
Cs143
Cs142
Cs141
Cs139
Cs148
Cs145
Cs146
Cs147
Cs144
Cs150
Cs149
Cs140
Cs151
Ba114
Ba115
Ba116
Ba117
Ba118
Ba120
Ba119
Ba121
Ba122
Ba123
Ba128
Ba125
Ba126
Ba132
Ba127
Ba130
Ba134
Ba133
Ba136
Ba131
Ba135
Ba138
Ba137
Ba139
Ba124
Ba140
Ba129
Ba142
Ba144
Ba149
Ba145
Ba148
Ba150
Ba141
Ba143
Ba151
Ba152
Ba147
La120
La121
La117
Ba146
La123
La122
La124
La125
La127
La135
La126
La128
La130
La131
La136
La129
La137
La139
La134
La138
La133
La140
La141
La143
La148
La147
La145
La150
La149
La142
La132
La151
La152
La144
La153
Ce121
Ce124
Ce126
Ce123
Ce125
Ce128
Ce127
La146
Ce134
Ce129
Ce132
Ce131
Ce130
Ce136
Ce138
Ce140
Ce137
Ce141
Ce139
Ce142
Ce135
Ce143
Ce146
Ce144
Ce133
Ce150
Ce151
Ce145
Ce149
Ce148
Ce152
Ce154
Ce147
Ce155
Ce153
Pr123
Pr125
Pr122
Pr121
Pr126
Pr124
Pr127
Pr130
Pr128
Pr129
Pr131
Pr135
Pr133
Pr139
Pr140
Pr134
Pr136
Pr137
Pr132
Pr141
Pr138
Pr143
Pr142
Pr145
Pr144
Pr150
Pr148
Pr146
Pr153
Pr154
Pr147
Pr151
Pr149
Pr152
Nd125
Nd126
Pr155
Pr156
Nd127
Nd128
Nd129
Nd130
Nd131
Nd134
Nd138
Nd140
Nd132
Nd135
Nd136
Nd142
Nd143
Nd141
Nd133
Nd144
Nd145
Nd146
Nd137
Nd139
Nd148
Nd147
Nd150
Nd152
Nd157
Nd158
Nd156
Nd155
Nd159
Nd153
Nd161
Nd160
Nd154
Pm128
Pm129
Pm130
Pm131
Nd149
Pm132
Pm134
Pm133
Pm136
Pm135
Pm139
Pm137
Pm141
Pm142
Pm138
Nd151
Pm140
Pm143
Pm144
Pm145
Pm147
Pm146
Pm148
Pm153
Pm149
Pm155
Pm156
Pm157
Pm152
Pm150
Pm158
Pm160
Pm159
Pm161
Pm151
Sm129
Sm131
Sm132
Pm154
Pm162
Sm133
Pm163
Sm134
Sm135
Sm136
Sm137
Sm138
Sm142
Sm144
Sm143
Sm146
Sm148
Sm147
Sm141
Sm140
Sm149
Sm145
Sm139
Sm152
Sm150
Sm156
Sm154
Sm151
Sm155
Sm159
Sm158
Sm161
Sm160
Sm157
Sm153
Sm164
Eu130
Sm165
Eu131
Sm162
Sm163
Eu135
Eu136
Eu137
Eu134
Eu144
Eu138
Eu139
Eu142
Eu140
Eu141
Eu143
Eu147
Eu151
Eu149
Eu153
Eu145
Eu155
Eu150
Eu159
Eu154
Eu156
Eu157
Eu148
Eu158
Eu146
Eu161
Eu160
Eu152
Eu165
Eu162
Eu166
Eu167
Eu163
Eu168
Eu164
Gd135
Gd136
Gd137
Gd139
Gd140
Gd138
Gd146
Gd148
Gd141
Gd143
Gd144
Gd142
Gd150
Gd154
Gd151
Gd149
Gd153
Gd152
Gd156
Gd158
Gd155
Gd160
Gd157
Gd159
Gd162
Gd145
Gd163
Gd164
Gd165
Gd168
Gd161
Gd169
Gd166
Gd167
Tb138
Tb139
Gd170
Tb140
Tb135
Tb143
Tb141
Tb142
Tb144
Tb145
Gd147
Tb146
Tb148
Tb157
Tb155
Tb156
Tb147
Tb159
Tb158
Tb160
Tb151
Tb149
Tb161
Tb162
Tb154
Tb153
Tb163
Tb167
Tb150
Tb165
Tb166
Tb168
Tb170
Tb171
Tb152
Tb169
Dy139
Tb172
Dy143
Tb164
Dy141
Dy142
Dy145
Dy144
Dy148
Dy147
Dy146
Dy150
Dy154
Dy152
Dy156
Dy158
Dy160
Dy159
Dy161
Dy157
Dy151
Dy162
Dy163
Dy149
Dy164
Dy167
Dy168
Dy166
Dy169
Dy165
Dy173
Dy171
Dy172
Ho140
Ho142
Dy155
Ho141
Ho146
Ho144
Ho147
Dy153
Ho145
Ho148
Ho149
Ho151
Ho152
Ho154
Ho153
Ho157
Ho159
Ho155
Ho163
Ho165
Ho161
Ho156
Ho162
Ho164
Ho167
Ho166
Ho158
Ho169
Ho173
Ho168
Ho174
Ho171
Ho172
Ho175
Ho170
Ho176
Er147
Er144
Er145
Er148
Er146
Er152
Er150
Er153
Er156
Er155
Er149
Er154
Er151
Er162
Er160
Er158
Ho150
Er164
Ho160
Er165
Er157
Er163
Er168
Er159
Er166
Er167
Er169
Er170
Er174
Er173
Er161
Er178
Er171
Er172
Er176
Er177
Er175
Tm144
Tm145
Tm146
Tm147
Tm148
Tm149
Tm152
Tm150
Tm155
Tm153
Tm156
Tm154
Tm151
Tm157
Tm160
Tm158
Tm167
Tm159
Tm168
Tm165
Tm170
Tm169
Tm161
Tm171
Tm164
Tm173
Tm163
Tm174
Tm162
Tm172
Tm178
Tm175
Tm166
Tm177
Yb149
Tm179
Tm176
Yb150
Tm181
Yb151
Tm180
Yb152
Yb154
Yb153
Yb158
Yb157
Yb155
Yb156
Yb162
Yb161
Yb160
Yb164
Yb159
Yb168
Yb166
Yb170
Yb173
Yb163
Yb167
Yb171
Yb165
Yb172
Yb169
Yb174
Yb175
Yb176
Yb181
Yb182
Yb183
Yb179
Yb180
Yb185
Yb178
Yb177
Yb184
Lu150
Lu151
Lu152
Lu155
Lu153
Lu156
Lu157
Lu158
Lu159
Lu154
Lu160
Lu161
Lu164
Lu162
Lu163
Lu165
Lu173
Lu171
Lu166
Lu175
Lu174
Lu176
Lu172
Lu178
Lu168
Lu169
Lu179
Lu182
Lu181
Lu180
Lu177
Lu184
Lu183
Lu185
Lu187
Lu188
Hf153
Lu167
Hf155
Lu186
Hf154
Hf156
Hf158
Hf161
Hf157
Hf160
Hf163
Hf162
Hf159
Lu170
Hf164
Hf169
Hf165
Hf166
Hf167
Hf172
Hf174
Hf176
Hf175
Hf170
Hf168
Hf173
Hf178
Hf180
Hf181
Hf177
Hf179
Hf182
Hf171
Hf183
Hf187
Ta155
Ta156
Hf185
Hf186
Hf184
Ta157
Hf190
Ta159
Ta158
Ta162
Ta163
Ta160
Ta165
Ta166
Ta164
Ta167
Ta168
Ta170
Ta169
Ta171
Ta172
Ta177
Ta179
Ta178
Ta180
Ta175
Ta181
Ta173
Ta182
Ta185
Ta174
Ta184
Ta183
Ta188
Ta187
Ta189
Ta190
Ta192
Ta176
Ta191
Ta194
Ta193
W157
Ta186
W159
W160
W161
W162
W158
W163
W164
W165
W166
W170
W168
W167
W169
W171
W176
W173
W172
W178
W175
W180
W179
W174
W181
W184
W183
W177
W185
W182
W188
W186
W191
W189
W193
W187
W195
W196
W190
W194
W197
Re161
Re163
Re164
Re165
Re160
Re162
Re167
Re169
Re166
Re168
Re172
Re170
Re173
Re174
Re175
Re171
Re176
Re177
Re183
Re187
Re185
Re186
Re178
Re181
Re180
Re184
Re179
Re182
Re192
Re194
Re195
Re197
Re189
Re188
Re191
Re196
Re190
Re199
Os161
Re198
Os162
Os163
Os164
Os165
Os166
Os169
Os173
Os171
Os168
Os172
Os167
Os174
Os170
Os176
Os175
Os178
Os177
Os179
Os182
Os186
Os184
Os180
Os188
Os187
Os185
Os189
Os181
Os190
Os191
Os195
Os192
Os196
Os199
Os197
Os183
Os200
Os193
Os194
Os203
Ir164
Ir166
Ir167
Ir169
Ir171
Ir170
Ir173
Ir172
Ir174
Ir177
Os201
Ir178
Os202
Ir179
Ir168
Ir175
Ir181
Ir176
Ir180
Ir182
Ir191
Ir189
Ir183
Ir184
Ir185
Ir192
Ir187
Ir190
Ir186
Ir188
Ir193
Ir199
Ir198
Ir200
Ir201
Ir197
Ir196
Ir202
Ir203
Pt166
Pt167
Pt168
Ir195
Ir194
Ir205
Ir204
Pt171
Pt172
Pt173
Pt175
Pt169
Pt170
Pt174
Pt176
Pt177
Pt178
Pt180
Pt183
Pt181
Pt179
Pt185
Pt184
Pt182
Pt191
Pt190
Pt187
Pt188
Pt189
Pt193
Pt194
Pt192
Pt186
Pt196
Pt198
Pt197
Pt195
Pt199
Pt202
Pt201
Pt200
Pt204
Pt205
Pt206
Pt203
Pt208
Pt207
Au170
Au172
Au173
Au174
Au176
Au177
Au179
Au178
Au182
Au186
Au188
Au184
Au183
Au181
Au180
Au191
Au189
Au195
Au190
Au196
Au198
Au197
Au193
Au199
Au187
Au194
Au203
Au201
Au202
Au205
Au204
Au200
Au206
Au207
Au208
Au209
Au192
Hg173
Au185
Au210
Hg174
Hg171
Hg172
Hg175
Hg178
Hg179
Hg176
Hg177
Hg181
Hg182
Hg180
Hg184
Hg186
Hg192
Hg183
Hg185
Hg188
Hg191
Hg194
Hg190
Hg197
Hg200
Hg199
Hg196
Hg198
Hg201
Hg193
Hg202
Hg195
Hg204
Hg203
Hg205
Hg207
Hg208
Hg210
Hg212
Hg211
Hg206
Hg189
Hg187
Hg213
Hg214
Tl176
Hg216
Tl178
Tl179
Tl181
Tl180
Tl182
Tl185
Hg209
Tl187
Tl188
Hg215
Tl177
Tl183
Tl184
Tl189
Tl186
Tl190
Tl191
Tl193
Tl192
Tl197
Tl196
Tl194
Tl199
Tl203
Tl202
Tl201
Tl205
Tl204
Tl207
Tl211
Tl198
Tl195
Tl210
Tl206
Tl200
Tl209
Tl212
Tl208
Tl215
Tl214
Tl216
Tl217
Pb178
Pb179
Tl213
Pb181
Pb182
Pb180
Pb183
Pb184
Pb186
Pb187
Pb185
Pb190
Pb188
Pb192
Pb193
Pb191
Pb196
Pb198
Pb195
Pb189
Pb194
Pb200
Pb203
Pb201
Pb199
Pb202
Pb204
Pb205
Pb197
Pb210
Pb206
Pb207
Pb211
Pb215
Pb208
Pb209
Pb212
Pb213
Pb216
Pb214
Pb217
Pb218
Pb219
Pb220
Bi187
Bi185
Bi184
Bi188
Bi189
Bi190
Bi186
Bi191
Bi192
Bi193
Bi195
Bi194
Bi196
Bi198
Bi197
Bi199
Bi207
Bi200
Bi202
Bi208
Bi201
Bi205
Bi206
Bi211
Bi209
Bi212
Bi213
Bi203
Bi210
Bi216
Bi204
Bi215
Bi217
Bi220
Bi223
Bi218
Bi224
Po186
Bi219
Bi221
Bi222
Po187
Po188
Po189
Po190
Bi214
Po193
Po192
Po195
Po191
Po196
Po197
Po198
Po194
Po200
Po199
Po204
Po202
Po208
Po207
Po209
Po205
Po210
Po212
Po203
Po201
Po211
Po206
Po213
Po214
Po215
Po216
Po217
Po218
Po219
Po220
Po221
Po222
Po223
Po224
Po225
Po227
At193
At195
At196
Po226
At191
At192
At194
At198
At197
At202
At200
At199
At201
At203
At204
At206
At211
At205
At214
At212
At215
At210
At213
At209
At208
At216
At218
At219
At221
At220
At217
At207
At223
At224
At225
At222
At226
At227
At228
Rn194
Rn193
At229
Rn198
Rn197
Rn199
Rn195
Rn200
Rn201
Rn196
Rn202
Rn203
Rn204
Rn205
Rn206
Rn212
Rn213
Rn210
Rn214
Rn211
Rn215
Rn216
Rn208
Rn207
Rn218
Rn209
Rn222
Rn219
Rn217
Rn224
Rn220
Rn226
Rn229
Rn228
Rn221
Rn230
Fr198
Rn231
Fr197
Fr199
Rn227
Fr201
Fr202
Fr200
Fr203
Fr207
Rn223
Fr205
Rn225
Fr206
Fr208
Fr204
Fr209
Fr211
Fr210
Fr213
Fr215
Fr216
Fr214
Fr217
Fr212
Fr218
Fr221
Fr220
Fr219
Fr222
Fr225
Fr224
Fr223
Fr226
Fr232
Fr230
Fr233
Fr229
Ra201
Ra202
Fr231
Fr227
Ra203
Ra204
Fr228
Ra206
Ra205
Ra208
Ra209
Ra210
Ra207
Ra211
Ra212
Ra214
Ra216
Ra215
Ra213
Ra217
Ra218
Ra219
Ra221
Ra222
Ra220
Ra225
Ra226
Ra228
Ra224
Ra229
Ra227
Ra223
Ra230
Ra234
Ac205
Ac206
Ac208
Ac207
Ra232
Ra233
Ac209
Ac211
Ra231
Ac213
Ac210
Ac217
Ac212
Ac219
Ac218
Ac215
Ac214
Ac216
Ac220
Ac221
Ac222
Ac223
Ac226
Ac232
Ac231
Ac224
Ac227
Ac225
Ac234
Ac233
Ac230
Ac229
Th209
Th211
Th210
Ac235
Ac236
Th208
Ac228
Th213
Th212
Th215
Th216
Th218
Th214
Th221
Th217
Th222
Th220
Th219
Th226
Th223
Th224
Th225
Th228
Th230
Th232
Th234
Th235
Th231
Th237
Th238
Pa211
Th236
Pa214
Th233
Th229
Pa212
Pa213
Th227
Pa215
Pa216
Pa217
Pa218
Pa219
Pa222
Pa223
Pa225
Pa220
Pa226
Pa221
Pa224
Pa227
Pa233
Pa235
Pa232
Pa230
Pa229
Pa231
Pa236
Pa237
Pa239
U216
U217
U221
U222
U218
U223
U219
U224
Pa238
U226
U225
U228
U229
U227
U230
Pa234
U232
Pa228
U231
U234
U237
U235
U236
U238
U240
Np225
U242
Np226
Np227
Np229
Np230
U233
Np228
U239
Np231
Np233
Np235
Np232
Np236
Np234
Np238
Np239
Np243
Np241
Pu228
Np237
Pu229
Np244
Pu230
Pu231
Np242
Np240
Pu232
Pu234
Pu233
Pu235
Pu236
Pu237
Pu238
Pu240
Pu241
Pu242
Pu243
Pu247
Pu246
Am232
Am233
Pu244
Am230
Am234
Pu245
Am236
Pu239
Am235
Am237
Am239
Am240
Am238
Am243
Cm233
Am247
Am241
Am244
Cm234
Am245
Am248
Am242
Cm238
Cm240
Cm241
Cm239
Cm244
Cm242
Cm247
Cm246
Cm245
Am246
Cm243
Cm250
Bk234
Cm248
Cm249
Cm251
Bk237
Bk238
Bk240
Bk241
Bk242
Bk243
Bk246
Bk247
Bk244
Bk249
Bk251
Bk245
Bk248
Cf237
Bk253
Cf238
Cf239
Cf240
Bk250
Cf242
Cf243
Cf241
Cf245
Cf248
Cf247
Cf244
Cf246
Cf249
Cf252
Cf251
Cf250
Cf253
Cf254
Cf256
Es241
Es242
Cf255
Es243
Es244
Es246
Es245
Es247
Es248
Es249
Es251
Fm241
Es257
Es252
Es250
Es255
Es254
Es256
Fm243
Fm244
Fm245
Fm246
Fm247
Es253
Fm248
Fm249
Fm250
Fm252
Fm253
Fm251
Fm254
Fm256
Fm258
Fm257
Fm259
Md245
Md246
Md247
Fm260
Md248
Fm255
Md250
Md251
Md249
Md253
Md254
Md252
Md255
Md257
Md259
Md256
No251
Md258
Md260
No250
No253
No256
No254
No252
No258
No255
No257
No259
No260
No262
Lr256
Lr257
Lr258
Lr259
Lr266
Lr253
Lr252
Lr254
Rf254
Lr255
Lr260
Rf256
Rf255
Rf257
Rf258
Rf259
Rf260
Rf253
Lr261
Lr262
Rf261
Rf263
Rf262
Rf265
Db255
Db257
Db260
Db258
Db259
Db256
Db261
Db263
Db267
Db268
Db270
Sg260
Sg258
Sg259
Db262
Sg262
Sg264
Sg265
Sg261
Sg266
Sg271
Sg269
Bh260
Sg263
Bh261
Bh262
Bh266
Bh267
Bh272
Bh274
Hs264
Bh264
Bh265
Bh270
Hs265
Hs263
Hs266
Hs267
Hs269
Hs268
Hs270
Hs273
Hs275
Hs277
Mt266
Mt268
Mt270
Mt274
Mt276
Mt277
Mt278
Ds267
Ds269
Ds270
Mt275
Ds271
Ds273
Ds277
Ds279
Ds281
Rg272
Rg274
Rg278
Rg279
Rg281
Rg282
Cn281
Cn282
Cn283
Cn284
Rg280
Cn285
Nh282
Nh278
Nh283
Nh284
Nh285
Nh286
Fl284
Fl285
Fl286
Fl287
Fl288
Fl289
Mc287
Mc289
Lv290
Lv291
Lv293
Mc288
Ts294
Mc290
Lv292
Ts293
